This file contains any messages produced by compilers while
running configure, to aid debugging if configure makes a mistake.

It was created by cdi configure 1.5.0, which was
generated by GNU Autoconf 2.66.  Invocation command line was

  $ ./configure --disable-option-checking --prefix=/gpfs/dell2/emc/modeling/save/Dan.Iredell/NCODA/rtofs_glo.v2.0.0/sorc/rtofs_cdo.fd --with-szlib=/gpfs/dell2/emc/modeling/save/Dan.Iredell/NCODA/rtofs_glo.v2.0.0/sorc/rtofs_cdo.fd/szip-2.1 --with-hdf5=/usrx/local/prod/packages/ips/18.0.1/hdf5/1.10.1 --with-netcdf=/usrx/local/prod/packages/ips/18.0.1/netcdf/4.5.0 --with-proj=/gpfs/dell2/emc/modeling/save/Dan.Iredell/NCODA/rtofs_glo.v2.0.0/sorc/rtofs_cdo.fd/proj-4.7.0 --with-jasper=/gpfs/dell2/emc/modeling/save/Dan.Iredell/NCODA/rtofs_glo.v2.0.0/sorc/rtofs_cdo.fd/jasper-1.900.1 --with-grib_api=/gpfs/dell2/emc/modeling/save/Dan.Iredell/NCODA/rtofs_glo.v2.0.0/sorc/rtofs_cdo.fd/grib_api-1.9.8 --enable-grib --enable-netcdf --enable-cgribex --enable-shared SCC=icc CXX=icc --cache-file=/dev/null --srcdir=.

## --------- ##
## Platform. ##
## --------- ##

hostname = v71a1
uname -m = x86_64
uname -r = 3.10.0-862.46.1.el7.x86_64
uname -s = Linux
uname -v = #1 SMP Mon Dec 2 17:50:11 UTC 2019

/usr/bin/uname -p = x86_64
/bin/uname -X     = unknown

/bin/arch              = x86_64
/usr/bin/arch -k       = unknown
/usr/convex/getsysinfo = unknown
/usr/bin/hostinfo      = unknown
/bin/machine           = unknown
/usr/bin/oslevel       = unknown
/bin/universe          = unknown

PATH: /usrx/local/prod/packages/ips/18.0.1/netcdf/4.5.0/bin
PATH: /usrx/local/prod/packages/ips/18.0.1/hdf5/1.10.1
PATH: /usrx/local/prod/intel/2018UP01/advisor_2018/bin64
PATH: /usrx/local/prod/intel/2018UP01/vtune_amplifier_2018/bin64
PATH: /usrx/local/prod/intel/2018UP01/inspector_2018/bin64
PATH: /usrx/local/prod/intel/2018UP01/itac_latest/bin
PATH: /usrx/local/prod/intel/2018UP01/clck_latest/bin/intel64
PATH: /usrx/local/prod/intel/2018UP01/compilers_and_libraries/linux/bin/intel64
PATH: /usrx/local/prod/intel/2018UP01/compilers_and_libraries/linux/mpi/bin64
PATH: /usrx/local/prod/intel/2018UP01/debugger_2018/gdb/targets/intel64/x200/bin
PATH: /usrx/local/prod/intel/2018UP01/debugger_2018/gdb/intel64/bin
PATH: /usr/lib64/qt-3.3/bin
PATH: /usr/local/bin
PATH: /usr/bin
PATH: /usr/local/sbin
PATH: /usr/sbin
PATH: /usr/lpp/mmfs/bin
PATH: /opt/ibutils/bin
PATH: /opt/dell/srvadmin/bin
PATH: /u/Dan.Iredell/.local/bin
PATH: /u/Dan.Iredell/bin


## ----------- ##
## Core tests. ##
## ----------- ##

configure:2690: checking build system type
configure:2704: result: x86_64-unknown-linux-gnu
configure:2724: checking host system type
configure:2737: result: x86_64-unknown-linux-gnu
configure:2811: checking for a BSD-compatible install
configure:2879: result: /usr/bin/install -c
configure:2890: checking whether build environment is sane
configure:2940: result: yes
configure:3081: checking for a thread-safe mkdir -p
configure:3120: result: /usr/bin/mkdir -p
configure:3133: checking for gawk
configure:3149: found /usr/bin/gawk
configure:3160: result: gawk
configure:3171: checking whether make sets $(MAKE)
configure:3193: result: yes
configure:3276: checking whether to enable maintainer-specific portions of Makefiles
configure:3285: result: no
configure:3300: setting up libtool
configure:3348: checking how to print strings
configure:3375: result: printf
configure:3408: checking for style of include used by make
configure:3436: result: GNU
configure:3506: checking for gcc
configure:3522: found /usr/bin/gcc
configure:3533: result: gcc
configure:3762: checking for C compiler version
configure:3771: gcc --version >&5
gcc (GCC) 4.8.5 20150623 (Red Hat 4.8.5-28)
Copyright (C) 2015 Free Software Foundation, Inc.
This is free software; see the source for copying conditions.  There is NO
warranty; not even for MERCHANTABILITY or FITNESS FOR A PARTICULAR PURPOSE.

configure:3782: $? = 0
configure:3771: gcc -v >&5
Using built-in specs.
COLLECT_GCC=gcc
COLLECT_LTO_WRAPPER=/usr/libexec/gcc/x86_64-redhat-linux/4.8.5/lto-wrapper
Target: x86_64-redhat-linux
Configured with: ../configure --prefix=/usr --mandir=/usr/share/man --infodir=/usr/share/info --with-bugurl=http://bugzilla.redhat.com/bugzilla --enable-bootstrap --enable-shared --enable-threads=posix --enable-checking=release --with-system-zlib --enable-__cxa_atexit --disable-libunwind-exceptions --enable-gnu-unique-object --enable-linker-build-id --with-linker-hash-style=gnu --enable-languages=c,c++,objc,obj-c++,java,fortran,ada,go,lto --enable-plugin --enable-initfini-array --disable-libgcj --with-isl=/builddir/build/BUILD/gcc-4.8.5-20150702/obj-x86_64-redhat-linux/isl-install --with-cloog=/builddir/build/BUILD/gcc-4.8.5-20150702/obj-x86_64-redhat-linux/cloog-install --enable-gnu-indirect-function --with-tune=generic --with-arch_32=x86-64 --build=x86_64-redhat-linux
Thread model: posix
gcc version 4.8.5 20150623 (Red Hat 4.8.5-28) (GCC) 
configure:3782: $? = 0
configure:3771: gcc -V >&5
gcc: error: unrecognized command line option '-V'
gcc: fatal error: no input files
compilation terminated.
configure:3782: $? = 4
configure:3771: gcc -qversion >&5
gcc: error: unrecognized command line option '-qversion'
gcc: fatal error: no input files
compilation terminated.
configure:3782: $? = 4
configure:3802: checking whether the C compiler works
configure:3824: gcc    conftest.c  >&5
configure:3828: $? = 0
configure:3876: result: yes
configure:3879: checking for C compiler default output file name
configure:3881: result: a.out
configure:3887: checking for suffix of executables
configure:3894: gcc -o conftest    conftest.c  >&5
configure:3898: $? = 0
configure:3920: result: 
configure:3942: checking whether we are cross compiling
configure:3950: gcc -o conftest    conftest.c  >&5
configure:3954: $? = 0
configure:3961: ./conftest
configure:3965: $? = 0
configure:3980: result: no
configure:3985: checking for suffix of object files
configure:4007: gcc -c   conftest.c >&5
configure:4011: $? = 0
configure:4032: result: o
configure:4036: checking whether we are using the GNU C compiler
configure:4055: gcc -c   conftest.c >&5
configure:4055: $? = 0
configure:4064: result: yes
configure:4073: checking whether gcc accepts -g
configure:4093: gcc -c -g  conftest.c >&5
configure:4093: $? = 0
configure:4134: result: yes
configure:4151: checking for gcc option to accept ISO C89
configure:4215: gcc  -c -g -O2  conftest.c >&5
configure:4215: $? = 0
configure:4228: result: none needed
configure:4250: checking dependency style of gcc
configure:4360: result: gcc3
configure:4375: checking for a sed that does not truncate output
configure:4439: result: /usr/bin/sed
configure:4457: checking for grep that handles long lines and -e
configure:4515: result: /usr/bin/grep
configure:4520: checking for egrep
configure:4582: result: /usr/bin/grep -E
configure:4587: checking for fgrep
configure:4649: result: /usr/bin/grep -F
configure:4684: checking for ld used by gcc
configure:4751: result: /usr/bin/ld
configure:4758: checking if the linker (/usr/bin/ld) is GNU ld
configure:4773: result: yes
configure:4785: checking for BSD- or MS-compatible name lister (nm)
configure:4834: result: /usr/bin/nm -B
configure:4964: checking the name lister (/usr/bin/nm -B) interface
configure:4971: gcc -c -g -O2  conftest.c >&5
configure:4974: /usr/bin/nm -B "conftest.o"
configure:4977: output
0000000000000000 B some_variable
configure:4984: result: BSD nm
configure:4987: checking whether ln -s works
configure:4991: result: yes
configure:4999: checking the maximum length of command line arguments
configure:5124: result: 3458764513820540925
configure:5141: checking whether the shell understands some XSI constructs
configure:5151: result: yes
configure:5155: checking whether the shell understands "+="
configure:5161: result: yes
configure:5196: checking for /usr/bin/ld option to reload object files
configure:5203: result: -r
configure:5272: checking for objdump
configure:5288: found /usr/bin/objdump
configure:5299: result: objdump
configure:5331: checking how to recognize dependent libraries
configure:5533: result: pass_all
configure:5593: checking for ar
configure:5609: found /usr/bin/ar
configure:5620: result: ar
configure:5698: checking for strip
configure:5714: found /usr/bin/strip
configure:5725: result: strip
configure:5797: checking for ranlib
configure:5813: found /usr/bin/ranlib
configure:5824: result: ranlib
configure:5926: checking command to parse /usr/bin/nm -B output from gcc object
configure:6044: gcc -c -g -O2  conftest.c >&5
configure:6047: $? = 0
configure:6051: /usr/bin/nm -B conftest.o \| sed -n -e 's/^.*[ ]\([ABCDGIRSTW][ABCDGIRSTW]*\)[ ][ ]*\([_A-Za-z][_A-Za-z0-9]*\)$/\1 \2 \2/p' \> conftest.nm
configure:6054: $? = 0
configure:6108: gcc -o conftest -g -O2   conftest.c conftstm.o >&5
configure:6111: $? = 0
configure:6149: result: ok
configure:6245: gcc -c -g -O2  conftest.c >&5
configure:6248: $? = 0
configure:6990: checking how to run the C preprocessor
configure:7021: gcc -E  conftest.c
configure:7021: $? = 0
configure:7035: gcc -E  conftest.c
conftest.c:14:28: fatal error: ac_nonexistent.h: No such file or directory
 #include <ac_nonexistent.h>
                            ^
compilation terminated.
configure:7035: $? = 1
configure: failed program was:
| /* confdefs.h */
| #define PACKAGE_NAME "cdi"
| #define PACKAGE_TARNAME "cdi"
| #define PACKAGE_VERSION "1.5.0"
| #define PACKAGE_STRING "cdi 1.5.0"
| #define PACKAGE_BUGREPORT "http://code.zmaw.de/projects/cdi"
| #define PACKAGE_URL ""
| #define USER_NAME "Dan.Iredell"
| #define HOST_NAME "v71a1"
| #define SYSTEM_TYPE "x86_64-unknown-linux-gnu"
| #define PACKAGE "cdi"
| #define VERSION "1.5.0"
| /* end confdefs.h.  */
| #include <ac_nonexistent.h>
configure:7060: result: gcc -E
configure:7080: gcc -E  conftest.c
configure:7080: $? = 0
configure:7094: gcc -E  conftest.c
conftest.c:14:28: fatal error: ac_nonexistent.h: No such file or directory
 #include <ac_nonexistent.h>
                            ^
compilation terminated.
configure:7094: $? = 1
configure: failed program was:
| /* confdefs.h */
| #define PACKAGE_NAME "cdi"
| #define PACKAGE_TARNAME "cdi"
| #define PACKAGE_VERSION "1.5.0"
| #define PACKAGE_STRING "cdi 1.5.0"
| #define PACKAGE_BUGREPORT "http://code.zmaw.de/projects/cdi"
| #define PACKAGE_URL ""
| #define USER_NAME "Dan.Iredell"
| #define HOST_NAME "v71a1"
| #define SYSTEM_TYPE "x86_64-unknown-linux-gnu"
| #define PACKAGE "cdi"
| #define VERSION "1.5.0"
| /* end confdefs.h.  */
| #include <ac_nonexistent.h>
configure:7123: checking for ANSI C header files
configure:7143: gcc -c -g -O2  conftest.c >&5
configure:7143: $? = 0
configure:7216: gcc -o conftest -g -O2   conftest.c  >&5
configure:7216: $? = 0
configure:7216: ./conftest
configure:7216: $? = 0
configure:7227: result: yes
configure:7240: checking for sys/types.h
configure:7240: gcc -c -g -O2  conftest.c >&5
configure:7240: $? = 0
configure:7240: result: yes
configure:7240: checking for sys/stat.h
configure:7240: gcc -c -g -O2  conftest.c >&5
configure:7240: $? = 0
configure:7240: result: yes
configure:7240: checking for stdlib.h
configure:7240: gcc -c -g -O2  conftest.c >&5
configure:7240: $? = 0
configure:7240: result: yes
configure:7240: checking for string.h
configure:7240: gcc -c -g -O2  conftest.c >&5
configure:7240: $? = 0
configure:7240: result: yes
configure:7240: checking for memory.h
configure:7240: gcc -c -g -O2  conftest.c >&5
configure:7240: $? = 0
configure:7240: result: yes
configure:7240: checking for strings.h
configure:7240: gcc -c -g -O2  conftest.c >&5
configure:7240: $? = 0
configure:7240: result: yes
configure:7240: checking for inttypes.h
configure:7240: gcc -c -g -O2  conftest.c >&5
configure:7240: $? = 0
configure:7240: result: yes
configure:7240: checking for stdint.h
configure:7240: gcc -c -g -O2  conftest.c >&5
configure:7240: $? = 0
configure:7240: result: yes
configure:7240: checking for unistd.h
configure:7240: gcc -c -g -O2  conftest.c >&5
configure:7240: $? = 0
configure:7240: result: yes
configure:7254: checking for dlfcn.h
configure:7254: gcc -c -g -O2  conftest.c >&5
configure:7254: $? = 0
configure:7254: result: yes
configure:7440: checking for objdir
configure:7455: result: .libs
configure:7726: checking if gcc supports -fno-rtti -fno-exceptions
configure:7744: gcc -c -g -O2  -fno-rtti -fno-exceptions conftest.c >&5
cc1: warning: command line option '-fno-rtti' is valid for C++/ObjC++ but not for C [enabled by default]
configure:7748: $? = 0
configure:7761: result: no
configure:7781: checking for gcc option to produce PIC
configure:8066: result: -fPIC -DPIC
configure:8078: checking if gcc PIC flag -fPIC -DPIC works
configure:8096: gcc -c -g -O2  -fPIC -DPIC -DPIC conftest.c >&5
configure:8100: $? = 0
configure:8113: result: yes
configure:8137: checking if gcc static flag -static works
configure:8165: result: no
configure:8180: checking if gcc supports -c -o file.o
configure:8201: gcc -c -g -O2  -o out/conftest2.o conftest.c >&5
configure:8205: $? = 0
configure:8227: result: yes
configure:8235: checking if gcc supports -c -o file.o
configure:8282: result: yes
configure:8315: checking whether the gcc linker (/usr/bin/ld -m elf_x86_64) supports shared libraries
configure:9390: result: yes
configure:9427: checking whether -lc should be explicitly linked in
configure:9435: gcc -c -g -O2  conftest.c >&5
configure:9438: $? = 0
configure:9453: gcc -shared conftest.o  -v -Wl,-soname -Wl,conftest -o conftest 2\>\&1 \| /usr/bin/grep  -lc  \>/dev/null 2\>\&1
configure:9456: $? = 0
configure:9470: result: no
configure:9635: checking dynamic linker characteristics
configure:10090: gcc -o conftest -g -O2   -Wl,-rpath -Wl,/foo conftest.c  >&5
configure:10090: $? = 0
configure:10312: result: GNU/Linux ld.so
configure:10419: checking how to hardcode library paths into programs
configure:10444: result: immediate
configure:10984: checking whether stripping libraries is possible
configure:10989: result: yes
configure:11024: checking if libtool supports shared libraries
configure:11026: result: yes
configure:11029: checking whether to build shared libraries
configure:11050: result: yes
configure:11053: checking whether to build static libraries
configure:11057: result: yes
configure:11137: checking for gcc
configure:11164: result: gcc
configure:11186: checking for gcc option to accept ISO C99
configure:11335: gcc  -c -g -O2  conftest.c >&5
conftest.c:76:29: error: expected ';', ',' or ')' before 'text'
 test_restrict (ccp restrict text)
                             ^
conftest.c: In function 'main':
conftest.c:130:18: error: expected '=', ',', ';', 'asm' or '__attribute__' before 'newvar'
   char *restrict newvar = "Another string";
                  ^
conftest.c:130:18: error: 'newvar' undeclared (first use in this function)
conftest.c:130:18: note: each undeclared identifier is reported only once for each function it appears in
conftest.c:140:3: error: 'for' loop initial declarations are only allowed in C99 mode
   for (int i = 0; i < ia->datasize; ++i)
   ^
conftest.c:140:3: note: use option -std=c99 or -std=gnu99 to compile your code
configure:11335: $? = 1
configure: failed program was:
| /* confdefs.h */
| #define PACKAGE_NAME "cdi"
| #define PACKAGE_TARNAME "cdi"
| #define PACKAGE_VERSION "1.5.0"
| #define PACKAGE_STRING "cdi 1.5.0"
| #define PACKAGE_BUGREPORT "http://code.zmaw.de/projects/cdi"
| #define PACKAGE_URL ""
| #define USER_NAME "Dan.Iredell"
| #define HOST_NAME "v71a1"
| #define SYSTEM_TYPE "x86_64-unknown-linux-gnu"
| #define PACKAGE "cdi"
| #define VERSION "1.5.0"
| #define STDC_HEADERS 1
| #define HAVE_SYS_TYPES_H 1
| #define HAVE_SYS_STAT_H 1
| #define HAVE_STDLIB_H 1
| #define HAVE_STRING_H 1
| #define HAVE_MEMORY_H 1
| #define HAVE_STRINGS_H 1
| #define HAVE_INTTYPES_H 1
| #define HAVE_STDINT_H 1
| #define HAVE_UNISTD_H 1
| #define HAVE_DLFCN_H 1
| #define LT_OBJDIR ".libs/"
| /* end confdefs.h.  */
| #include <stdarg.h>
| #include <stdbool.h>
| #include <stdlib.h>
| #include <wchar.h>
| #include <stdio.h>
| 
| // Check varargs macros.  These examples are taken from C99 6.10.3.5.
| #define debug(...) fprintf (stderr, __VA_ARGS__)
| #define showlist(...) puts (#__VA_ARGS__)
| #define report(test,...) ((test) ? puts (#test) : printf (__VA_ARGS__))
| static void
| test_varargs_macros (void)
| {
|   int x = 1234;
|   int y = 5678;
|   debug ("Flag");
|   debug ("X = %d\n", x);
|   showlist (The first, second, and third items.);
|   report (x>y, "x is %d but y is %d", x, y);
| }
| 
| // Check long long types.
| #define BIG64 18446744073709551615ull
| #define BIG32 4294967295ul
| #define BIG_OK (BIG64 / BIG32 == 4294967297ull && BIG64 % BIG32 == 0)
| #if !BIG_OK
|   your preprocessor is broken;
| #endif
| #if BIG_OK
| #else
|   your preprocessor is broken;
| #endif
| static long long int bignum = -9223372036854775807LL;
| static unsigned long long int ubignum = BIG64;
| 
| struct incomplete_array
| {
|   int datasize;
|   double data[];
| };
| 
| struct named_init {
|   int number;
|   const wchar_t *name;
|   double average;
| };
| 
| typedef const char *ccp;
| 
| static inline int
| test_restrict (ccp restrict text)
| {
|   // See if C++-style comments work.
|   // Iterate through items via the restricted pointer.
|   // Also check for declarations in for loops.
|   for (unsigned int i = 0; *(text+i) != '\0'; ++i)
|     continue;
|   return 0;
| }
| 
| // Check varargs and va_copy.
| static void
| test_varargs (const char *format, ...)
| {
|   va_list args;
|   va_start (args, format);
|   va_list args_copy;
|   va_copy (args_copy, args);
| 
|   const char *str;
|   int number;
|   float fnumber;
| 
|   while (*format)
|     {
|       switch (*format++)
| 	{
| 	case 's': // string
| 	  str = va_arg (args_copy, const char *);
| 	  break;
| 	case 'd': // int
| 	  number = va_arg (args_copy, int);
| 	  break;
| 	case 'f': // float
| 	  fnumber = va_arg (args_copy, double);
| 	  break;
| 	default:
| 	  break;
| 	}
|     }
|   va_end (args_copy);
|   va_end (args);
| }
| 
| int
| main ()
| {
| 
|   // Check bool.
|   _Bool success = false;
| 
|   // Check restrict.
|   if (test_restrict ("String literal") == 0)
|     success = true;
|   char *restrict newvar = "Another string";
| 
|   // Check varargs.
|   test_varargs ("s, d' f .", "string", 65, 34.234);
|   test_varargs_macros ();
| 
|   // Check flexible array members.
|   struct incomplete_array *ia =
|     malloc (sizeof (struct incomplete_array) + (sizeof (double) * 10));
|   ia->datasize = 10;
|   for (int i = 0; i < ia->datasize; ++i)
|     ia->data[i] = i * 1.234;
| 
|   // Check named initializers.
|   struct named_init ni = {
|     .number = 34,
|     .name = L"Test wide string",
|     .average = 543.34343,
|   };
| 
|   ni.number = 58;
| 
|   int dynamic_array[ni.number];
|   dynamic_array[ni.number - 1] = 543;
| 
|   // work around unused variable warnings
|   return (!success || bignum == 0LL || ubignum == 0uLL || newvar[0] == 'x'
| 	  || dynamic_array[ni.number - 1] != 543);
| 
|   ;
|   return 0;
| }
configure:11335: gcc -std=gnu99 -c -g -O2  conftest.c >&5
configure:11335: $? = 0
configure:11355: result: -std=gnu99
configure:11416: checking for gfortran
configure:11432: found /usr/bin/gfortran
configure:11443: result: gfortran
configure:11469: checking for Fortran compiler version
configure:11478: gfortran --version >&5
GNU Fortran (GCC) 4.8.5 20150623 (Red Hat 4.8.5-28)
Copyright (C) 2015 Free Software Foundation, Inc.

GNU Fortran comes with NO WARRANTY, to the extent permitted by law.
You may redistribute copies of GNU Fortran
under the terms of the GNU General Public License.
For more information about these matters, see the file named COPYING

configure:11489: $? = 0
configure:11478: gfortran -v >&5
Using built-in specs.
COLLECT_GCC=gfortran
COLLECT_LTO_WRAPPER=/usr/libexec/gcc/x86_64-redhat-linux/4.8.5/lto-wrapper
Target: x86_64-redhat-linux
Configured with: ../configure --prefix=/usr --mandir=/usr/share/man --infodir=/usr/share/info --with-bugurl=http://bugzilla.redhat.com/bugzilla --enable-bootstrap --enable-shared --enable-threads=posix --enable-checking=release --with-system-zlib --enable-__cxa_atexit --disable-libunwind-exceptions --enable-gnu-unique-object --enable-linker-build-id --with-linker-hash-style=gnu --enable-languages=c,c++,objc,obj-c++,java,fortran,ada,go,lto --enable-plugin --enable-initfini-array --disable-libgcj --with-isl=/builddir/build/BUILD/gcc-4.8.5-20150702/obj-x86_64-redhat-linux/isl-install --with-cloog=/builddir/build/BUILD/gcc-4.8.5-20150702/obj-x86_64-redhat-linux/cloog-install --enable-gnu-indirect-function --with-tune=generic --with-arch_32=x86-64 --build=x86_64-redhat-linux
Thread model: posix
gcc version 4.8.5 20150623 (Red Hat 4.8.5-28) (GCC) 
configure:11489: $? = 0
configure:11478: gfortran -V >&5
gfortran: error: unrecognized command line option '-V'
gfortran: fatal error: no input files
compilation terminated.
configure:11489: $? = 4
configure:11478: gfortran -qversion >&5
gfortran: error: unrecognized command line option '-qversion'
gfortran: fatal error: no input files
compilation terminated.
configure:11489: $? = 4
configure:11498: checking whether we are using the GNU Fortran compiler
configure:11511: gfortran -c   conftest.F >&5
configure:11511: $? = 0
configure:11520: result: yes
configure:11526: checking whether gfortran accepts -g
configure:11537: gfortran -c -g  conftest.f >&5
configure:11537: $? = 0
configure:11545: result: yes
configure:11678: checking if libtool supports shared libraries
configure:11680: result: yes
configure:11683: checking whether to build shared libraries
configure:11703: result: yes
configure:11706: checking whether to build static libraries
configure:11710: result: yes
configure:11736: gfortran -c -g -O2  conftest.f >&5
configure:11739: $? = 0
configure:11867: checking for gfortran option to produce PIC
configure:12152: result: -fPIC
configure:12161: checking if gfortran PIC flag -fPIC works
configure:12179: gfortran -c -g -O2 -fPIC  conftest.f >&5
configure:12183: $? = 0
configure:12196: result: yes
configure:12217: checking if gfortran static flag -static works
configure:12245: result: no
configure:12257: checking if gfortran supports -c -o file.o
configure:12278: gfortran -c -g -O2 -o out/conftest2.o  conftest.f >&5
configure:12282: $? = 0
configure:12304: result: yes
configure:12309: checking if gfortran supports -c -o file.o
configure:12356: result: yes
configure:12386: checking whether the gfortran linker (/usr/bin/ld -m elf_x86_64) supports shared libraries
configure:13409: result: yes
configure:13552: checking dynamic linker characteristics
configure:14157: result: GNU/Linux ld.so
configure:14210: checking how to hardcode library paths into programs
configure:14235: result: immediate
configure:14320: checking for g77
configure:14350: result: no
configure:14320: checking for xlf
configure:14350: result: no
configure:14320: checking for f77
configure:14350: result: no
configure:14320: checking for frt
configure:14350: result: no
configure:14320: checking for pgf77
configure:14350: result: no
configure:14320: checking for cf77
configure:14350: result: no
configure:14320: checking for fort77
configure:14350: result: no
configure:14320: checking for fl32
configure:14350: result: no
configure:14320: checking for af77
configure:14350: result: no
configure:14320: checking for xlf90
configure:14350: result: no
configure:14320: checking for f90
configure:14350: result: no
configure:14320: checking for pgf90
configure:14350: result: no
configure:14320: checking for pghpf
configure:14350: result: no
configure:14320: checking for epcf90
configure:14350: result: no
configure:14320: checking for gfortran
configure:14336: found /usr/bin/gfortran
configure:14347: result: gfortran
configure:14373: checking for Fortran 77 compiler version
configure:14382: gfortran --version >&5
GNU Fortran (GCC) 4.8.5 20150623 (Red Hat 4.8.5-28)
Copyright (C) 2015 Free Software Foundation, Inc.

GNU Fortran comes with NO WARRANTY, to the extent permitted by law.
You may redistribute copies of GNU Fortran
under the terms of the GNU General Public License.
For more information about these matters, see the file named COPYING

configure:14393: $? = 0
configure:14382: gfortran -v >&5
Using built-in specs.
COLLECT_GCC=gfortran
COLLECT_LTO_WRAPPER=/usr/libexec/gcc/x86_64-redhat-linux/4.8.5/lto-wrapper
Target: x86_64-redhat-linux
Configured with: ../configure --prefix=/usr --mandir=/usr/share/man --infodir=/usr/share/info --with-bugurl=http://bugzilla.redhat.com/bugzilla --enable-bootstrap --enable-shared --enable-threads=posix --enable-checking=release --with-system-zlib --enable-__cxa_atexit --disable-libunwind-exceptions --enable-gnu-unique-object --enable-linker-build-id --with-linker-hash-style=gnu --enable-languages=c,c++,objc,obj-c++,java,fortran,ada,go,lto --enable-plugin --enable-initfini-array --disable-libgcj --with-isl=/builddir/build/BUILD/gcc-4.8.5-20150702/obj-x86_64-redhat-linux/isl-install --with-cloog=/builddir/build/BUILD/gcc-4.8.5-20150702/obj-x86_64-redhat-linux/cloog-install --enable-gnu-indirect-function --with-tune=generic --with-arch_32=x86-64 --build=x86_64-redhat-linux
Thread model: posix
gcc version 4.8.5 20150623 (Red Hat 4.8.5-28) (GCC) 
configure:14393: $? = 0
configure:14382: gfortran -V >&5
gfortran: error: unrecognized command line option '-V'
gfortran: fatal error: no input files
compilation terminated.
configure:14393: $? = 4
configure:14382: gfortran -qversion >&5
gfortran: error: unrecognized command line option '-qversion'
gfortran: fatal error: no input files
compilation terminated.
configure:14393: $? = 4
configure:14402: checking whether we are using the GNU Fortran 77 compiler
configure:14415: gfortran -c  conftest.F >&5
configure:14415: $? = 0
configure:14424: result: yes
configure:14430: checking whether gfortran accepts -g
configure:14441: gfortran -c -g conftest.f >&5
configure:14441: $? = 0
configure:14449: result: yes
configure:14584: checking if libtool supports shared libraries
configure:14586: result: yes
configure:14589: checking whether to build shared libraries
configure:14609: result: yes
configure:14612: checking whether to build static libraries
configure:14616: result: yes
configure:14630: checking for gfortran option to produce PIC
configure:14915: result: -fPIC
configure:14924: checking if gfortran PIC flag -fPIC works
configure:14942: gfortran -c -g -O2 -fPIC conftest.f >&5
configure:14946: $? = 0
configure:14959: result: yes
configure:14980: checking if gfortran static flag -static works
configure:15008: result: no
configure:15020: checking if gfortran supports -c -o file.o
configure:15041: gfortran -c -g -O2 -o out/conftest2.o conftest.f >&5
configure:15045: $? = 0
configure:15067: result: yes
configure:15072: checking if gfortran supports -c -o file.o
configure:15119: result: yes
configure:15149: checking whether the gfortran linker (/usr/bin/ld -m elf_x86_64) supports shared libraries
configure:16172: result: yes
configure:16315: checking dynamic linker characteristics
configure:16920: result: GNU/Linux ld.so
configure:16973: checking how to hardcode library paths into programs
configure:16998: result: immediate
configure:17073: checking for ranlib
configure:17100: result: ranlib
configure:17234: checking for C++ compiler version
configure:17243: icc --version >&5
icc (ICC) 18.0.1 20171018
Copyright (C) 1985-2017 Intel Corporation.  All rights reserved.

configure:17254: $? = 0
configure:17243: icc -v >&5
icc version 18.0.1 (gcc version 4.8.5 compatibility)
configure:17254: $? = 0
configure:17243: icc -V >&5
Intel(R) C Intel(R) 64 Compiler for applications running on Intel(R) 64, Version 18.0.1.163 Build 20171018
Copyright (C) 1985-2017 Intel Corporation.  All rights reserved.

configure:17254: $? = 0
configure:17243: icc -qversion >&5
icc: command line warning #10006: ignoring unknown option '-qversion'
icc: command line error: no files specified; for help type "icc -help"
configure:17254: $? = 1
configure:17258: checking whether we are using the GNU C++ compiler
configure:17277: icc -c   conftest.cpp >&5
configure:17277: $? = 0
configure:17286: result: yes
configure:17295: checking whether icc accepts -g
configure:17315: icc -c -g  conftest.cpp >&5
configure:17315: $? = 0
configure:17356: result: yes
configure:17381: checking dependency style of icc
configure:17491: result: gcc3
configure:17514: checking how to run the C++ preprocessor
configure:17541: icc -E  conftest.cpp
configure:17541: $? = 0
configure:17555: icc -E  conftest.cpp
conftest.cpp(26): error #2379: cannot open source file "ac_nonexistent.h"
  #include <ac_nonexistent.h>
                             ^

configure:17555: $? = 2
configure: failed program was:
| /* confdefs.h */
| #define PACKAGE_NAME "cdi"
| #define PACKAGE_TARNAME "cdi"
| #define PACKAGE_VERSION "1.5.0"
| #define PACKAGE_STRING "cdi 1.5.0"
| #define PACKAGE_BUGREPORT "http://code.zmaw.de/projects/cdi"
| #define PACKAGE_URL ""
| #define USER_NAME "Dan.Iredell"
| #define HOST_NAME "v71a1"
| #define SYSTEM_TYPE "x86_64-unknown-linux-gnu"
| #define PACKAGE "cdi"
| #define VERSION "1.5.0"
| #define STDC_HEADERS 1
| #define HAVE_SYS_TYPES_H 1
| #define HAVE_SYS_STAT_H 1
| #define HAVE_STDLIB_H 1
| #define HAVE_STRING_H 1
| #define HAVE_MEMORY_H 1
| #define HAVE_STRINGS_H 1
| #define HAVE_INTTYPES_H 1
| #define HAVE_STDINT_H 1
| #define HAVE_UNISTD_H 1
| #define HAVE_DLFCN_H 1
| #define LT_OBJDIR ".libs/"
| /* end confdefs.h.  */
| #include <ac_nonexistent.h>
configure:17580: result: icc -E
configure:17600: icc -E  conftest.cpp
configure:17600: $? = 0
configure:17614: icc -E  conftest.cpp
conftest.cpp(26): error #2379: cannot open source file "ac_nonexistent.h"
  #include <ac_nonexistent.h>
                             ^

configure:17614: $? = 2
configure: failed program was:
| /* confdefs.h */
| #define PACKAGE_NAME "cdi"
| #define PACKAGE_TARNAME "cdi"
| #define PACKAGE_VERSION "1.5.0"
| #define PACKAGE_STRING "cdi 1.5.0"
| #define PACKAGE_BUGREPORT "http://code.zmaw.de/projects/cdi"
| #define PACKAGE_URL ""
| #define USER_NAME "Dan.Iredell"
| #define HOST_NAME "v71a1"
| #define SYSTEM_TYPE "x86_64-unknown-linux-gnu"
| #define PACKAGE "cdi"
| #define VERSION "1.5.0"
| #define STDC_HEADERS 1
| #define HAVE_SYS_TYPES_H 1
| #define HAVE_SYS_STAT_H 1
| #define HAVE_STDLIB_H 1
| #define HAVE_STRING_H 1
| #define HAVE_MEMORY_H 1
| #define HAVE_STRINGS_H 1
| #define HAVE_INTTYPES_H 1
| #define HAVE_STDINT_H 1
| #define HAVE_UNISTD_H 1
| #define HAVE_DLFCN_H 1
| #define LT_OBJDIR ".libs/"
| /* end confdefs.h.  */
| #include <ac_nonexistent.h>
configure:17782: checking for ld used by icc
configure:17849: result: /usr/bin/ld -m elf_x86_64
configure:17856: checking if the linker (/usr/bin/ld -m elf_x86_64) is GNU ld
configure:17871: result: yes
configure:17926: checking whether the icc linker (/usr/bin/ld -m elf_x86_64) supports shared libraries
configure:18858: result: yes
configure:18886: icc -c -g -O2  conftest.cpp >&5
configure:18889: $? = 0
configure:19053: checking for icc option to produce PIC
configure:19375: result: -fPIC -DPIC
configure:19384: checking if icc PIC flag -fPIC -DPIC works
configure:19402: icc -c -g -O2  -fPIC -DPIC -DPIC conftest.cpp >&5
configure:19406: $? = 0
configure:19419: result: yes
configure:19440: checking if icc static flag -static works
configure:19468: result: no
configure:19480: checking if icc supports -c -o file.o
configure:19501: icc -c -g -O2  -o out/conftest2.o conftest.cpp >&5
configure:19505: $? = 0
configure:19527: result: yes
configure:19532: checking if icc supports -c -o file.o
configure:19579: result: yes
configure:19609: checking whether the icc linker (/usr/bin/ld -m elf_x86_64) supports shared libraries
configure:19637: result: yes
configure:19780: checking dynamic linker characteristics
configure:20391: result: GNU/Linux ld.so
configure:20444: checking how to hardcode library paths into programs
configure:20469: result: immediate
configure:20510: checking for sed
configure:20538: result: /usr/bin/sed
configure:20548: checking for grep
configure:20576: result: /usr/bin/grep
configure:20628: checking for ar
configure:20655: result: ar
configure:20812: checking for ld
configure:20839: result: /usr/bin/ld -m elf_x86_64
configure:20904: checking for nm
configure:20931: result: /usr/bin/nm -B
configure:20996: checking for as
configure:21012: found /usr/bin/as
configure:21023: result: as
configure:21088: checking for dlltool
configure:21118: result: no
configure:21180: checking for objdump
configure:21207: result: objdump
configure:21272: checking for strip
configure:21299: result: strip
configure:21364: checking for ranlib
configure:21391: result: ranlib
configure:21422: checking for special C compiler options needed for large files
configure:21467: result: no
configure:21473: checking for _FILE_OFFSET_BITS value needed for large files
configure:21498: gcc -std=gnu99 -c -g -O2  conftest.c >&5
configure:21498: $? = 0
configure:21530: result: no
configure:21621: checking for stdlib.h
configure:21621: result: yes
configure:21621: checking for unistd.h
configure:21621: result: yes
configure:21621: checking for sys/param.h
configure:21621: gcc -std=gnu99 -c -g -O2  conftest.c >&5
configure:21621: $? = 0
configure:21621: result: yes
configure:21641: checking for getpagesize
configure:21641: gcc -std=gnu99 -o conftest -g -O2   conftest.c  >&5
configure:21641: $? = 0
configure:21641: result: yes
configure:21650: checking for working mmap
configure:21797: gcc -std=gnu99 -o conftest -g -O2   conftest.c  >&5
configure:21797: $? = 0
configure:21797: ./conftest
configure:21797: $? = 0
configure:21807: result: yes
configure:21818: checking for malloc in -lmalloc
configure:21843: gcc -std=gnu99 -o conftest -g -O2   conftest.c -lmalloc   >&5
conftest.c:38:6: warning: conflicting types for built-in function 'malloc' [enabled by default]
 char malloc ();
      ^
/usr/bin/ld: cannot find -lmalloc
collect2: error: ld returned 1 exit status
configure:21843: $? = 1
configure: failed program was:
| /* confdefs.h */
| #define PACKAGE_NAME "cdi"
| #define PACKAGE_TARNAME "cdi"
| #define PACKAGE_VERSION "1.5.0"
| #define PACKAGE_STRING "cdi 1.5.0"
| #define PACKAGE_BUGREPORT "http://code.zmaw.de/projects/cdi"
| #define PACKAGE_URL ""
| #define USER_NAME "Dan.Iredell"
| #define HOST_NAME "v71a1"
| #define SYSTEM_TYPE "x86_64-unknown-linux-gnu"
| #define PACKAGE "cdi"
| #define VERSION "1.5.0"
| #define STDC_HEADERS 1
| #define HAVE_SYS_TYPES_H 1
| #define HAVE_SYS_STAT_H 1
| #define HAVE_STDLIB_H 1
| #define HAVE_STRING_H 1
| #define HAVE_MEMORY_H 1
| #define HAVE_STRINGS_H 1
| #define HAVE_INTTYPES_H 1
| #define HAVE_STDINT_H 1
| #define HAVE_UNISTD_H 1
| #define HAVE_DLFCN_H 1
| #define LT_OBJDIR ".libs/"
| #define HAVE_STDLIB_H 1
| #define HAVE_UNISTD_H 1
| #define HAVE_SYS_PARAM_H 1
| #define HAVE_GETPAGESIZE 1
| #define HAVE_MMAP 1
| /* end confdefs.h.  */
| 
| /* Override any GCC internal prototype to avoid an error.
|    Use char because int might match the return type of a GCC
|    builtin and then its argument prototype would still apply.  */
| #ifdef __cplusplus
| extern "C"
| #endif
| char malloc ();
| int
| main ()
| {
| return malloc ();
|   ;
|   return 0;
| }
configure:21852: result: no
configure:21865: checking for struct stat.st_blksize
configure:21865: gcc -std=gnu99 -c -g -O2  conftest.c >&5
configure:21865: $? = 0
configure:21865: result: yes
configure:21879: checking malloc.h usability
configure:21879: gcc -std=gnu99 -c -g -O2  conftest.c >&5
configure:21879: $? = 0
configure:21879: result: yes
configure:21879: checking malloc.h presence
configure:21879: gcc -E  conftest.c
configure:21879: $? = 0
configure:21879: result: yes
configure:21879: checking for malloc.h
configure:21879: result: yes
configure:21893: checking for mallinfo
configure:21893: gcc -std=gnu99 -o conftest -g -O2   conftest.c  >&5
configure:21893: $? = 0
configure:21893: result: yes
configure:21906: checking for isnan
configure:21906: gcc -std=gnu99 -o conftest -g -O2   conftest.c  >&5
conftest.c:57:6: warning: conflicting types for built-in function 'isnan' [enabled by default]
 char isnan ();
      ^
configure:21906: $? = 0
configure:21906: result: yes
configure:21917: checking for floor in -lm
configure:21942: gcc -std=gnu99 -o conftest -g -O2   conftest.c -lm   >&5
conftest.c:42:6: warning: conflicting types for built-in function 'floor' [enabled by default]
 char floor ();
      ^
configure:21942: $? = 0
configure:21951: result: yes
configure:22151: checking for the pthreads library -lpthreads
configure:22189: gcc -std=gnu99 -o conftest -g -O2    conftest.c -lpthreads -lm  >&5
/usr/bin/ld: cannot find -lpthreads
collect2: error: ld returned 1 exit status
configure:22189: $? = 1
configure: failed program was:
| /* confdefs.h */
| #define PACKAGE_NAME "cdi"
| #define PACKAGE_TARNAME "cdi"
| #define PACKAGE_VERSION "1.5.0"
| #define PACKAGE_STRING "cdi 1.5.0"
| #define PACKAGE_BUGREPORT "http://code.zmaw.de/projects/cdi"
| #define PACKAGE_URL ""
| #define USER_NAME "Dan.Iredell"
| #define HOST_NAME "v71a1"
| #define SYSTEM_TYPE "x86_64-unknown-linux-gnu"
| #define PACKAGE "cdi"
| #define VERSION "1.5.0"
| #define STDC_HEADERS 1
| #define HAVE_SYS_TYPES_H 1
| #define HAVE_SYS_STAT_H 1
| #define HAVE_STDLIB_H 1
| #define HAVE_STRING_H 1
| #define HAVE_MEMORY_H 1
| #define HAVE_STRINGS_H 1
| #define HAVE_INTTYPES_H 1
| #define HAVE_STDINT_H 1
| #define HAVE_UNISTD_H 1
| #define HAVE_DLFCN_H 1
| #define LT_OBJDIR ".libs/"
| #define HAVE_STDLIB_H 1
| #define HAVE_UNISTD_H 1
| #define HAVE_SYS_PARAM_H 1
| #define HAVE_GETPAGESIZE 1
| #define HAVE_MMAP 1
| #define HAVE_STRUCT_STAT_ST_BLKSIZE 1
| #define HAVE_MALLOC_H 1
| #define HAVE_MALLINFO 1
| #define HAVE_ISNAN 1
| #define HAVE_LIBM 1
| /* end confdefs.h.  */
| #include <pthread.h>
| 		     static void routine(void* a) {a=0;}
| 		     static void* start_routine(void* a) {return a;}
| int
| main ()
| {
| pthread_t th; pthread_attr_t attr;
|                      pthread_create(&th,0,start_routine,0);
|                      pthread_join(th, 0);
|                      pthread_attr_init(&attr);
|                      pthread_cleanup_push(routine, 0);
|                      pthread_cleanup_pop(0);
|   ;
|   return 0;
| }
configure:22198: result: no
configure:22096: checking whether pthreads work without any flags
configure:22189: gcc -std=gnu99 -o conftest -g -O2    conftest.c  -lm  >&5
/tmp/ccmKH6in.o: In function `main':
/gpfs/dell2/emc/modeling/save/Dan.Iredell/NCODA/rtofs_glo.v2.0.0/sorc/rtofs_cdo.fd/cdo-1.6.0/libcdi/conftest.c:43: undefined reference to `pthread_create'
/gpfs/dell2/emc/modeling/save/Dan.Iredell/NCODA/rtofs_glo.v2.0.0/sorc/rtofs_cdo.fd/cdo-1.6.0/libcdi/conftest.c:44: undefined reference to `pthread_join'
/gpfs/dell2/emc/modeling/save/Dan.Iredell/NCODA/rtofs_glo.v2.0.0/sorc/rtofs_cdo.fd/cdo-1.6.0/libcdi/conftest.c:46: undefined reference to `__pthread_register_cancel'
/gpfs/dell2/emc/modeling/save/Dan.Iredell/NCODA/rtofs_glo.v2.0.0/sorc/rtofs_cdo.fd/cdo-1.6.0/libcdi/conftest.c:47: undefined reference to `__pthread_unregister_cancel'
collect2: error: ld returned 1 exit status
configure:22189: $? = 1
configure: failed program was:
| /* confdefs.h */
| #define PACKAGE_NAME "cdi"
| #define PACKAGE_TARNAME "cdi"
| #define PACKAGE_VERSION "1.5.0"
| #define PACKAGE_STRING "cdi 1.5.0"
| #define PACKAGE_BUGREPORT "http://code.zmaw.de/projects/cdi"
| #define PACKAGE_URL ""
| #define USER_NAME "Dan.Iredell"
| #define HOST_NAME "v71a1"
| #define SYSTEM_TYPE "x86_64-unknown-linux-gnu"
| #define PACKAGE "cdi"
| #define VERSION "1.5.0"
| #define STDC_HEADERS 1
| #define HAVE_SYS_TYPES_H 1
| #define HAVE_SYS_STAT_H 1
| #define HAVE_STDLIB_H 1
| #define HAVE_STRING_H 1
| #define HAVE_MEMORY_H 1
| #define HAVE_STRINGS_H 1
| #define HAVE_INTTYPES_H 1
| #define HAVE_STDINT_H 1
| #define HAVE_UNISTD_H 1
| #define HAVE_DLFCN_H 1
| #define LT_OBJDIR ".libs/"
| #define HAVE_STDLIB_H 1
| #define HAVE_UNISTD_H 1
| #define HAVE_SYS_PARAM_H 1
| #define HAVE_GETPAGESIZE 1
| #define HAVE_MMAP 1
| #define HAVE_STRUCT_STAT_ST_BLKSIZE 1
| #define HAVE_MALLOC_H 1
| #define HAVE_MALLINFO 1
| #define HAVE_ISNAN 1
| #define HAVE_LIBM 1
| /* end confdefs.h.  */
| #include <pthread.h>
| 		     static void routine(void* a) {a=0;}
| 		     static void* start_routine(void* a) {return a;}
| int
| main ()
| {
| pthread_t th; pthread_attr_t attr;
|                      pthread_create(&th,0,start_routine,0);
|                      pthread_join(th, 0);
|                      pthread_attr_init(&attr);
|                      pthread_cleanup_push(routine, 0);
|                      pthread_cleanup_pop(0);
|   ;
|   return 0;
| }
configure:22198: result: no
configure:22101: checking whether pthreads work with -Kthread
configure:22189: gcc -std=gnu99 -o conftest -g -O2 -Kthread   conftest.c  -lm  >&5
gcc: error: unrecognized command line option '-Kthread'
configure:22189: $? = 1
configure: failed program was:
| /* confdefs.h */
| #define PACKAGE_NAME "cdi"
| #define PACKAGE_TARNAME "cdi"
| #define PACKAGE_VERSION "1.5.0"
| #define PACKAGE_STRING "cdi 1.5.0"
| #define PACKAGE_BUGREPORT "http://code.zmaw.de/projects/cdi"
| #define PACKAGE_URL ""
| #define USER_NAME "Dan.Iredell"
| #define HOST_NAME "v71a1"
| #define SYSTEM_TYPE "x86_64-unknown-linux-gnu"
| #define PACKAGE "cdi"
| #define VERSION "1.5.0"
| #define STDC_HEADERS 1
| #define HAVE_SYS_TYPES_H 1
| #define HAVE_SYS_STAT_H 1
| #define HAVE_STDLIB_H 1
| #define HAVE_STRING_H 1
| #define HAVE_MEMORY_H 1
| #define HAVE_STRINGS_H 1
| #define HAVE_INTTYPES_H 1
| #define HAVE_STDINT_H 1
| #define HAVE_UNISTD_H 1
| #define HAVE_DLFCN_H 1
| #define LT_OBJDIR ".libs/"
| #define HAVE_STDLIB_H 1
| #define HAVE_UNISTD_H 1
| #define HAVE_SYS_PARAM_H 1
| #define HAVE_GETPAGESIZE 1
| #define HAVE_MMAP 1
| #define HAVE_STRUCT_STAT_ST_BLKSIZE 1
| #define HAVE_MALLOC_H 1
| #define HAVE_MALLINFO 1
| #define HAVE_ISNAN 1
| #define HAVE_LIBM 1
| /* end confdefs.h.  */
| #include <pthread.h>
| 		     static void routine(void* a) {a=0;}
| 		     static void* start_routine(void* a) {return a;}
| int
| main ()
| {
| pthread_t th; pthread_attr_t attr;
|                      pthread_create(&th,0,start_routine,0);
|                      pthread_join(th, 0);
|                      pthread_attr_init(&attr);
|                      pthread_cleanup_push(routine, 0);
|                      pthread_cleanup_pop(0);
|   ;
|   return 0;
| }
configure:22198: result: no
configure:22101: checking whether pthreads work with -kthread
configure:22189: gcc -std=gnu99 -o conftest -g -O2 -kthread   conftest.c  -lm  >&5
gcc: error: unrecognized command line option '-kthread'
configure:22189: $? = 1
configure: failed program was:
| /* confdefs.h */
| #define PACKAGE_NAME "cdi"
| #define PACKAGE_TARNAME "cdi"
| #define PACKAGE_VERSION "1.5.0"
| #define PACKAGE_STRING "cdi 1.5.0"
| #define PACKAGE_BUGREPORT "http://code.zmaw.de/projects/cdi"
| #define PACKAGE_URL ""
| #define USER_NAME "Dan.Iredell"
| #define HOST_NAME "v71a1"
| #define SYSTEM_TYPE "x86_64-unknown-linux-gnu"
| #define PACKAGE "cdi"
| #define VERSION "1.5.0"
| #define STDC_HEADERS 1
| #define HAVE_SYS_TYPES_H 1
| #define HAVE_SYS_STAT_H 1
| #define HAVE_STDLIB_H 1
| #define HAVE_STRING_H 1
| #define HAVE_MEMORY_H 1
| #define HAVE_STRINGS_H 1
| #define HAVE_INTTYPES_H 1
| #define HAVE_STDINT_H 1
| #define HAVE_UNISTD_H 1
| #define HAVE_DLFCN_H 1
| #define LT_OBJDIR ".libs/"
| #define HAVE_STDLIB_H 1
| #define HAVE_UNISTD_H 1
| #define HAVE_SYS_PARAM_H 1
| #define HAVE_GETPAGESIZE 1
| #define HAVE_MMAP 1
| #define HAVE_STRUCT_STAT_ST_BLKSIZE 1
| #define HAVE_MALLOC_H 1
| #define HAVE_MALLINFO 1
| #define HAVE_ISNAN 1
| #define HAVE_LIBM 1
| /* end confdefs.h.  */
| #include <pthread.h>
| 		     static void routine(void* a) {a=0;}
| 		     static void* start_routine(void* a) {return a;}
| int
| main ()
| {
| pthread_t th; pthread_attr_t attr;
|                      pthread_create(&th,0,start_routine,0);
|                      pthread_join(th, 0);
|                      pthread_attr_init(&attr);
|                      pthread_cleanup_push(routine, 0);
|                      pthread_cleanup_pop(0);
|   ;
|   return 0;
| }
configure:22198: result: no
configure:22151: checking for the pthreads library -llthread
configure:22189: gcc -std=gnu99 -o conftest -g -O2    conftest.c -llthread -lm  >&5
/usr/bin/ld: cannot find -llthread
collect2: error: ld returned 1 exit status
configure:22189: $? = 1
configure: failed program was:
| /* confdefs.h */
| #define PACKAGE_NAME "cdi"
| #define PACKAGE_TARNAME "cdi"
| #define PACKAGE_VERSION "1.5.0"
| #define PACKAGE_STRING "cdi 1.5.0"
| #define PACKAGE_BUGREPORT "http://code.zmaw.de/projects/cdi"
| #define PACKAGE_URL ""
| #define USER_NAME "Dan.Iredell"
| #define HOST_NAME "v71a1"
| #define SYSTEM_TYPE "x86_64-unknown-linux-gnu"
| #define PACKAGE "cdi"
| #define VERSION "1.5.0"
| #define STDC_HEADERS 1
| #define HAVE_SYS_TYPES_H 1
| #define HAVE_SYS_STAT_H 1
| #define HAVE_STDLIB_H 1
| #define HAVE_STRING_H 1
| #define HAVE_MEMORY_H 1
| #define HAVE_STRINGS_H 1
| #define HAVE_INTTYPES_H 1
| #define HAVE_STDINT_H 1
| #define HAVE_UNISTD_H 1
| #define HAVE_DLFCN_H 1
| #define LT_OBJDIR ".libs/"
| #define HAVE_STDLIB_H 1
| #define HAVE_UNISTD_H 1
| #define HAVE_SYS_PARAM_H 1
| #define HAVE_GETPAGESIZE 1
| #define HAVE_MMAP 1
| #define HAVE_STRUCT_STAT_ST_BLKSIZE 1
| #define HAVE_MALLOC_H 1
| #define HAVE_MALLINFO 1
| #define HAVE_ISNAN 1
| #define HAVE_LIBM 1
| /* end confdefs.h.  */
| #include <pthread.h>
| 		     static void routine(void* a) {a=0;}
| 		     static void* start_routine(void* a) {return a;}
| int
| main ()
| {
| pthread_t th; pthread_attr_t attr;
|                      pthread_create(&th,0,start_routine,0);
|                      pthread_join(th, 0);
|                      pthread_attr_init(&attr);
|                      pthread_cleanup_push(routine, 0);
|                      pthread_cleanup_pop(0);
|   ;
|   return 0;
| }
configure:22198: result: no
configure:22101: checking whether pthreads work with -pthread
configure:22189: gcc -std=gnu99 -o conftest -g -O2 -pthread   conftest.c  -lm  >&5
configure:22189: $? = 0
configure:22198: result: yes
configure:22217: checking for joinable pthread attribute
configure:22232: gcc -std=gnu99 -o conftest -g -O2 -pthread   conftest.c  -lm  >&5
configure:22232: $? = 0
configure:22238: result: PTHREAD_CREATE_JOINABLE
configure:22248: checking if more special flags are required for pthreads
configure:22255: result: no
configure:22580: checking zlib.h usability
configure:22580: gcc -std=gnu99 -c -g -O2 -pthread  conftest.c >&5
configure:22580: $? = 0
configure:22580: result: yes
configure:22580: checking zlib.h presence
configure:22580: gcc -E  conftest.c
configure:22580: $? = 0
configure:22580: result: yes
configure:22580: checking for zlib.h
configure:22580: result: yes
configure:22590: checking for library containing deflate
configure:22621: gcc -std=gnu99 -o conftest -g -O2 -pthread   conftest.c  -lm  >&5
/tmp/cclskxuT.o: In function `main':
/gpfs/dell2/emc/modeling/save/Dan.Iredell/NCODA/rtofs_glo.v2.0.0/sorc/rtofs_cdo.fd/cdo-1.6.0/libcdi/conftest.c:49: undefined reference to `deflate'
collect2: error: ld returned 1 exit status
configure:22621: $? = 1
configure: failed program was:
| /* confdefs.h */
| #define PACKAGE_NAME "cdi"
| #define PACKAGE_TARNAME "cdi"
| #define PACKAGE_VERSION "1.5.0"
| #define PACKAGE_STRING "cdi 1.5.0"
| #define PACKAGE_BUGREPORT "http://code.zmaw.de/projects/cdi"
| #define PACKAGE_URL ""
| #define USER_NAME "Dan.Iredell"
| #define HOST_NAME "v71a1"
| #define SYSTEM_TYPE "x86_64-unknown-linux-gnu"
| #define PACKAGE "cdi"
| #define VERSION "1.5.0"
| #define STDC_HEADERS 1
| #define HAVE_SYS_TYPES_H 1
| #define HAVE_SYS_STAT_H 1
| #define HAVE_STDLIB_H 1
| #define HAVE_STRING_H 1
| #define HAVE_MEMORY_H 1
| #define HAVE_STRINGS_H 1
| #define HAVE_INTTYPES_H 1
| #define HAVE_STDINT_H 1
| #define HAVE_UNISTD_H 1
| #define HAVE_DLFCN_H 1
| #define LT_OBJDIR ".libs/"
| #define HAVE_STDLIB_H 1
| #define HAVE_UNISTD_H 1
| #define HAVE_SYS_PARAM_H 1
| #define HAVE_GETPAGESIZE 1
| #define HAVE_MMAP 1
| #define HAVE_STRUCT_STAT_ST_BLKSIZE 1
| #define HAVE_MALLOC_H 1
| #define HAVE_MALLINFO 1
| #define HAVE_ISNAN 1
| #define HAVE_LIBM 1
| #define HAVE_LIBPTHREAD 1
| #define HAVE_ZLIB_H 1
| /* end confdefs.h.  */
| 
| /* Override any GCC internal prototype to avoid an error.
|    Use char because int might match the return type of a GCC
|    builtin and then its argument prototype would still apply.  */
| #ifdef __cplusplus
| extern "C"
| #endif
| char deflate ();
| int
| main ()
| {
| return deflate ();
|   ;
|   return 0;
| }
configure:22621: gcc -std=gnu99 -o conftest -g -O2 -pthread   conftest.c -lz   -lm  >&5
configure:22621: $? = 0
configure:22638: result: -lz
configure:22747: checking szlib.h usability
configure:22747: gcc -std=gnu99 -c -g -O2 -pthread -I/gpfs/dell2/emc/modeling/save/Dan.Iredell/NCODA/rtofs_glo.v2.0.0/sorc/rtofs_cdo.fd/szip-2.1/include  conftest.c >&5
configure:22747: $? = 0
configure:22747: result: yes
configure:22747: checking szlib.h presence
configure:22747: gcc -E -I/gpfs/dell2/emc/modeling/save/Dan.Iredell/NCODA/rtofs_glo.v2.0.0/sorc/rtofs_cdo.fd/szip-2.1/include  conftest.c
configure:22747: $? = 0
configure:22747: result: yes
configure:22747: checking for szlib.h
configure:22747: result: yes
configure:22757: checking for library containing SZ_BufftoBuffCompress
configure:22788: gcc -std=gnu99 -o conftest -g -O2 -pthread -I/gpfs/dell2/emc/modeling/save/Dan.Iredell/NCODA/rtofs_glo.v2.0.0/sorc/rtofs_cdo.fd/szip-2.1/include  -L/gpfs/dell2/emc/modeling/save/Dan.Iredell/NCODA/rtofs_glo.v2.0.0/sorc/rtofs_cdo.fd/szip-2.1/lib  conftest.c -lz  -lm  >&5
/tmp/ccVdWmJ8.o: In function `main':
/gpfs/dell2/emc/modeling/save/Dan.Iredell/NCODA/rtofs_glo.v2.0.0/sorc/rtofs_cdo.fd/cdo-1.6.0/libcdi/conftest.c:51: undefined reference to `SZ_BufftoBuffCompress'
collect2: error: ld returned 1 exit status
configure:22788: $? = 1
configure: failed program was:
| /* confdefs.h */
| #define PACKAGE_NAME "cdi"
| #define PACKAGE_TARNAME "cdi"
| #define PACKAGE_VERSION "1.5.0"
| #define PACKAGE_STRING "cdi 1.5.0"
| #define PACKAGE_BUGREPORT "http://code.zmaw.de/projects/cdi"
| #define PACKAGE_URL ""
| #define USER_NAME "Dan.Iredell"
| #define HOST_NAME "v71a1"
| #define SYSTEM_TYPE "x86_64-unknown-linux-gnu"
| #define PACKAGE "cdi"
| #define VERSION "1.5.0"
| #define STDC_HEADERS 1
| #define HAVE_SYS_TYPES_H 1
| #define HAVE_SYS_STAT_H 1
| #define HAVE_STDLIB_H 1
| #define HAVE_STRING_H 1
| #define HAVE_MEMORY_H 1
| #define HAVE_STRINGS_H 1
| #define HAVE_INTTYPES_H 1
| #define HAVE_STDINT_H 1
| #define HAVE_UNISTD_H 1
| #define HAVE_DLFCN_H 1
| #define LT_OBJDIR ".libs/"
| #define HAVE_STDLIB_H 1
| #define HAVE_UNISTD_H 1
| #define HAVE_SYS_PARAM_H 1
| #define HAVE_GETPAGESIZE 1
| #define HAVE_MMAP 1
| #define HAVE_STRUCT_STAT_ST_BLKSIZE 1
| #define HAVE_MALLOC_H 1
| #define HAVE_MALLINFO 1
| #define HAVE_ISNAN 1
| #define HAVE_LIBM 1
| #define HAVE_LIBPTHREAD 1
| #define HAVE_ZLIB_H 1
| #define HAVE_LIBZ 1
| #define HAVE_SZLIB_H 1
| /* end confdefs.h.  */
| 
| /* Override any GCC internal prototype to avoid an error.
|    Use char because int might match the return type of a GCC
|    builtin and then its argument prototype would still apply.  */
| #ifdef __cplusplus
| extern "C"
| #endif
| char SZ_BufftoBuffCompress ();
| int
| main ()
| {
| return SZ_BufftoBuffCompress ();
|   ;
|   return 0;
| }
configure:22788: gcc -std=gnu99 -o conftest -g -O2 -pthread -I/gpfs/dell2/emc/modeling/save/Dan.Iredell/NCODA/rtofs_glo.v2.0.0/sorc/rtofs_cdo.fd/szip-2.1/include  -L/gpfs/dell2/emc/modeling/save/Dan.Iredell/NCODA/rtofs_glo.v2.0.0/sorc/rtofs_cdo.fd/szip-2.1/lib  conftest.c -lsz  -lz  -lm  >&5
configure:22788: $? = 0
configure:22805: result: -lsz
configure:22995: checking hdf5.h usability
configure:22995: gcc -std=gnu99 -c -g -O2 -pthread -I/usrx/local/prod/packages/ips/18.0.1/hdf5/1.10.1/include -I/gpfs/dell2/emc/modeling/save/Dan.Iredell/NCODA/rtofs_glo.v2.0.0/sorc/rtofs_cdo.fd/szip-2.1/include  conftest.c >&5
configure:22995: $? = 0
configure:22995: result: yes
configure:22995: checking hdf5.h presence
configure:22995: gcc -E -I/usrx/local/prod/packages/ips/18.0.1/hdf5/1.10.1/include -I/gpfs/dell2/emc/modeling/save/Dan.Iredell/NCODA/rtofs_glo.v2.0.0/sorc/rtofs_cdo.fd/szip-2.1/include  conftest.c
configure:22995: $? = 0
configure:22995: result: yes
configure:22995: checking for hdf5.h
configure:22995: result: yes
configure:23005: checking for library containing H5Fopen
configure:23036: gcc -std=gnu99 -o conftest -g -O2 -pthread -I/usrx/local/prod/packages/ips/18.0.1/hdf5/1.10.1/include -I/gpfs/dell2/emc/modeling/save/Dan.Iredell/NCODA/rtofs_glo.v2.0.0/sorc/rtofs_cdo.fd/szip-2.1/include  -L/usrx/local/prod/packages/ips/18.0.1/hdf5/1.10.1/lib -L/gpfs/dell2/emc/modeling/save/Dan.Iredell/NCODA/rtofs_glo.v2.0.0/sorc/rtofs_cdo.fd/szip-2.1/lib  conftest.c -lsz -lz  -lm  >&5
/tmp/ccF2E1aH.o: In function `main':
/gpfs/dell2/emc/modeling/save/Dan.Iredell/NCODA/rtofs_glo.v2.0.0/sorc/rtofs_cdo.fd/cdo-1.6.0/libcdi/conftest.c:53: undefined reference to `H5Fopen'
collect2: error: ld returned 1 exit status
configure:23036: $? = 1
configure: failed program was:
| /* confdefs.h */
| #define PACKAGE_NAME "cdi"
| #define PACKAGE_TARNAME "cdi"
| #define PACKAGE_VERSION "1.5.0"
| #define PACKAGE_STRING "cdi 1.5.0"
| #define PACKAGE_BUGREPORT "http://code.zmaw.de/projects/cdi"
| #define PACKAGE_URL ""
| #define USER_NAME "Dan.Iredell"
| #define HOST_NAME "v71a1"
| #define SYSTEM_TYPE "x86_64-unknown-linux-gnu"
| #define PACKAGE "cdi"
| #define VERSION "1.5.0"
| #define STDC_HEADERS 1
| #define HAVE_SYS_TYPES_H 1
| #define HAVE_SYS_STAT_H 1
| #define HAVE_STDLIB_H 1
| #define HAVE_STRING_H 1
| #define HAVE_MEMORY_H 1
| #define HAVE_STRINGS_H 1
| #define HAVE_INTTYPES_H 1
| #define HAVE_STDINT_H 1
| #define HAVE_UNISTD_H 1
| #define HAVE_DLFCN_H 1
| #define LT_OBJDIR ".libs/"
| #define HAVE_STDLIB_H 1
| #define HAVE_UNISTD_H 1
| #define HAVE_SYS_PARAM_H 1
| #define HAVE_GETPAGESIZE 1
| #define HAVE_MMAP 1
| #define HAVE_STRUCT_STAT_ST_BLKSIZE 1
| #define HAVE_MALLOC_H 1
| #define HAVE_MALLINFO 1
| #define HAVE_ISNAN 1
| #define HAVE_LIBM 1
| #define HAVE_LIBPTHREAD 1
| #define HAVE_ZLIB_H 1
| #define HAVE_LIBZ 1
| #define HAVE_SZLIB_H 1
| #define HAVE_LIBSZ 1
| #define HAVE_HDF5_H 1
| /* end confdefs.h.  */
| 
| /* Override any GCC internal prototype to avoid an error.
|    Use char because int might match the return type of a GCC
|    builtin and then its argument prototype would still apply.  */
| #ifdef __cplusplus
| extern "C"
| #endif
| char H5Fopen ();
| int
| main ()
| {
| return H5Fopen ();
|   ;
|   return 0;
| }
configure:23036: gcc -std=gnu99 -o conftest -g -O2 -pthread -I/usrx/local/prod/packages/ips/18.0.1/hdf5/1.10.1/include -I/gpfs/dell2/emc/modeling/save/Dan.Iredell/NCODA/rtofs_glo.v2.0.0/sorc/rtofs_cdo.fd/szip-2.1/include  -L/usrx/local/prod/packages/ips/18.0.1/hdf5/1.10.1/lib -L/gpfs/dell2/emc/modeling/save/Dan.Iredell/NCODA/rtofs_glo.v2.0.0/sorc/rtofs_cdo.fd/szip-2.1/lib  conftest.c -lhdf5  -lsz -lz  -lm  >&5
configure:23036: $? = 0
configure:23053: result: -lhdf5
configure:23065: checking for library containing H5DSis_scale
configure:23096: gcc -std=gnu99 -o conftest -g -O2 -pthread -I/usrx/local/prod/packages/ips/18.0.1/hdf5/1.10.1/include -I/gpfs/dell2/emc/modeling/save/Dan.Iredell/NCODA/rtofs_glo.v2.0.0/sorc/rtofs_cdo.fd/szip-2.1/include  -L/usrx/local/prod/packages/ips/18.0.1/hdf5/1.10.1/lib -L/gpfs/dell2/emc/modeling/save/Dan.Iredell/NCODA/rtofs_glo.v2.0.0/sorc/rtofs_cdo.fd/szip-2.1/lib  conftest.c -lhdf5 -lsz -lz  -lm  >&5
/tmp/ccRbKqsW.o: In function `main':
/gpfs/dell2/emc/modeling/save/Dan.Iredell/NCODA/rtofs_glo.v2.0.0/sorc/rtofs_cdo.fd/cdo-1.6.0/libcdi/conftest.c:54: undefined reference to `H5DSis_scale'
collect2: error: ld returned 1 exit status
configure:23096: $? = 1
configure: failed program was:
| /* confdefs.h */
| #define PACKAGE_NAME "cdi"
| #define PACKAGE_TARNAME "cdi"
| #define PACKAGE_VERSION "1.5.0"
| #define PACKAGE_STRING "cdi 1.5.0"
| #define PACKAGE_BUGREPORT "http://code.zmaw.de/projects/cdi"
| #define PACKAGE_URL ""
| #define USER_NAME "Dan.Iredell"
| #define HOST_NAME "v71a1"
| #define SYSTEM_TYPE "x86_64-unknown-linux-gnu"
| #define PACKAGE "cdi"
| #define VERSION "1.5.0"
| #define STDC_HEADERS 1
| #define HAVE_SYS_TYPES_H 1
| #define HAVE_SYS_STAT_H 1
| #define HAVE_STDLIB_H 1
| #define HAVE_STRING_H 1
| #define HAVE_MEMORY_H 1
| #define HAVE_STRINGS_H 1
| #define HAVE_INTTYPES_H 1
| #define HAVE_STDINT_H 1
| #define HAVE_UNISTD_H 1
| #define HAVE_DLFCN_H 1
| #define LT_OBJDIR ".libs/"
| #define HAVE_STDLIB_H 1
| #define HAVE_UNISTD_H 1
| #define HAVE_SYS_PARAM_H 1
| #define HAVE_GETPAGESIZE 1
| #define HAVE_MMAP 1
| #define HAVE_STRUCT_STAT_ST_BLKSIZE 1
| #define HAVE_MALLOC_H 1
| #define HAVE_MALLINFO 1
| #define HAVE_ISNAN 1
| #define HAVE_LIBM 1
| #define HAVE_LIBPTHREAD 1
| #define HAVE_ZLIB_H 1
| #define HAVE_LIBZ 1
| #define HAVE_SZLIB_H 1
| #define HAVE_LIBSZ 1
| #define HAVE_HDF5_H 1
| #define HAVE_LIBHDF5 1
| /* end confdefs.h.  */
| 
| /* Override any GCC internal prototype to avoid an error.
|    Use char because int might match the return type of a GCC
|    builtin and then its argument prototype would still apply.  */
| #ifdef __cplusplus
| extern "C"
| #endif
| char H5DSis_scale ();
| int
| main ()
| {
| return H5DSis_scale ();
|   ;
|   return 0;
| }
configure:23096: gcc -std=gnu99 -o conftest -g -O2 -pthread -I/usrx/local/prod/packages/ips/18.0.1/hdf5/1.10.1/include -I/gpfs/dell2/emc/modeling/save/Dan.Iredell/NCODA/rtofs_glo.v2.0.0/sorc/rtofs_cdo.fd/szip-2.1/include  -L/usrx/local/prod/packages/ips/18.0.1/hdf5/1.10.1/lib -L/gpfs/dell2/emc/modeling/save/Dan.Iredell/NCODA/rtofs_glo.v2.0.0/sorc/rtofs_cdo.fd/szip-2.1/lib  conftest.c -lhdf5_hl  -lhdf5 -lsz -lz  -lm  >&5
configure:23096: $? = 0
configure:23113: result: -lhdf5_hl
configure:23249: checking netcdf.h usability
configure:23249: gcc -std=gnu99 -c -g -O2 -pthread -I/usrx/local/prod/packages/ips/18.0.1/netcdf/4.5.0/include -I/usrx/local/prod/packages/ips/18.0.1/hdf5/1.10.1/include -I/gpfs/dell2/emc/modeling/save/Dan.Iredell/NCODA/rtofs_glo.v2.0.0/sorc/rtofs_cdo.fd/szip-2.1/include  conftest.c >&5
configure:23249: $? = 0
configure:23249: result: yes
configure:23249: checking netcdf.h presence
configure:23249: gcc -E -I/usrx/local/prod/packages/ips/18.0.1/netcdf/4.5.0/include -I/usrx/local/prod/packages/ips/18.0.1/hdf5/1.10.1/include -I/gpfs/dell2/emc/modeling/save/Dan.Iredell/NCODA/rtofs_glo.v2.0.0/sorc/rtofs_cdo.fd/szip-2.1/include  conftest.c
configure:23249: $? = 0
configure:23249: result: yes
configure:23249: checking for netcdf.h
configure:23249: result: yes
configure:23259: checking for library containing nc_open
configure:23290: gcc -std=gnu99 -o conftest -g -O2 -pthread -I/usrx/local/prod/packages/ips/18.0.1/netcdf/4.5.0/include -I/usrx/local/prod/packages/ips/18.0.1/hdf5/1.10.1/include -I/gpfs/dell2/emc/modeling/save/Dan.Iredell/NCODA/rtofs_glo.v2.0.0/sorc/rtofs_cdo.fd/szip-2.1/include  -L/usrx/local/prod/packages/ips/18.0.1/netcdf/4.5.0/lib -L/usrx/local/prod/packages/ips/18.0.1/hdf5/1.10.1/lib -L/gpfs/dell2/emc/modeling/save/Dan.Iredell/NCODA/rtofs_glo.v2.0.0/sorc/rtofs_cdo.fd/szip-2.1/lib  conftest.c -lhdf5_hl -lhdf5 -lsz -lz  -lm  >&5
/tmp/ccYBmUb5.o: In function `main':
/gpfs/dell2/emc/modeling/save/Dan.Iredell/NCODA/rtofs_glo.v2.0.0/sorc/rtofs_cdo.fd/cdo-1.6.0/libcdi/conftest.c:55: undefined reference to `nc_open'
collect2: error: ld returned 1 exit status
configure:23290: $? = 1
configure: failed program was:
| /* confdefs.h */
| #define PACKAGE_NAME "cdi"
| #define PACKAGE_TARNAME "cdi"
| #define PACKAGE_VERSION "1.5.0"
| #define PACKAGE_STRING "cdi 1.5.0"
| #define PACKAGE_BUGREPORT "http://code.zmaw.de/projects/cdi"
| #define PACKAGE_URL ""
| #define USER_NAME "Dan.Iredell"
| #define HOST_NAME "v71a1"
| #define SYSTEM_TYPE "x86_64-unknown-linux-gnu"
| #define PACKAGE "cdi"
| #define VERSION "1.5.0"
| #define STDC_HEADERS 1
| #define HAVE_SYS_TYPES_H 1
| #define HAVE_SYS_STAT_H 1
| #define HAVE_STDLIB_H 1
| #define HAVE_STRING_H 1
| #define HAVE_MEMORY_H 1
| #define HAVE_STRINGS_H 1
| #define HAVE_INTTYPES_H 1
| #define HAVE_STDINT_H 1
| #define HAVE_UNISTD_H 1
| #define HAVE_DLFCN_H 1
| #define LT_OBJDIR ".libs/"
| #define HAVE_STDLIB_H 1
| #define HAVE_UNISTD_H 1
| #define HAVE_SYS_PARAM_H 1
| #define HAVE_GETPAGESIZE 1
| #define HAVE_MMAP 1
| #define HAVE_STRUCT_STAT_ST_BLKSIZE 1
| #define HAVE_MALLOC_H 1
| #define HAVE_MALLINFO 1
| #define HAVE_ISNAN 1
| #define HAVE_LIBM 1
| #define HAVE_LIBPTHREAD 1
| #define HAVE_ZLIB_H 1
| #define HAVE_LIBZ 1
| #define HAVE_SZLIB_H 1
| #define HAVE_LIBSZ 1
| #define HAVE_HDF5_H 1
| #define HAVE_LIBHDF5 1
| #define HAVE_NETCDF_H 1
| /* end confdefs.h.  */
| 
| /* Override any GCC internal prototype to avoid an error.
|    Use char because int might match the return type of a GCC
|    builtin and then its argument prototype would still apply.  */
| #ifdef __cplusplus
| extern "C"
| #endif
| char nc_open ();
| int
| main ()
| {
| return nc_open ();
|   ;
|   return 0;
| }
configure:23290: gcc -std=gnu99 -o conftest -g -O2 -pthread -I/usrx/local/prod/packages/ips/18.0.1/netcdf/4.5.0/include -I/usrx/local/prod/packages/ips/18.0.1/hdf5/1.10.1/include -I/gpfs/dell2/emc/modeling/save/Dan.Iredell/NCODA/rtofs_glo.v2.0.0/sorc/rtofs_cdo.fd/szip-2.1/include  -L/usrx/local/prod/packages/ips/18.0.1/netcdf/4.5.0/lib -L/usrx/local/prod/packages/ips/18.0.1/hdf5/1.10.1/lib -L/gpfs/dell2/emc/modeling/save/Dan.Iredell/NCODA/rtofs_glo.v2.0.0/sorc/rtofs_cdo.fd/szip-2.1/lib  conftest.c -lnetcdf  -lhdf5_hl -lhdf5 -lsz -lz  -lm  >&5
configure:23290: $? = 0
configure:23307: result: -lnetcdf
configure:23428: checking for library containing jas_stream_memopen
configure:23459: gcc -std=gnu99 -o conftest -g -O2 -pthread -I/usrx/local/prod/packages/ips/18.0.1/netcdf/4.5.0/include -I/usrx/local/prod/packages/ips/18.0.1/hdf5/1.10.1/include -I/gpfs/dell2/emc/modeling/save/Dan.Iredell/NCODA/rtofs_glo.v2.0.0/sorc/rtofs_cdo.fd/szip-2.1/include  -I/gpfs/dell2/emc/modeling/save/Dan.Iredell/NCODA/rtofs_glo.v2.0.0/sorc/rtofs_cdo.fd/jasper-1.900.1/include -L/usrx/local/prod/packages/ips/18.0.1/netcdf/4.5.0/lib -L/usrx/local/prod/packages/ips/18.0.1/hdf5/1.10.1/lib -L/gpfs/dell2/emc/modeling/save/Dan.Iredell/NCODA/rtofs_glo.v2.0.0/sorc/rtofs_cdo.fd/szip-2.1/lib  -L/gpfs/dell2/emc/modeling/save/Dan.Iredell/NCODA/rtofs_glo.v2.0.0/sorc/rtofs_cdo.fd/jasper-1.900.1/lib conftest.c -lnetcdf -lhdf5_hl -lhdf5 -lsz -lz  -lm  >&5
/tmp/ccKqFS0l.o: In function `main':
/gpfs/dell2/emc/modeling/save/Dan.Iredell/NCODA/rtofs_glo.v2.0.0/sorc/rtofs_cdo.fd/cdo-1.6.0/libcdi/conftest.c:56: undefined reference to `jas_stream_memopen'
collect2: error: ld returned 1 exit status
configure:23459: $? = 1
configure: failed program was:
| /* confdefs.h */
| #define PACKAGE_NAME "cdi"
| #define PACKAGE_TARNAME "cdi"
| #define PACKAGE_VERSION "1.5.0"
| #define PACKAGE_STRING "cdi 1.5.0"
| #define PACKAGE_BUGREPORT "http://code.zmaw.de/projects/cdi"
| #define PACKAGE_URL ""
| #define USER_NAME "Dan.Iredell"
| #define HOST_NAME "v71a1"
| #define SYSTEM_TYPE "x86_64-unknown-linux-gnu"
| #define PACKAGE "cdi"
| #define VERSION "1.5.0"
| #define STDC_HEADERS 1
| #define HAVE_SYS_TYPES_H 1
| #define HAVE_SYS_STAT_H 1
| #define HAVE_STDLIB_H 1
| #define HAVE_STRING_H 1
| #define HAVE_MEMORY_H 1
| #define HAVE_STRINGS_H 1
| #define HAVE_INTTYPES_H 1
| #define HAVE_STDINT_H 1
| #define HAVE_UNISTD_H 1
| #define HAVE_DLFCN_H 1
| #define LT_OBJDIR ".libs/"
| #define HAVE_STDLIB_H 1
| #define HAVE_UNISTD_H 1
| #define HAVE_SYS_PARAM_H 1
| #define HAVE_GETPAGESIZE 1
| #define HAVE_MMAP 1
| #define HAVE_STRUCT_STAT_ST_BLKSIZE 1
| #define HAVE_MALLOC_H 1
| #define HAVE_MALLINFO 1
| #define HAVE_ISNAN 1
| #define HAVE_LIBM 1
| #define HAVE_LIBPTHREAD 1
| #define HAVE_ZLIB_H 1
| #define HAVE_LIBZ 1
| #define HAVE_SZLIB_H 1
| #define HAVE_LIBSZ 1
| #define HAVE_HDF5_H 1
| #define HAVE_LIBHDF5 1
| #define HAVE_NETCDF_H 1
| #define HAVE_LIBNETCDF 1
| /* end confdefs.h.  */
| 
| /* Override any GCC internal prototype to avoid an error.
|    Use char because int might match the return type of a GCC
|    builtin and then its argument prototype would still apply.  */
| #ifdef __cplusplus
| extern "C"
| #endif
| char jas_stream_memopen ();
| int
| main ()
| {
| return jas_stream_memopen ();
|   ;
|   return 0;
| }
configure:23459: gcc -std=gnu99 -o conftest -g -O2 -pthread -I/usrx/local/prod/packages/ips/18.0.1/netcdf/4.5.0/include -I/usrx/local/prod/packages/ips/18.0.1/hdf5/1.10.1/include -I/gpfs/dell2/emc/modeling/save/Dan.Iredell/NCODA/rtofs_glo.v2.0.0/sorc/rtofs_cdo.fd/szip-2.1/include  -I/gpfs/dell2/emc/modeling/save/Dan.Iredell/NCODA/rtofs_glo.v2.0.0/sorc/rtofs_cdo.fd/jasper-1.900.1/include -L/usrx/local/prod/packages/ips/18.0.1/netcdf/4.5.0/lib -L/usrx/local/prod/packages/ips/18.0.1/hdf5/1.10.1/lib -L/gpfs/dell2/emc/modeling/save/Dan.Iredell/NCODA/rtofs_glo.v2.0.0/sorc/rtofs_cdo.fd/szip-2.1/lib  -L/gpfs/dell2/emc/modeling/save/Dan.Iredell/NCODA/rtofs_glo.v2.0.0/sorc/rtofs_cdo.fd/jasper-1.900.1/lib conftest.c -ljasper  -lnetcdf -lhdf5_hl -lhdf5 -lsz -lz  -lm  >&5
/gpfs/dell2/emc/modeling/save/Dan.Iredell/NCODA/rtofs_glo.v2.0.0/sorc/rtofs_cdo.fd/jasper-1.900.1/lib/libjasper.a(jas_stream.o): In function `jas_stream_tmpfile':
/gpfs/dell2/emc/modeling/save/Dan.Iredell/NCODA/rtofs_glo.v2.0.0/sorc/rtofs_cdo.fd/jasper-1.900.1/src/libjasper/base/jas_stream.c:368: warning: the use of `tmpnam' is dangerous, better use `mkstemp'
configure:23459: $? = 0
configure:23476: result: -ljasper
configure:23594: checking grib_api.h usability
configure:23594: gcc -std=gnu99 -c -g -O2 -pthread -I/gpfs/dell2/emc/modeling/save/Dan.Iredell/NCODA/rtofs_glo.v2.0.0/sorc/rtofs_cdo.fd/grib_api-1.9.8/include -I/usrx/local/prod/packages/ips/18.0.1/netcdf/4.5.0/include -I/usrx/local/prod/packages/ips/18.0.1/hdf5/1.10.1/include -I/gpfs/dell2/emc/modeling/save/Dan.Iredell/NCODA/rtofs_glo.v2.0.0/sorc/rtofs_cdo.fd/szip-2.1/include  -I/gpfs/dell2/emc/modeling/save/Dan.Iredell/NCODA/rtofs_glo.v2.0.0/sorc/rtofs_cdo.fd/jasper-1.900.1/include conftest.c >&5
configure:23594: $? = 0
configure:23594: result: yes
configure:23594: checking grib_api.h presence
configure:23594: gcc -E -I/gpfs/dell2/emc/modeling/save/Dan.Iredell/NCODA/rtofs_glo.v2.0.0/sorc/rtofs_cdo.fd/grib_api-1.9.8/include -I/usrx/local/prod/packages/ips/18.0.1/netcdf/4.5.0/include -I/usrx/local/prod/packages/ips/18.0.1/hdf5/1.10.1/include -I/gpfs/dell2/emc/modeling/save/Dan.Iredell/NCODA/rtofs_glo.v2.0.0/sorc/rtofs_cdo.fd/szip-2.1/include  -I/gpfs/dell2/emc/modeling/save/Dan.Iredell/NCODA/rtofs_glo.v2.0.0/sorc/rtofs_cdo.fd/jasper-1.900.1/include conftest.c
configure:23594: $? = 0
configure:23594: result: yes
configure:23594: checking for grib_api.h
configure:23594: result: yes
configure:23604: checking for library containing grib_get_message
configure:23635: gcc -std=gnu99 -o conftest -g -O2 -pthread -I/gpfs/dell2/emc/modeling/save/Dan.Iredell/NCODA/rtofs_glo.v2.0.0/sorc/rtofs_cdo.fd/grib_api-1.9.8/include -I/usrx/local/prod/packages/ips/18.0.1/netcdf/4.5.0/include -I/usrx/local/prod/packages/ips/18.0.1/hdf5/1.10.1/include -I/gpfs/dell2/emc/modeling/save/Dan.Iredell/NCODA/rtofs_glo.v2.0.0/sorc/rtofs_cdo.fd/szip-2.1/include  -I/gpfs/dell2/emc/modeling/save/Dan.Iredell/NCODA/rtofs_glo.v2.0.0/sorc/rtofs_cdo.fd/jasper-1.900.1/include -L/gpfs/dell2/emc/modeling/save/Dan.Iredell/NCODA/rtofs_glo.v2.0.0/sorc/rtofs_cdo.fd/grib_api-1.9.8/lib -L/usrx/local/prod/packages/ips/18.0.1/netcdf/4.5.0/lib -L/usrx/local/prod/packages/ips/18.0.1/hdf5/1.10.1/lib -L/gpfs/dell2/emc/modeling/save/Dan.Iredell/NCODA/rtofs_glo.v2.0.0/sorc/rtofs_cdo.fd/szip-2.1/lib  -L/gpfs/dell2/emc/modeling/save/Dan.Iredell/NCODA/rtofs_glo.v2.0.0/sorc/rtofs_cdo.fd/jasper-1.900.1/lib conftest.c -ljasper -lnetcdf -lhdf5_hl -lhdf5 -lsz -lz  -lm  >&5
/tmp/ccukRDAK.o: In function `main':
/gpfs/dell2/emc/modeling/save/Dan.Iredell/NCODA/rtofs_glo.v2.0.0/sorc/rtofs_cdo.fd/cdo-1.6.0/libcdi/conftest.c:58: undefined reference to `grib_get_message'
collect2: error: ld returned 1 exit status
configure:23635: $? = 1
configure: failed program was:
| /* confdefs.h */
| #define PACKAGE_NAME "cdi"
| #define PACKAGE_TARNAME "cdi"
| #define PACKAGE_VERSION "1.5.0"
| #define PACKAGE_STRING "cdi 1.5.0"
| #define PACKAGE_BUGREPORT "http://code.zmaw.de/projects/cdi"
| #define PACKAGE_URL ""
| #define USER_NAME "Dan.Iredell"
| #define HOST_NAME "v71a1"
| #define SYSTEM_TYPE "x86_64-unknown-linux-gnu"
| #define PACKAGE "cdi"
| #define VERSION "1.5.0"
| #define STDC_HEADERS 1
| #define HAVE_SYS_TYPES_H 1
| #define HAVE_SYS_STAT_H 1
| #define HAVE_STDLIB_H 1
| #define HAVE_STRING_H 1
| #define HAVE_MEMORY_H 1
| #define HAVE_STRINGS_H 1
| #define HAVE_INTTYPES_H 1
| #define HAVE_STDINT_H 1
| #define HAVE_UNISTD_H 1
| #define HAVE_DLFCN_H 1
| #define LT_OBJDIR ".libs/"
| #define HAVE_STDLIB_H 1
| #define HAVE_UNISTD_H 1
| #define HAVE_SYS_PARAM_H 1
| #define HAVE_GETPAGESIZE 1
| #define HAVE_MMAP 1
| #define HAVE_STRUCT_STAT_ST_BLKSIZE 1
| #define HAVE_MALLOC_H 1
| #define HAVE_MALLINFO 1
| #define HAVE_ISNAN 1
| #define HAVE_LIBM 1
| #define HAVE_LIBPTHREAD 1
| #define HAVE_ZLIB_H 1
| #define HAVE_LIBZ 1
| #define HAVE_SZLIB_H 1
| #define HAVE_LIBSZ 1
| #define HAVE_HDF5_H 1
| #define HAVE_LIBHDF5 1
| #define HAVE_NETCDF_H 1
| #define HAVE_LIBNETCDF 1
| #define HAVE_LIBJASPER 1
| #define HAVE_GRIB_API_H 1
| /* end confdefs.h.  */
| 
| /* Override any GCC internal prototype to avoid an error.
|    Use char because int might match the return type of a GCC
|    builtin and then its argument prototype would still apply.  */
| #ifdef __cplusplus
| extern "C"
| #endif
| char grib_get_message ();
| int
| main ()
| {
| return grib_get_message ();
|   ;
|   return 0;
| }
configure:23635: gcc -std=gnu99 -o conftest -g -O2 -pthread -I/gpfs/dell2/emc/modeling/save/Dan.Iredell/NCODA/rtofs_glo.v2.0.0/sorc/rtofs_cdo.fd/grib_api-1.9.8/include -I/usrx/local/prod/packages/ips/18.0.1/netcdf/4.5.0/include -I/usrx/local/prod/packages/ips/18.0.1/hdf5/1.10.1/include -I/gpfs/dell2/emc/modeling/save/Dan.Iredell/NCODA/rtofs_glo.v2.0.0/sorc/rtofs_cdo.fd/szip-2.1/include  -I/gpfs/dell2/emc/modeling/save/Dan.Iredell/NCODA/rtofs_glo.v2.0.0/sorc/rtofs_cdo.fd/jasper-1.900.1/include -L/gpfs/dell2/emc/modeling/save/Dan.Iredell/NCODA/rtofs_glo.v2.0.0/sorc/rtofs_cdo.fd/grib_api-1.9.8/lib -L/usrx/local/prod/packages/ips/18.0.1/netcdf/4.5.0/lib -L/usrx/local/prod/packages/ips/18.0.1/hdf5/1.10.1/lib -L/gpfs/dell2/emc/modeling/save/Dan.Iredell/NCODA/rtofs_glo.v2.0.0/sorc/rtofs_cdo.fd/szip-2.1/lib  -L/gpfs/dell2/emc/modeling/save/Dan.Iredell/NCODA/rtofs_glo.v2.0.0/sorc/rtofs_cdo.fd/jasper-1.900.1/lib conftest.c -lgrib_api  -ljasper -lnetcdf -lhdf5_hl -lhdf5 -lsz -lz  -lm  >&5
/gpfs/dell2/emc/modeling/save/Dan.Iredell/NCODA/rtofs_glo.v2.0.0/sorc/rtofs_cdo.fd/jasper-1.900.1/lib/libjasper.a(jas_stream.o): In function `jas_stream_tmpfile':
/gpfs/dell2/emc/modeling/save/Dan.Iredell/NCODA/rtofs_glo.v2.0.0/sorc/rtofs_cdo.fd/jasper-1.900.1/src/libjasper/base/jas_stream.c:368: warning: the use of `tmpnam' is dangerous, better use `mkstemp'
configure:23635: $? = 0
configure:23652: result: -lgrib_api
configure:23683: checking for GRIB support
configure:23700: result: yes
configure:23706: checking for CGRIBEX support
configure:23723: result: yes
configure:23729: checking for SERVICE support
configure:23746: result: yes
configure:23752: checking for EXTRA support
configure:23769: result: yes
configure:23775: checking for IEG support
configure:23792: result: yes
configure:23824: checking for building an additional static CDI binary
configure:23837: result: no
configure:23888: checking for suffix of module files
configure:23905: gfortran -c -g -O2  conftest.f >&5
configure:23905: $? = 0
configure:23953: result: mod
configure:24204: checking whether the C / Fortran interface works
configure:24226: gcc -std=gnu99 -c -g -O2 -pthread -I/gpfs/dell2/emc/modeling/save/Dan.Iredell/NCODA/rtofs_glo.v2.0.0/sorc/rtofs_cdo.fd/grib_api-1.9.8/include -I/usrx/local/prod/packages/ips/18.0.1/netcdf/4.5.0/include -I/usrx/local/prod/packages/ips/18.0.1/hdf5/1.10.1/include -I/gpfs/dell2/emc/modeling/save/Dan.Iredell/NCODA/rtofs_glo.v2.0.0/sorc/rtofs_cdo.fd/szip-2.1/include  -I/gpfs/dell2/emc/modeling/save/Dan.Iredell/NCODA/rtofs_glo.v2.0.0/sorc/rtofs_cdo.fd/jasper-1.900.1/include conftest.c >&5
configure:24226: $? = 0
configure:24239: result: yes
configure:24411: creating ./config.status

## ---------------------- ##
## Running config.status. ##
## ---------------------- ##

This file was extended by cdi config.status 1.5.0, which was
generated by GNU Autoconf 2.66.  Invocation command line was

  CONFIG_FILES    = 
  CONFIG_HEADERS  = 
  CONFIG_LINKS    = 
  CONFIG_COMMANDS = 
  $ ./config.status 

on v71a1

config.status:1336: creating Makefile
config.status:1336: creating src/Makefile
config.status:1336: creating interfaces/Makefile
config.status:1336: creating app/Makefile
config.status:1336: creating tests/Makefile
config.status:1336: creating examples/Makefile
config.status:1336: creating cdi.settings
config.status:1336: creating src/config.h
config.status:1516: src/config.h is unchanged
config.status:1564: executing depfiles commands
config.status:1564: executing libtool commands
configure:27402: CDI is configured with the following options:
configure:27421:

  Configuration completed.

    You can now say 'make' to compile the CDI package and 'make install' to install it afterwards.


## ---------------- ##
## Cache variables. ##
## ---------------- ##

ac_cv_build=x86_64-unknown-linux-gnu
ac_cv_c_compiler_gnu=yes
ac_cv_cxx_compiler_gnu=yes
ac_cv_env_CCC_set=
ac_cv_env_CCC_value=
ac_cv_env_CC_set=
ac_cv_env_CC_value=
ac_cv_env_CFLAGS_set=
ac_cv_env_CFLAGS_value=
ac_cv_env_CPPFLAGS_set=
ac_cv_env_CPPFLAGS_value=
ac_cv_env_CPP_set=
ac_cv_env_CPP_value=
ac_cv_env_CXXCPP_set=
ac_cv_env_CXXCPP_value=
ac_cv_env_CXXFLAGS_set=
ac_cv_env_CXXFLAGS_value=
ac_cv_env_CXX_set=set
ac_cv_env_CXX_value=icc
ac_cv_env_F77_set=
ac_cv_env_F77_value=
ac_cv_env_FCFLAGS_set=
ac_cv_env_FCFLAGS_value=
ac_cv_env_FCMODEXT_set=
ac_cv_env_FCMODEXT_value=
ac_cv_env_FC_set=
ac_cv_env_FC_value=
ac_cv_env_FFLAGS_set=
ac_cv_env_FFLAGS_value=
ac_cv_env_LDFLAGS_set=
ac_cv_env_LDFLAGS_value=
ac_cv_env_LIBS_set=
ac_cv_env_LIBS_value=
ac_cv_env_build_alias_set=
ac_cv_env_build_alias_value=
ac_cv_env_host_alias_set=
ac_cv_env_host_alias_value=
ac_cv_env_target_alias_set=
ac_cv_env_target_alias_value=
ac_cv_f77_compiler_gnu=yes
ac_cv_fc_compiler_gnu=yes
ac_cv_func_getpagesize=yes
ac_cv_func_isnan=yes
ac_cv_func_mallinfo=yes
ac_cv_func_mmap_fixed_mapped=yes
ac_cv_header_dlfcn_h=yes
ac_cv_header_grib_api_h=yes
ac_cv_header_hdf5_h=yes
ac_cv_header_inttypes_h=yes
ac_cv_header_malloc_h=yes
ac_cv_header_memory_h=yes
ac_cv_header_netcdf_h=yes
ac_cv_header_stdc=yes
ac_cv_header_stdint_h=yes
ac_cv_header_stdlib_h=yes
ac_cv_header_string_h=yes
ac_cv_header_strings_h=yes
ac_cv_header_sys_param_h=yes
ac_cv_header_sys_stat_h=yes
ac_cv_header_sys_types_h=yes
ac_cv_header_szlib_h=yes
ac_cv_header_unistd_h=yes
ac_cv_header_zlib_h=yes
ac_cv_host=x86_64-unknown-linux-gnu
ac_cv_lib_m_floor=yes
ac_cv_lib_malloc_malloc=no
ac_cv_member_struct_stat_st_blksize=yes
ac_cv_objext=o
ac_cv_path_EGREP='/usr/bin/grep -E'
ac_cv_path_FGREP='/usr/bin/grep -F'
ac_cv_path_GREP=/usr/bin/grep
ac_cv_path_SED=/usr/bin/sed
ac_cv_path_install='/usr/bin/install -c'
ac_cv_path_mkdir=/usr/bin/mkdir
ac_cv_prog_AWK=gawk
ac_cv_prog_CPP='gcc -E'
ac_cv_prog_CXXCPP='icc -E'
ac_cv_prog_GREP=/usr/bin/grep
ac_cv_prog_SED=/usr/bin/sed
ac_cv_prog_ac_ct_AR=ar
ac_cv_prog_ac_ct_AS=as
ac_cv_prog_ac_ct_CC=gcc
ac_cv_prog_ac_ct_F77=gfortran
ac_cv_prog_ac_ct_FC=gfortran
ac_cv_prog_ac_ct_LD='/usr/bin/ld -m elf_x86_64'
ac_cv_prog_ac_ct_NM='/usr/bin/nm -B'
ac_cv_prog_ac_ct_OBJDUMP=objdump
ac_cv_prog_ac_ct_RANLIB=ranlib
ac_cv_prog_ac_ct_STRIP=strip
ac_cv_prog_cc_c89=
ac_cv_prog_cc_c99=-std=gnu99
ac_cv_prog_cc_g=yes
ac_cv_prog_cxx_g=yes
ac_cv_prog_f77_g=yes
ac_cv_prog_fc_g=yes
ac_cv_prog_make_make_set=yes
ac_cv_search_H5DSis_scale=-lhdf5_hl
ac_cv_search_H5Fopen=-lhdf5
ac_cv_search_SZ_BufftoBuffCompress=-lsz
ac_cv_search_deflate=-lz
ac_cv_search_grib_get_message=-lgrib_api
ac_cv_search_jas_stream_memopen=-ljasper
ac_cv_search_nc_open=-lnetcdf
ac_cv_sys_file_offset_bits=no
ac_cv_sys_largefile_CC=no
acx_cv_check_cfint=yes
am_cv_CC_dependencies_compiler_type=gcc3
am_cv_CXX_dependencies_compiler_type=gcc3
lt_cv_archive_cmds_need_lc=no
lt_cv_deplibs_check_method=pass_all
lt_cv_file_magic_cmd='$MAGIC_CMD'
lt_cv_file_magic_test_file=
lt_cv_ld_reload_flag=-r
lt_cv_nm_interface='BSD nm'
lt_cv_objdir=.libs
lt_cv_path_LD=/usr/bin/ld
lt_cv_path_LDCXX='/usr/bin/ld -m elf_x86_64'
lt_cv_path_NM='/usr/bin/nm -B'
lt_cv_prog_compiler_c_o=yes
lt_cv_prog_compiler_c_o_CXX=yes
lt_cv_prog_compiler_c_o_F77=yes
lt_cv_prog_compiler_c_o_FC=yes
lt_cv_prog_compiler_pic_works=yes
lt_cv_prog_compiler_pic_works_CXX=yes
lt_cv_prog_compiler_pic_works_F77=yes
lt_cv_prog_compiler_pic_works_FC=yes
lt_cv_prog_compiler_rtti_exceptions=no
lt_cv_prog_compiler_static_works=no
lt_cv_prog_compiler_static_works_CXX=no
lt_cv_prog_compiler_static_works_F77=no
lt_cv_prog_compiler_static_works_FC=no
lt_cv_prog_gnu_ld=yes
lt_cv_prog_gnu_ldcxx=yes
lt_cv_shlibpath_overrides_runpath=no
lt_cv_sys_global_symbol_pipe='sed -n -e '\''s/^.*[	 ]\([ABCDGIRSTW][ABCDGIRSTW]*\)[	 ][	 ]*\([_A-Za-z][_A-Za-z0-9]*\)$/\1 \2 \2/p'\'''
lt_cv_sys_global_symbol_to_c_name_address='sed -n -e '\''s/^: \([^ ]*\) $/  {\"\1\", (void *) 0},/p'\'' -e '\''s/^[ABCDGIRSTW]* \([^ ]*\) \([^ ]*\)$/  {"\2", (void *) \&\2},/p'\'''
lt_cv_sys_global_symbol_to_c_name_address_lib_prefix='sed -n -e '\''s/^: \([^ ]*\) $/  {\"\1\", (void *) 0},/p'\'' -e '\''s/^[ABCDGIRSTW]* \([^ ]*\) \(lib[^ ]*\)$/  {"\2", (void *) \&\2},/p'\'' -e '\''s/^[ABCDGIRSTW]* \([^ ]*\) \([^ ]*\)$/  {"lib\2", (void *) \&\2},/p'\'''
lt_cv_sys_global_symbol_to_cdecl='sed -n -e '\''s/^T .* \(.*\)$/extern int \1();/p'\'' -e '\''s/^[ABCDGIRSTW]* .* \(.*\)$/extern char \1;/p'\'''
lt_cv_sys_max_cmd_len=3458764513820540925

## ----------------- ##
## Output variables. ##
## ----------------- ##

ACLOCAL='${SHELL} /gpfs/dell2/emc/modeling/save/Dan.Iredell/NCODA/rtofs_glo.v2.0.0/sorc/rtofs_cdo.fd/cdo-1.6.0/libcdi/config/missing --run aclocal-1.11'
AMDEPBACKSLASH='\'
AMDEP_FALSE='#'
AMDEP_TRUE=''
AMTAR='${SHELL} /gpfs/dell2/emc/modeling/save/Dan.Iredell/NCODA/rtofs_glo.v2.0.0/sorc/rtofs_cdo.fd/cdo-1.6.0/libcdi/config/missing --run tar'
AR='ar'
AS='as'
AUTOCONF='${SHELL} /gpfs/dell2/emc/modeling/save/Dan.Iredell/NCODA/rtofs_glo.v2.0.0/sorc/rtofs_cdo.fd/cdo-1.6.0/libcdi/config/missing --run autoconf'
AUTOHEADER='${SHELL} /gpfs/dell2/emc/modeling/save/Dan.Iredell/NCODA/rtofs_glo.v2.0.0/sorc/rtofs_cdo.fd/cdo-1.6.0/libcdi/config/missing --run autoheader'
AUTOMAKE='${SHELL} /gpfs/dell2/emc/modeling/save/Dan.Iredell/NCODA/rtofs_glo.v2.0.0/sorc/rtofs_cdo.fd/cdo-1.6.0/libcdi/config/missing --run automake-1.11'
AWK='gawk'
CC='gcc -std=gnu99'
CCDEPMODE='depmode=gcc3'
CFLAGS='-g -O2 -pthread'
CPP='gcc -E'
CPPFLAGS='-I/gpfs/dell2/emc/modeling/save/Dan.Iredell/NCODA/rtofs_glo.v2.0.0/sorc/rtofs_cdo.fd/grib_api-1.9.8/include -I/usrx/local/prod/packages/ips/18.0.1/netcdf/4.5.0/include -I/usrx/local/prod/packages/ips/18.0.1/hdf5/1.10.1/include -I/gpfs/dell2/emc/modeling/save/Dan.Iredell/NCODA/rtofs_glo.v2.0.0/sorc/rtofs_cdo.fd/szip-2.1/include  -I/gpfs/dell2/emc/modeling/save/Dan.Iredell/NCODA/rtofs_glo.v2.0.0/sorc/rtofs_cdo.fd/jasper-1.900.1/include'
CREATE_INTERFACES_FALSE=''
CREATE_INTERFACES_TRUE='#'
CREATE_ISOC_FALSE=''
CREATE_ISOC_TRUE='#'
CXX='icc'
CXXCPP='icc -E'
CXXDEPMODE='depmode=gcc3'
CXXFLAGS='-g -O2'
CYGPATH_W='echo'
DEFS='-DHAVE_CONFIG_H'
DEPDIR='.deps'
DLLTOOL=':'
DSYMUTIL=''
DUMPBIN=''
ECHO_C=''
ECHO_N='-n'
ECHO_T=''
EGREP='/usr/bin/grep -E'
ENABLE_ALL_STATIC_FALSE=''
ENABLE_ALL_STATIC_TRUE='#'
ENABLE_CDI_LIB='false'
ENABLE_CDI_LIB_FALSE=''
ENABLE_CDI_LIB_TRUE='#'
ENABLE_CGRIBEX='yes'
ENABLE_EXTRA='yes'
ENABLE_GRIB='yes'
ENABLE_IEG='yes'
ENABLE_PYTHON='false'
ENABLE_PYTHON_FALSE=''
ENABLE_PYTHON_TRUE='#'
ENABLE_RUBY='false'
ENABLE_RUBY_FALSE=''
ENABLE_RUBY_TRUE='#'
ENABLE_SERVICE='yes'
ENABLE_SWIG_FALSE=''
ENABLE_SWIG_TRUE='#'
EXEEXT=''
F77='gfortran'
FC='gfortran'
FCFLAGS='-g -O2'
FCMODCASE='lc'
FCMODEXT='mod'
FFLAGS='-g -O2'
FGREP='/usr/bin/grep -F'
GREP='/usr/bin/grep'
GRIB_API_INCLUDE=' -I/gpfs/dell2/emc/modeling/save/Dan.Iredell/NCODA/rtofs_glo.v2.0.0/sorc/rtofs_cdo.fd/grib_api-1.9.8/include'
GRIB_API_LDFLAGS=' -L/gpfs/dell2/emc/modeling/save/Dan.Iredell/NCODA/rtofs_glo.v2.0.0/sorc/rtofs_cdo.fd/grib_api-1.9.8/lib -lgrib_api'
HDF5_INCLUDE=' -I/usrx/local/prod/packages/ips/18.0.1/hdf5/1.10.1/include'
HDF5_LDFLAGS=' -L/usrx/local/prod/packages/ips/18.0.1/hdf5/1.10.1/lib -lhdf5'
HOST_NAME='v71a1'
INSTALL_DATA='${INSTALL} -m 644'
INSTALL_PROGRAM='${INSTALL}'
INSTALL_SCRIPT='${INSTALL}'
INSTALL_STRIP_PROGRAM='$(install_sh) -c -s'
JASPER_LDFLAGS=' -L/gpfs/dell2/emc/modeling/save/Dan.Iredell/NCODA/rtofs_glo.v2.0.0/sorc/rtofs_cdo.fd/jasper-1.900.1/lib -ljasper'
LD='/usr/bin/ld -m elf_x86_64'
LDFLAGS='-L/gpfs/dell2/emc/modeling/save/Dan.Iredell/NCODA/rtofs_glo.v2.0.0/sorc/rtofs_cdo.fd/grib_api-1.9.8/lib -L/usrx/local/prod/packages/ips/18.0.1/netcdf/4.5.0/lib -L/usrx/local/prod/packages/ips/18.0.1/hdf5/1.10.1/lib -L/gpfs/dell2/emc/modeling/save/Dan.Iredell/NCODA/rtofs_glo.v2.0.0/sorc/rtofs_cdo.fd/szip-2.1/lib  -L/gpfs/dell2/emc/modeling/save/Dan.Iredell/NCODA/rtofs_glo.v2.0.0/sorc/rtofs_cdo.fd/jasper-1.900.1/lib'
LIBOBJS=''
LIBS='-lgrib_api -ljasper -lnetcdf -lhdf5_hl -lhdf5 -lsz -lz  -lm '
LIBTOOL='$(SHELL) $(top_builddir)/libtool'
LIPO=''
LN_S='ln -s'
LTLIBOBJS=''
MAINT='#'
MAINTAINER_MODE_FALSE=''
MAINTAINER_MODE_TRUE='#'
MAKEINFO='${SHELL} /gpfs/dell2/emc/modeling/save/Dan.Iredell/NCODA/rtofs_glo.v2.0.0/sorc/rtofs_cdo.fd/cdo-1.6.0/libcdi/config/missing --run makeinfo'
MKDIR_P='/usr/bin/mkdir -p'
NETCDF_INCLUDE=' -I/usrx/local/prod/packages/ips/18.0.1/netcdf/4.5.0/include'
NETCDF_LDFLAGS=' -L/usrx/local/prod/packages/ips/18.0.1/netcdf/4.5.0/lib -lnetcdf'
NM='/usr/bin/nm -B'
NMEDIT=''
OBJDUMP='objdump'
OBJEXT='o'
OTOOL64=''
OTOOL=''
PACKAGE='cdi'
PACKAGE_BUGREPORT='http://code.zmaw.de/projects/cdi'
PACKAGE_NAME='cdi'
PACKAGE_STRING='cdi 1.5.0'
PACKAGE_TARNAME='cdi'
PACKAGE_URL=''
PACKAGE_VERSION='1.5.0'
PATH_SEPARATOR=':'
PTHREAD_CC='gcc -std=gnu99'
PTHREAD_CFLAGS='-pthread'
PTHREAD_LIBS=''
PYTHON=''
RANLIB='ranlib'
RUBY=''
SED='/usr/bin/sed'
SET_MAKE=''
SHELL='/bin/sh'
STRIP='strip'
SWIG=''
SYSTEM_TYPE='x86_64-unknown-linux-gnu'
SZLIB_INCLUDE=' -I/gpfs/dell2/emc/modeling/save/Dan.Iredell/NCODA/rtofs_glo.v2.0.0/sorc/rtofs_cdo.fd/szip-2.1/include'
SZLIB_LDFLAGS=' -L/gpfs/dell2/emc/modeling/save/Dan.Iredell/NCODA/rtofs_glo.v2.0.0/sorc/rtofs_cdo.fd/szip-2.1/lib -lsz'
THREADS_INCLUDE=''
THREADS_LDFLAGS=''
USER_NAME='Dan.Iredell'
VERSION='1.5.0'
ZLIB_INCLUDE=''
ZLIB_LDFLAGS=' -lz'
ac_ct_CC='gcc'
ac_ct_CXX=''
ac_ct_DUMPBIN=''
ac_ct_F77='gfortran'
ac_ct_FC='gfortran'
am__EXEEXT_FALSE=''
am__EXEEXT_TRUE='#'
am__fastdepCC_FALSE='#'
am__fastdepCC_TRUE=''
am__fastdepCXX_FALSE='#'
am__fastdepCXX_TRUE=''
am__include='include'
am__isrc=''
am__leading_dot='.'
am__quote=''
am__tar='${AMTAR} chof - "$$tardir"'
am__untar='${AMTAR} xf -'
ax_pthread_config=''
bindir='${exec_prefix}/bin'
build='x86_64-unknown-linux-gnu'
build_alias=''
build_cpu='x86_64'
build_os='linux-gnu'
build_vendor='unknown'
datadir='${datarootdir}'
datarootdir='${prefix}/share'
docdir='${datarootdir}/doc/${PACKAGE_TARNAME}'
dvidir='${docdir}'
exec_prefix='${prefix}'
host='x86_64-unknown-linux-gnu'
host_alias=''
host_cpu='x86_64'
host_os='linux-gnu'
host_vendor='unknown'
htmldir='${docdir}'
includedir='${prefix}/include'
infodir='${datarootdir}/info'
install_sh='${SHELL} /gpfs/dell2/emc/modeling/save/Dan.Iredell/NCODA/rtofs_glo.v2.0.0/sorc/rtofs_cdo.fd/cdo-1.6.0/libcdi/config/install-sh'
libdir='${exec_prefix}/lib'
libexecdir='${exec_prefix}/libexec'
localedir='${datarootdir}/locale'
localstatedir='${prefix}/var'
mandir='${datarootdir}/man'
mkdir_p='/usr/bin/mkdir -p'
oldincludedir='/usr/include'
pdfdir='${docdir}'
prefix='/gpfs/dell2/emc/modeling/save/Dan.Iredell/NCODA/rtofs_glo.v2.0.0/sorc/rtofs_cdo.fd'
program_transform_name='s,x,x,'
psdir='${docdir}'
sbindir='${exec_prefix}/sbin'
sharedstatedir='${prefix}/com'
sysconfdir='${prefix}/etc'
target_alias=''

## ----------- ##
## confdefs.h. ##
## ----------- ##

/* confdefs.h */
#define PACKAGE_NAME "cdi"
#define PACKAGE_TARNAME "cdi"
#define PACKAGE_VERSION "1.5.0"
#define PACKAGE_STRING "cdi 1.5.0"
#define PACKAGE_BUGREPORT "http://code.zmaw.de/projects/cdi"
#define PACKAGE_URL ""
#define USER_NAME "Dan.Iredell"
#define HOST_NAME "v71a1"
#define SYSTEM_TYPE "x86_64-unknown-linux-gnu"
#define PACKAGE "cdi"
#define VERSION "1.5.0"
#define STDC_HEADERS 1
#define HAVE_SYS_TYPES_H 1
#define HAVE_SYS_STAT_H 1
#define HAVE_STDLIB_H 1
#define HAVE_STRING_H 1
#define HAVE_MEMORY_H 1
#define HAVE_STRINGS_H 1
#define HAVE_INTTYPES_H 1
#define HAVE_STDINT_H 1
#define HAVE_UNISTD_H 1
#define HAVE_DLFCN_H 1
#define LT_OBJDIR ".libs/"
#define HAVE_STDLIB_H 1
#define HAVE_UNISTD_H 1
#define HAVE_SYS_PARAM_H 1
#define HAVE_GETPAGESIZE 1
#define HAVE_MMAP 1
#define HAVE_STRUCT_STAT_ST_BLKSIZE 1
#define HAVE_MALLOC_H 1
#define HAVE_MALLINFO 1
#define HAVE_ISNAN 1
#define HAVE_LIBM 1
#define HAVE_LIBPTHREAD 1
#define HAVE_ZLIB_H 1
#define HAVE_LIBZ 1
#define HAVE_SZLIB_H 1
#define HAVE_LIBSZ 1
#define HAVE_HDF5_H 1
#define HAVE_LIBHDF5 1
#define HAVE_NETCDF_H 1
#define HAVE_LIBNETCDF 1
#define HAVE_LIBJASPER 1
#define HAVE_GRIB_API_H 1
#define HAVE_LIBGRIB_API 1
#define HAVE_LIBGRIB 1
#define HAVE_LIBCGRIBEX 1
#define HAVE_LIBSERVICE 1
#define HAVE_LIBEXTRA 1
#define HAVE_LIBIEG 1
#define HAVE_CF_INTERFACE 1

configure: exit 0
