setenv HC ../../GLBb0.08/src_2.2.99DHMTi-900-distB_relo_cice_v4.0e
foreach f ( comp_ice.csh */*.F90 */*/*.F90 )
C *****     *****     *****     *****     *****     *****     *****
diff -ibw comp_ice.csh ../../GLBb0.08/src_2.2.99DHMTi-900-distB_relo_cice_v4.0e/comp_ice.csh
end
C *****     *****     *****     *****     *****     *****     *****
diff -ibw csm_share/shr_orb_mod.F90 ../../GLBb0.08/src_2.2.99DHMTi-900-distB_relo_cice_v4.0e/csm_share/shr_orb_mod.F90
end
C *****     *****     *****     *****     *****     *****     *****
diff -ibw mpi/ice_boundary.F90 ../../GLBb0.08/src_2.2.99DHMTi-900-distB_relo_cice_v4.0e/mpi/ice_boundary.F90
end
C *****     *****     *****     *****     *****     *****     *****
diff -ibw mpi/ice_broadcast.F90 ../../GLBb0.08/src_2.2.99DHMTi-900-distB_relo_cice_v4.0e/mpi/ice_broadcast.F90
end
C *****     *****     *****     *****     *****     *****     *****
diff -ibw mpi/ice_communicate.F90 ../../GLBb0.08/src_2.2.99DHMTi-900-distB_relo_cice_v4.0e/mpi/ice_communicate.F90
end
C *****     *****     *****     *****     *****     *****     *****
diff -ibw mpi/ice_exit.F90 ../../GLBb0.08/src_2.2.99DHMTi-900-distB_relo_cice_v4.0e/mpi/ice_exit.F90
end
C *****     *****     *****     *****     *****     *****     *****
diff -ibw mpi/ice_gather_scatter.F90 ../../GLBb0.08/src_2.2.99DHMTi-900-distB_relo_cice_v4.0e/mpi/ice_gather_scatter.F90
end
C *****     *****     *****     *****     *****     *****     *****
diff -ibw mpi/ice_global_reductions.F90 ../../GLBb0.08/src_2.2.99DHMTi-900-distB_relo_cice_v4.0e/mpi/ice_global_reductions.F90
end
C *****     *****     *****     *****     *****     *****     *****
diff -ibw mpi/ice_timers.F90 ../../GLBb0.08/src_2.2.99DHMTi-900-distB_relo_cice_v4.0e/mpi/ice_timers.F90
end
C *****     *****     *****     *****     *****     *****     *****
diff -ibw source/ice_age.F90 ../../GLBb0.08/src_2.2.99DHMTi-900-distB_relo_cice_v4.0e/source/ice_age.F90
end
C *****     *****     *****     *****     *****     *****     *****
diff -ibw source/ice_atmo.F90 ../../GLBb0.08/src_2.2.99DHMTi-900-distB_relo_cice_v4.0e/source/ice_atmo.F90
end
C *****     *****     *****     *****     *****     *****     *****
diff -ibw source/ice_blocks.F90 ../../GLBb0.08/src_2.2.99DHMTi-900-distB_relo_cice_v4.0e/source/ice_blocks.F90
end
C *****     *****     *****     *****     *****     *****     *****
diff -ibw source/ice_calendar.F90 ../../GLBb0.08/src_2.2.99DHMTi-900-distB_relo_cice_v4.0e/source/ice_calendar.F90
414,415d413
<           if (istep == 2*npt12hr)  &
<                 write_restart = 1  !24 hours into the run
end
C *****     *****     *****     *****     *****     *****     *****
diff -ibw source/ice_coupling.F90 ../../GLBb0.08/src_2.2.99DHMTi-900-distB_relo_cice_v4.0e/source/ice_coupling.F90
end
C *****     *****     *****     *****     *****     *****     *****
diff -ibw source/ice_diagnostics.F90 ../../GLBb0.08/src_2.2.99DHMTi-900-distB_relo_cice_v4.0e/source/ice_diagnostics.F90
end
C *****     *****     *****     *****     *****     *****     *****
diff -ibw source/ice_distribution.F90 ../../GLBb0.08/src_2.2.99DHMTi-900-distB_relo_cice_v4.0e/source/ice_distribution.F90
end
C *****     *****     *****     *****     *****     *****     *****
diff -ibw source/ice_domain.F90 ../../GLBb0.08/src_2.2.99DHMTi-900-distB_relo_cice_v4.0e/source/ice_domain.F90
end
C *****     *****     *****     *****     *****     *****     *****
diff -ibw source/ice_domain_size.F90 ../../GLBb0.08/src_2.2.99DHMTi-900-distB_relo_cice_v4.0e/source/ice_domain_size.F90
end
C *****     *****     *****     *****     *****     *****     *****
diff -ibw source/ice_dyn_evp.F90 ../../GLBb0.08/src_2.2.99DHMTi-900-distB_relo_cice_v4.0e/source/ice_dyn_evp.F90
end
C *****     *****     *****     *****     *****     *****     *****
diff -ibw source/ice_fileunits.F90 ../../GLBb0.08/src_2.2.99DHMTi-900-distB_relo_cice_v4.0e/source/ice_fileunits.F90
end
C *****     *****     *****     *****     *****     *****     *****
diff -ibw source/ice_flux.F90 ../../GLBb0.08/src_2.2.99DHMTi-900-distB_relo_cice_v4.0e/source/ice_flux.F90
end
C *****     *****     *****     *****     *****     *****     *****
diff -ibw source/ice_forcing.F90 ../../GLBb0.08/src_2.2.99DHMTi-900-distB_relo_cice_v4.0e/source/ice_forcing.F90
end
C *****     *****     *****     *****     *****     *****     *****
diff -ibw source/ice_grid.F90 ../../GLBb0.08/src_2.2.99DHMTi-900-distB_relo_cice_v4.0e/source/ice_grid.F90
end
C *****     *****     *****     *****     *****     *****     *****
diff -ibw source/ice_history.F90 ../../GLBb0.08/src_2.2.99DHMTi-900-distB_relo_cice_v4.0e/source/ice_history.F90
end
C *****     *****     *****     *****     *****     *****     *****
diff -ibw source/ice_init.F90 ../../GLBb0.08/src_2.2.99DHMTi-900-distB_relo_cice_v4.0e/source/ice_init.F90
end
C *****     *****     *****     *****     *****     *****     *****
diff -ibw source/ice_itd.F90 ../../GLBb0.08/src_2.2.99DHMTi-900-distB_relo_cice_v4.0e/source/ice_itd.F90
end
C *****     *****     *****     *****     *****     *****     *****
diff -ibw source/ice_kinds_mod.F90 ../../GLBb0.08/src_2.2.99DHMTi-900-distB_relo_cice_v4.0e/source/ice_kinds_mod.F90
end
C *****     *****     *****     *****     *****     *****     *****
diff -ibw source/ice_mechred.F90 ../../GLBb0.08/src_2.2.99DHMTi-900-distB_relo_cice_v4.0e/source/ice_mechred.F90
end
C *****     *****     *****     *****     *****     *****     *****
diff -ibw source/ice_meltpond.F90 ../../GLBb0.08/src_2.2.99DHMTi-900-distB_relo_cice_v4.0e/source/ice_meltpond.F90
end
C *****     *****     *****     *****     *****     *****     *****
diff -ibw source/ice_ocean.F90 ../../GLBb0.08/src_2.2.99DHMTi-900-distB_relo_cice_v4.0e/source/ice_ocean.F90
end
C *****     *****     *****     *****     *****     *****     *****
diff -ibw source/ice_orbital.F90 ../../GLBb0.08/src_2.2.99DHMTi-900-distB_relo_cice_v4.0e/source/ice_orbital.F90
end
C *****     *****     *****     *****     *****     *****     *****
diff -ibw source/ice_read_write.F90 ../../GLBb0.08/src_2.2.99DHMTi-900-distB_relo_cice_v4.0e/source/ice_read_write.F90
end
C *****     *****     *****     *****     *****     *****     *****
diff -ibw source/ice_restart.F90 ../../GLBb0.08/src_2.2.99DHMTi-900-distB_relo_cice_v4.0e/source/ice_restart.F90
end
C *****     *****     *****     *****     *****     *****     *****
diff -ibw source/ice_restoring.F90 ../../GLBb0.08/src_2.2.99DHMTi-900-distB_relo_cice_v4.0e/source/ice_restoring.F90
end
C *****     *****     *****     *****     *****     *****     *****
diff -ibw source/ice_shortwave.F90 ../../GLBb0.08/src_2.2.99DHMTi-900-distB_relo_cice_v4.0e/source/ice_shortwave.F90
end
C *****     *****     *****     *****     *****     *****     *****
diff -ibw source/ice_spacecurve.F90 ../../GLBb0.08/src_2.2.99DHMTi-900-distB_relo_cice_v4.0e/source/ice_spacecurve.F90
end
C *****     *****     *****     *****     *****     *****     *****
diff -ibw source/ice_state.F90 ../../GLBb0.08/src_2.2.99DHMTi-900-distB_relo_cice_v4.0e/source/ice_state.F90
end
C *****     *****     *****     *****     *****     *****     *****
diff -ibw source/ice_step_mod.F90 ../../GLBb0.08/src_2.2.99DHMTi-900-distB_relo_cice_v4.0e/source/ice_step_mod.F90
end
C *****     *****     *****     *****     *****     *****     *****
diff -ibw source/ice_therm_itd.F90 ../../GLBb0.08/src_2.2.99DHMTi-900-distB_relo_cice_v4.0e/source/ice_therm_itd.F90
end
C *****     *****     *****     *****     *****     *****     *****
diff -ibw source/ice_therm_vertical.F90 ../../GLBb0.08/src_2.2.99DHMTi-900-distB_relo_cice_v4.0e/source/ice_therm_vertical.F90
end
C *****     *****     *****     *****     *****     *****     *****
diff -ibw source/ice_transport_driver.F90 ../../GLBb0.08/src_2.2.99DHMTi-900-distB_relo_cice_v4.0e/source/ice_transport_driver.F90
end
C *****     *****     *****     *****     *****     *****     *****
diff -ibw source/ice_transport_remap.F90 ../../GLBb0.08/src_2.2.99DHMTi-900-distB_relo_cice_v4.0e/source/ice_transport_remap.F90
end
C *****     *****     *****     *****     *****     *****     *****
diff -ibw source/ice_work.F90 ../../GLBb0.08/src_2.2.99DHMTi-900-distB_relo_cice_v4.0e/source/ice_work.F90
end
C *****     *****     *****     *****     *****     *****     *****
diff -ibw drivers/esmf/CICE_ComponentMod.F90 ../../GLBb0.08/src_2.2.99DHMTi-900-distB_relo_cice_v4.0e/drivers/esmf/CICE_ComponentMod.F90
end
C *****     *****     *****     *****     *****     *****     *****
diff -ibw drivers/esmf/CICE_FinalMod.F90 ../../GLBb0.08/src_2.2.99DHMTi-900-distB_relo_cice_v4.0e/drivers/esmf/CICE_FinalMod.F90
end
C *****     *****     *****     *****     *****     *****     *****
diff -ibw drivers/esmf/CICE_InitMod.F90 ../../GLBb0.08/src_2.2.99DHMTi-900-distB_relo_cice_v4.0e/drivers/esmf/CICE_InitMod.F90
end
C *****     *****     *****     *****     *****     *****     *****
diff -ibw drivers/esmf/CICE_RunMod.F90 ../../GLBb0.08/src_2.2.99DHMTi-900-distB_relo_cice_v4.0e/drivers/esmf/CICE_RunMod.F90
end
C *****     *****     *****     *****     *****     *****     *****
diff -ibw drivers/esmf/ice_constants.F90 ../../GLBb0.08/src_2.2.99DHMTi-900-distB_relo_cice_v4.0e/drivers/esmf/ice_constants.F90
end
foreach f ( config/*_cice hycom/*.[Ffh] )
C *****     *****     *****     *****     *****     *****     *****
diff -ibw config/Aintelsse-impi_cice ../../GLBb0.08/src_2.2.99DHMTi-900-distB_relo_cice_v4.0e/config/Aintelsse-impi_cice
end
C *****     *****     *****     *****     *****     *****     *****
diff -ibw config/Aintelsse-impi-relo_cice ../../GLBb0.08/src_2.2.99DHMTi-900-distB_relo_cice_v4.0e/config/Aintelsse-impi-relo_cice
end
C *****     *****     *****     *****     *****     *****     *****
diff -ibw config/Axc30-intel-relo_cice ../../GLBb0.08/src_2.2.99DHMTi-900-distB_relo_cice_v4.0e/config/Axc30-intel-relo_cice
end
C *****     *****     *****     *****     *****     *****     *****
diff -ibw config/Axc40-intel-relo_cice ../../GLBb0.08/src_2.2.99DHMTi-900-distB_relo_cice_v4.0e/config/Axc40-intel-relo_cice
end
C *****     *****     *****     *****     *****     *****     *****
diff -ibw config/xc40-intel-relo_cice ../../GLBb0.08/src_2.2.99DHMTi-900-distB_relo_cice_v4.0e/config/xc40-intel-relo_cice
end
C *****     *****     *****     *****     *****     *****     *****
diff -ibw hycom/barotp.F ../../GLBb0.08/src_2.2.99DHMTi-900-distB_relo_cice_v4.0e/hycom/barotp.F
end
C *****     *****     *****     *****     *****     *****     *****
diff -ibw hycom/bigrid.f ../../GLBb0.08/src_2.2.99DHMTi-900-distB_relo_cice_v4.0e/hycom/bigrid.f
end
C *****     *****     *****     *****     *****     *****     *****
diff -ibw hycom/blkdat.F ../../GLBb0.08/src_2.2.99DHMTi-900-distB_relo_cice_v4.0e/hycom/blkdat.F
end
C *****     *****     *****     *****     *****     *****     *****
diff -ibw hycom/cnuity.F ../../GLBb0.08/src_2.2.99DHMTi-900-distB_relo_cice_v4.0e/hycom/cnuity.F
end
C *****     *****     *****     *****     *****     *****     *****
diff -ibw hycom/convec.F ../../GLBb0.08/src_2.2.99DHMTi-900-distB_relo_cice_v4.0e/hycom/convec.F
end
C *****     *****     *****     *****     *****     *****     *****
diff -ibw hycom/diapfl.F ../../GLBb0.08/src_2.2.99DHMTi-900-distB_relo_cice_v4.0e/hycom/diapfl.F
end
C *****     *****     *****     *****     *****     *****     *****
diff -ibw hycom/dimensions.h ../../GLBb0.08/src_2.2.99DHMTi-900-distB_relo_cice_v4.0e/hycom/dimensions.h
end
C *****     *****     *****     *****     *****     *****     *****
diff -ibw hycom/dimensions_relo.h ../../GLBb0.08/src_2.2.99DHMTi-900-distB_relo_cice_v4.0e/hycom/dimensions_relo.h
end
C *****     *****     *****     *****     *****     *****     *****
diff -ibw hycom/dpthuv.F ../../GLBb0.08/src_2.2.99DHMTi-900-distB_relo_cice_v4.0e/hycom/dpthuv.F
end
C *****     *****     *****     *****     *****     *****     *****
diff -ibw hycom/dpudpv.F ../../GLBb0.08/src_2.2.99DHMTi-900-distB_relo_cice_v4.0e/hycom/dpudpv.F
end
C *****     *****     *****     *****     *****     *****     *****
diff -ibw hycom/forfun.f ../../GLBb0.08/src_2.2.99DHMTi-900-distB_relo_cice_v4.0e/hycom/forfun.f
end
C *****     *****     *****     *****     *****     *****     *****
diff -ibw hycom/forfun_test.f ../../GLBb0.08/src_2.2.99DHMTi-900-distB_relo_cice_v4.0e/hycom/forfun_test.f
end
C *****     *****     *****     *****     *****     *****     *****
diff -ibw hycom/geopar.F ../../GLBb0.08/src_2.2.99DHMTi-900-distB_relo_cice_v4.0e/hycom/geopar.F
end
C *****     *****     *****     *****     *****     *****     *****
diff -ibw hycom/hybgen.F ../../GLBb0.08/src_2.2.99DHMTi-900-distB_relo_cice_v4.0e/hycom/hybgen.F
end
C *****     *****     *****     *****     *****     *****     *****
diff -ibw hycom/hycom_cice.F ../../GLBb0.08/src_2.2.99DHMTi-900-distB_relo_cice_v4.0e/hycom/hycom_cice.F
end
C *****     *****     *****     *****     *****     *****     *****
diff -ibw hycom/hycom.F ../../GLBb0.08/src_2.2.99DHMTi-900-distB_relo_cice_v4.0e/hycom/hycom.F
end
C *****     *****     *****     *****     *****     *****     *****
diff -ibw hycom/icloan.F ../../GLBb0.08/src_2.2.99DHMTi-900-distB_relo_cice_v4.0e/hycom/icloan.F
end
C *****     *****     *****     *****     *****     *****     *****
diff -ibw hycom/inicon.F ../../GLBb0.08/src_2.2.99DHMTi-900-distB_relo_cice_v4.0e/hycom/inicon.F
end
C *****     *****     *****     *****     *****     *****     *****
diff -ibw hycom/inigiss.f ../../GLBb0.08/src_2.2.99DHMTi-900-distB_relo_cice_v4.0e/hycom/inigiss.f
end
C *****     *****     *****     *****     *****     *****     *****
diff -ibw hycom/inikpp.f ../../GLBb0.08/src_2.2.99DHMTi-900-distB_relo_cice_v4.0e/hycom/inikpp.f
end
C *****     *****     *****     *****     *****     *****     *****
diff -ibw hycom/inimy.f ../../GLBb0.08/src_2.2.99DHMTi-900-distB_relo_cice_v4.0e/hycom/inimy.f
end
C *****     *****     *****     *****     *****     *****     *****
diff -ibw hycom/isnan.F ../../GLBb0.08/src_2.2.99DHMTi-900-distB_relo_cice_v4.0e/hycom/isnan.F
end
C *****     *****     *****     *****     *****     *****     *****
diff -ibw hycom/latbdy.F ../../GLBb0.08/src_2.2.99DHMTi-900-distB_relo_cice_v4.0e/hycom/latbdy.F
end
C *****     *****     *****     *****     *****     *****     *****
diff -ibw hycom/machine.F ../../GLBb0.08/src_2.2.99DHMTi-900-distB_relo_cice_v4.0e/hycom/machine.F
end
C *****     *****     *****     *****     *****     *****     *****
diff -ibw hycom/matinv.f ../../GLBb0.08/src_2.2.99DHMTi-900-distB_relo_cice_v4.0e/hycom/matinv.f
end
C *****     *****     *****     *****     *****     *****     *****
diff -ibw hycom/mod_archiv.F ../../GLBb0.08/src_2.2.99DHMTi-900-distB_relo_cice_v4.0e/hycom/mod_archiv.F
end
C *****     *****     *****     *****     *****     *****     *****
diff -ibw hycom/mod_cb_arrays.F ../../GLBb0.08/src_2.2.99DHMTi-900-distB_relo_cice_v4.0e/hycom/mod_cb_arrays.F
end
C *****     *****     *****     *****     *****     *****     *****
diff -ibw hycom/mod_dimensions.F ../../GLBb0.08/src_2.2.99DHMTi-900-distB_relo_cice_v4.0e/hycom/mod_dimensions.F
end
C *****     *****     *****     *****     *****     *****     *****
diff -ibw hycom/mod_floats.F ../../GLBb0.08/src_2.2.99DHMTi-900-distB_relo_cice_v4.0e/hycom/mod_floats.F
end
C *****     *****     *****     *****     *****     *****     *****
diff -ibw hycom/mod_hycom.F ../../GLBb0.08/src_2.2.99DHMTi-900-distB_relo_cice_v4.0e/hycom/mod_hycom.F
end
C *****     *****     *****     *****     *****     *****     *****
diff -ibw hycom/mod_incupd.F ../../GLBb0.08/src_2.2.99DHMTi-900-distB_relo_cice_v4.0e/hycom/mod_incupd.F
0a1,11
> c #
> c DISTRIBUTION STATEMENT B: Distribution authorized to U.S. Government
> c agencies based upon the reasons of possible Premature Distribution
> c and the possibility of containing Software Documentation as listed
> c on Table 1 of DoD Instruction 5230.24, Distribution Statements on
> c Technical Documents, of 23 August 2012. Other requests for this
> c document shall be made to Dr. Ruth H. Preller, Superintendent,
> c Oceanography Division, U.S. Naval Research Laboratory, DEPARTMENT
> c OF THE NAVY, John C. Stennis Space Center, MS 39529-5004; (228)
> c 688-4670 (voice); ruth.preller@nrlssc.navy.mil (e-mail).
> c #
502,503c513,514
<       call rd_archive(ubinc, cfield,layer, 925)  !u_btrop or covice or mix_dpth or kemix
<       if     (cfield.eq.'mix_dpth' .or. cfield.eq.'kemix') then
---
>       call rd_archive(ubinc, cfield,layer, 925)  !u_btrop or covice or mix_dpth
>       if     (cfield.eq.'mix_dpth') then
989,990c1000,1001
<       call rd_archive(ubinc, cfield,layer, 925)  !u_btrop or covice or kemix
<       if     (cfield.eq.'kemix') then
---
>       call rd_archive(ubinc, cfield,layer, 925)  !u_btrop or covice or mix_dpth
>       if     (cfield.eq.'mix_dpth') then
1333d1343
< c> Jul  2017 - bugfix for steric in archive
end
C *****     *****     *****     *****     *****     *****     *****
diff -ibw hycom/mod_mean.F ../../GLBb0.08/src_2.2.99DHMTi-900-distB_relo_cice_v4.0e/hycom/mod_mean.F
end
C *****     *****     *****     *****     *****     *****     *****
diff -ibw hycom/mod_momtum.F ../../GLBb0.08/src_2.2.99DHMTi-900-distB_relo_cice_v4.0e/hycom/mod_momtum.F
end
C *****     *****     *****     *****     *****     *****     *****
diff -ibw hycom/mod_OICPL.F ../../GLBb0.08/src_2.2.99DHMTi-900-distB_relo_cice_v4.0e/hycom/mod_OICPL.F
end
C *****     *****     *****     *****     *****     *****     *****
diff -ibw hycom/mod_pipe.F ../../GLBb0.08/src_2.2.99DHMTi-900-distB_relo_cice_v4.0e/hycom/mod_pipe.F
end
C *****     *****     *****     *****     *****     *****     *****
diff -ibw hycom/mod_stokes.F ../../GLBb0.08/src_2.2.99DHMTi-900-distB_relo_cice_v4.0e/hycom/mod_stokes.F
end
C *****     *****     *****     *****     *****     *****     *****
diff -ibw hycom/mod_tides.F ../../GLBb0.08/src_2.2.99DHMTi-900-distB_relo_cice_v4.0e/hycom/mod_tides.F
end
C *****     *****     *****     *****     *****     *****     *****
diff -ibw hycom/mod_tsadvc.F ../../GLBb0.08/src_2.2.99DHMTi-900-distB_relo_cice_v4.0e/hycom/mod_tsadvc.F
end
C *****     *****     *****     *****     *****     *****     *****
diff -ibw hycom/mod_xc.F ../../GLBb0.08/src_2.2.99DHMTi-900-distB_relo_cice_v4.0e/hycom/mod_xc.F
end
C *****     *****     *****     *****     *****     *****     *****
diff -ibw hycom/mod_xc_mp.h ../../GLBb0.08/src_2.2.99DHMTi-900-distB_relo_cice_v4.0e/hycom/mod_xc_mp.h
end
C *****     *****     *****     *****     *****     *****     *****
diff -ibw hycom/mod_xc_sm.h ../../GLBb0.08/src_2.2.99DHMTi-900-distB_relo_cice_v4.0e/hycom/mod_xc_sm.h
end
C *****     *****     *****     *****     *****     *****     *****
diff -ibw hycom/mod_za.F ../../GLBb0.08/src_2.2.99DHMTi-900-distB_relo_cice_v4.0e/hycom/mod_za.F
end
C *****     *****     *****     *****     *****     *****     *****
diff -ibw hycom/mod_za_mp1.h ../../GLBb0.08/src_2.2.99DHMTi-900-distB_relo_cice_v4.0e/hycom/mod_za_mp1.h
end
C *****     *****     *****     *****     *****     *****     *****
diff -ibw hycom/mod_za_mp.h ../../GLBb0.08/src_2.2.99DHMTi-900-distB_relo_cice_v4.0e/hycom/mod_za_mp.h
end
C *****     *****     *****     *****     *****     *****     *****
diff -ibw hycom/mod_za_sm.h ../../GLBb0.08/src_2.2.99DHMTi-900-distB_relo_cice_v4.0e/hycom/mod_za_sm.h
end
C *****     *****     *****     *****     *****     *****     *****
diff -ibw hycom/mod_za_zt.h ../../GLBb0.08/src_2.2.99DHMTi-900-distB_relo_cice_v4.0e/hycom/mod_za_zt.h
end
C *****     *****     *****     *****     *****     *****     *****
diff -ibw hycom/mxkprf.F ../../GLBb0.08/src_2.2.99DHMTi-900-distB_relo_cice_v4.0e/hycom/mxkprf.F
end
C *****     *****     *****     *****     *****     *****     *****
diff -ibw hycom/mxkrt.F ../../GLBb0.08/src_2.2.99DHMTi-900-distB_relo_cice_v4.0e/hycom/mxkrt.F
end
C *****     *****     *****     *****     *****     *****     *****
diff -ibw hycom/mxkrtm.F ../../GLBb0.08/src_2.2.99DHMTi-900-distB_relo_cice_v4.0e/hycom/mxkrtm.F
end
C *****     *****     *****     *****     *****     *****     *****
diff -ibw hycom/mxpwp.F ../../GLBb0.08/src_2.2.99DHMTi-900-distB_relo_cice_v4.0e/hycom/mxpwp.F
end
C *****     *****     *****     *****     *****     *****     *****
diff -ibw hycom/overtn.F ../../GLBb0.08/src_2.2.99DHMTi-900-distB_relo_cice_v4.0e/hycom/overtn.F
end
C *****     *****     *****     *****     *****     *****     *****
diff -ibw hycom/poflat.f ../../GLBb0.08/src_2.2.99DHMTi-900-distB_relo_cice_v4.0e/hycom/poflat.f
end
C *****     *****     *****     *****     *****     *****     *****
diff -ibw hycom/prtmsk.f ../../GLBb0.08/src_2.2.99DHMTi-900-distB_relo_cice_v4.0e/hycom/prtmsk.f
end
C *****     *****     *****     *****     *****     *****     *****
diff -ibw hycom/psmoo.f ../../GLBb0.08/src_2.2.99DHMTi-900-distB_relo_cice_v4.0e/hycom/psmoo.f
end
C *****     *****     *****     *****     *****     *****     *****
diff -ibw hycom/restart.f ../../GLBb0.08/src_2.2.99DHMTi-900-distB_relo_cice_v4.0e/hycom/restart.f
end
C *****     *****     *****     *****     *****     *****     *****
diff -ibw hycom/stmt_fns.h ../../GLBb0.08/src_2.2.99DHMTi-900-distB_relo_cice_v4.0e/hycom/stmt_fns.h
end
C *****     *****     *****     *****     *****     *****     *****
diff -ibw hycom/thermf.F ../../GLBb0.08/src_2.2.99DHMTi-900-distB_relo_cice_v4.0e/hycom/thermf.F
end
C *****     *****     *****     *****     *****     *****     *****
diff -ibw hycom/trcupd.F ../../GLBb0.08/src_2.2.99DHMTi-900-distB_relo_cice_v4.0e/hycom/trcupd.F
end
C *****     *****     *****     *****     *****     *****     *****
diff -ibw hycom/unit_offset.h ../../GLBb0.08/src_2.2.99DHMTi-900-distB_relo_cice_v4.0e/hycom/unit_offset.h
end
C *****     *****     *****     *****     *****     *****     *****
diff -ibw hycom/wtime.F ../../GLBb0.08/src_2.2.99DHMTi-900-distB_relo_cice_v4.0e/hycom/wtime.F
end
