foreach f ( READ* Makefile Make.com *.h *.f *.F *.c )
echo *****     *****     *****     *****     *****     *****     *****
*****     *****     *****     *****     *****     *****     *****
diff -ibw README.src.MICOMvsHYCOM ../../GLBa0.08/src_2.2.03r_32_mpi
end
echo *****     *****     *****     *****     *****     *****     *****
*****     *****     *****     *****     *****     *****     *****
diff -ibw README.src.OpenMP ../../GLBa0.08/src_2.2.03r_32_mpi
end
echo *****     *****     *****     *****     *****     *****     *****
*****     *****     *****     *****     *****     *****     *****
diff -ibw README.src.changes ../../GLBa0.08/src_2.2.03r_32_mpi
end
echo *****     *****     *****     *****     *****     *****     *****
*****     *****     *****     *****     *****     *****     *****
diff -ibw README.src.changes_1p0 ../../GLBa0.08/src_2.2.03r_32_mpi
end
echo *****     *****     *****     *****     *****     *****     *****
*****     *****     *****     *****     *****     *****     *****
diff -ibw README.src.changes_2p0 ../../GLBa0.08/src_2.2.03r_32_mpi
end
echo *****     *****     *****     *****     *****     *****     *****
*****     *****     *****     *****     *****     *****     *****
diff -ibw README.src.cice ../../GLBa0.08/src_2.2.03r_32_mpi
end
echo *****     *****     *****     *****     *****     *****     *****
*****     *****     *****     *****     *****     *****     *****
diff -ibw README.src.esmf ../../GLBa0.08/src_2.2.03r_32_mpi
end
echo *****     *****     *****     *****     *****     *****     *****
*****     *****     *****     *****     *****     *****     *****
diff -ibw README.src.hycom2p1 ../../GLBa0.08/src_2.2.03r_32_mpi
end
echo *****     *****     *****     *****     *****     *****     *****
*****     *****     *****     *****     *****     *****     *****
diff -ibw README.src.hycom2p2 ../../GLBa0.08/src_2.2.03r_32_mpi
end
echo *****     *****     *****     *****     *****     *****     *****
*****     *****     *****     *****     *****     *****     *****
diff -ibw README.src.make ../../GLBa0.08/src_2.2.03r_32_mpi
end
echo *****     *****     *****     *****     *****     *****     *****
*****     *****     *****     *****     *****     *****     *****
diff -ibw README.src.mod_xc ../../GLBa0.08/src_2.2.03r_32_mpi
end
echo *****     *****     *****     *****     *****     *****     *****
*****     *****     *****     *****     *****     *****     *****
diff -ibw README.src.mod_za ../../GLBa0.08/src_2.2.03r_32_mpi
end
echo *****     *****     *****     *****     *****     *****     *****
*****     *****     *****     *****     *****     *****     *****
diff -ibw README.src.newmachine ../../GLBa0.08/src_2.2.03r_32_mpi
end
echo *****     *****     *****     *****     *****     *****     *****
*****     *****     *****     *****     *****     *****     *****
diff -ibw README.src.newregion ../../GLBa0.08/src_2.2.03r_32_mpi
end
echo *****     *****     *****     *****     *****     *****     *****
*****     *****     *****     *****     *****     *****     *****
diff -ibw README.src.test ../../GLBa0.08/src_2.2.03r_32_mpi
end
echo *****     *****     *****     *****     *****     *****     *****
*****     *****     *****     *****     *****     *****     *****
diff -ibw Makefile ../../GLBa0.08/src_2.2.03r_32_mpi
end
echo *****     *****     *****     *****     *****     *****     *****
*****     *****     *****     *****     *****     *****     *****
diff -ibw Make.com ../../GLBa0.08/src_2.2.03r_32_mpi
end
echo *****     *****     *****     *****     *****     *****     *****
*****     *****     *****     *****     *****     *****     *****
diff -ibw common_blocks.h ../../GLBa0.08/src_2.2.03r_32_mpi
end
echo *****     *****     *****     *****     *****     *****     *****
*****     *****     *****     *****     *****     *****     *****
diff -ibw dimensions.h ../../GLBa0.08/src_2.2.03r_32_mpi
9c9
<       parameter (itdm= 500,jtdm= 382,kdm=32)  ! GLBt0.72
---
>       parameter (itdm=4500,jtdm=3298,kdm=32)  ! GLBa0.08
14c14
<       parameter (iqr=10,jqr=10)  ! multiple tiles (TYPE=ompi or mpi or shmem)
---
>       parameter (iqr=50,jqr=50)  ! multiple tiles (TYPE=ompi or mpi or shmem)
20c20,21
<       parameter (idm= 125,jdm=  96)  ! NMPI=16,24,32,40,47,64
---
> *     parameter (idm= 250,jdm= 107)  ! NMPI=758,781,806,834,858,879
>       parameter (idm= 300,jdm= 184)  ! NMPI=378,713,1388
34c35
<       parameter (kkmy25=kdm)  ! must be -1 or kdm
---
>       parameter (kkmy25= -1)  ! must be -1 or kdm
end
echo *****     *****     *****     *****     *****     *****     *****
*****     *****     *****     *****     *****     *****     *****
diff -ibw mod_xc_mp.h ../../GLBa0.08/src_2.2.03r_32_mpi
end
echo *****     *****     *****     *****     *****     *****     *****
*****     *****     *****     *****     *****     *****     *****
diff -ibw mod_xc_sm.h ../../GLBa0.08/src_2.2.03r_32_mpi
end
echo *****     *****     *****     *****     *****     *****     *****
*****     *****     *****     *****     *****     *****     *****
diff -ibw mod_za_mp.h ../../GLBa0.08/src_2.2.03r_32_mpi
end
echo *****     *****     *****     *****     *****     *****     *****
*****     *****     *****     *****     *****     *****     *****
diff -ibw mod_za_mp1.h ../../GLBa0.08/src_2.2.03r_32_mpi
end
echo *****     *****     *****     *****     *****     *****     *****
*****     *****     *****     *****     *****     *****     *****
diff -ibw mod_za_sm.h ../../GLBa0.08/src_2.2.03r_32_mpi
end
echo *****     *****     *****     *****     *****     *****     *****
*****     *****     *****     *****     *****     *****     *****
diff -ibw stmt_fns.h ../../GLBa0.08/src_2.2.03r_32_mpi
end
echo *****     *****     *****     *****     *****     *****     *****
*****     *****     *****     *****     *****     *****     *****
diff -ibw unit_offset.h ../../GLBa0.08/src_2.2.03r_32_mpi
end
echo *****     *****     *****     *****     *****     *****     *****
*****     *****     *****     *****     *****     *****     *****
diff -ibw archiv.f ../../GLBa0.08/src_2.2.03r_32_mpi
end
echo *****     *****     *****     *****     *****     *****     *****
*****     *****     *****     *****     *****     *****     *****
diff -ibw barotp.f ../../GLBa0.08/src_2.2.03r_32_mpi
end
echo *****     *****     *****     *****     *****     *****     *****
*****     *****     *****     *****     *****     *****     *****
diff -ibw bigrid.f ../../GLBa0.08/src_2.2.03r_32_mpi
end
echo *****     *****     *****     *****     *****     *****     *****
*****     *****     *****     *****     *****     *****     *****
diff -ibw cnuity.f ../../GLBa0.08/src_2.2.03r_32_mpi
end
echo *****     *****     *****     *****     *****     *****     *****
*****     *****     *****     *****     *****     *****     *****
diff -ibw convec.f ../../GLBa0.08/src_2.2.03r_32_mpi
end
echo *****     *****     *****     *****     *****     *****     *****
*****     *****     *****     *****     *****     *****     *****
diff -ibw diapfl.f ../../GLBa0.08/src_2.2.03r_32_mpi
end
echo *****     *****     *****     *****     *****     *****     *****
*****     *****     *****     *****     *****     *****     *****
diff -ibw dpthuv.f ../../GLBa0.08/src_2.2.03r_32_mpi
end
echo *****     *****     *****     *****     *****     *****     *****
*****     *****     *****     *****     *****     *****     *****
diff -ibw dpudpv.f ../../GLBa0.08/src_2.2.03r_32_mpi
end
echo *****     *****     *****     *****     *****     *****     *****
*****     *****     *****     *****     *****     *****     *****
diff -ibw forfun.f ../../GLBa0.08/src_2.2.03r_32_mpi
end
echo *****     *****     *****     *****     *****     *****     *****
*****     *****     *****     *****     *****     *****     *****
diff -ibw hybgen.f ../../GLBa0.08/src_2.2.03r_32_mpi
end
echo *****     *****     *****     *****     *****     *****     *****
*****     *****     *****     *****     *****     *****     *****
diff -ibw icloan.f ../../GLBa0.08/src_2.2.03r_32_mpi
end
echo *****     *****     *****     *****     *****     *****     *****
*****     *****     *****     *****     *****     *****     *****
diff -ibw inicon.f ../../GLBa0.08/src_2.2.03r_32_mpi
end
echo *****     *****     *****     *****     *****     *****     *****
*****     *****     *****     *****     *****     *****     *****
diff -ibw inigiss.f ../../GLBa0.08/src_2.2.03r_32_mpi
end
echo *****     *****     *****     *****     *****     *****     *****
*****     *****     *****     *****     *****     *****     *****
diff -ibw inikpp.f ../../GLBa0.08/src_2.2.03r_32_mpi
end
echo *****     *****     *****     *****     *****     *****     *****
*****     *****     *****     *****     *****     *****     *****
diff -ibw inimy.f ../../GLBa0.08/src_2.2.03r_32_mpi
end
echo *****     *****     *****     *****     *****     *****     *****
*****     *****     *****     *****     *****     *****     *****
diff -ibw latbdy.f ../../GLBa0.08/src_2.2.03r_32_mpi
end
echo *****     *****     *****     *****     *****     *****     *****
*****     *****     *****     *****     *****     *****     *****
diff -ibw matinv.f ../../GLBa0.08/src_2.2.03r_32_mpi
end
echo *****     *****     *****     *****     *****     *****     *****
*****     *****     *****     *****     *****     *****     *****
diff -ibw momtum.f ../../GLBa0.08/src_2.2.03r_32_mpi
end
echo *****     *****     *****     *****     *****     *****     *****
*****     *****     *****     *****     *****     *****     *****
diff -ibw mxkprf.f ../../GLBa0.08/src_2.2.03r_32_mpi
end
echo *****     *****     *****     *****     *****     *****     *****
*****     *****     *****     *****     *****     *****     *****
diff -ibw mxkrt.f ../../GLBa0.08/src_2.2.03r_32_mpi
end
echo *****     *****     *****     *****     *****     *****     *****
*****     *****     *****     *****     *****     *****     *****
diff -ibw mxkrtm.f ../../GLBa0.08/src_2.2.03r_32_mpi
end
echo *****     *****     *****     *****     *****     *****     *****
*****     *****     *****     *****     *****     *****     *****
diff -ibw mxpwp.f ../../GLBa0.08/src_2.2.03r_32_mpi
end
echo *****     *****     *****     *****     *****     *****     *****
*****     *****     *****     *****     *****     *****     *****
diff -ibw overtn.f ../../GLBa0.08/src_2.2.03r_32_mpi
end
echo *****     *****     *****     *****     *****     *****     *****
*****     *****     *****     *****     *****     *****     *****
diff -ibw poflat.f ../../GLBa0.08/src_2.2.03r_32_mpi
end
echo *****     *****     *****     *****     *****     *****     *****
*****     *****     *****     *****     *****     *****     *****
diff -ibw prtmsk.f ../../GLBa0.08/src_2.2.03r_32_mpi
end
echo *****     *****     *****     *****     *****     *****     *****
*****     *****     *****     *****     *****     *****     *****
diff -ibw psmoo.f ../../GLBa0.08/src_2.2.03r_32_mpi
end
echo *****     *****     *****     *****     *****     *****     *****
*****     *****     *****     *****     *****     *****     *****
diff -ibw restart.f ../../GLBa0.08/src_2.2.03r_32_mpi
end
echo *****     *****     *****     *****     *****     *****     *****
*****     *****     *****     *****     *****     *****     *****
diff -ibw thermf.f ../../GLBa0.08/src_2.2.03r_32_mpi
end
echo *****     *****     *****     *****     *****     *****     *****
*****     *****     *****     *****     *****     *****     *****
diff -ibw trcupd.f ../../GLBa0.08/src_2.2.03r_32_mpi
end
echo *****     *****     *****     *****     *****     *****     *****
*****     *****     *****     *****     *****     *****     *****
diff -ibw tsadvc.f ../../GLBa0.08/src_2.2.03r_32_mpi
end
echo *****     *****     *****     *****     *****     *****     *****
*****     *****     *****     *****     *****     *****     *****
diff -ibw blkdat.F ../../GLBa0.08/src_2.2.03r_32_mpi
end
echo *****     *****     *****     *****     *****     *****     *****
*****     *****     *****     *****     *****     *****     *****
diff -ibw geopar.F ../../GLBa0.08/src_2.2.03r_32_mpi
end
echo *****     *****     *****     *****     *****     *****     *****
*****     *****     *****     *****     *****     *****     *****
diff -ibw hycom.F ../../GLBa0.08/src_2.2.03r_32_mpi
end
echo *****     *****     *****     *****     *****     *****     *****
*****     *****     *****     *****     *****     *****     *****
diff -ibw hycom_cice.F ../../GLBa0.08/src_2.2.03r_32_mpi
end
echo *****     *****     *****     *****     *****     *****     *****
*****     *****     *****     *****     *****     *****     *****
diff -ibw isnan.F ../../GLBa0.08/src_2.2.03r_32_mpi
end
echo *****     *****     *****     *****     *****     *****     *****
*****     *****     *****     *****     *****     *****     *****
diff -ibw machine.F ../../GLBa0.08/src_2.2.03r_32_mpi
end
echo *****     *****     *****     *****     *****     *****     *****
*****     *****     *****     *****     *****     *****     *****
diff -ibw mod_OICPL.F ../../GLBa0.08/src_2.2.03r_32_mpi
end
echo *****     *****     *****     *****     *****     *****     *****
*****     *****     *****     *****     *****     *****     *****
diff -ibw mod_dimensions.F ../../GLBa0.08/src_2.2.03r_32_mpi
end
echo *****     *****     *****     *****     *****     *****     *****
*****     *****     *****     *****     *****     *****     *****
diff -ibw mod_floats.F ../../GLBa0.08/src_2.2.03r_32_mpi
end
echo *****     *****     *****     *****     *****     *****     *****
*****     *****     *****     *****     *****     *****     *****
diff -ibw mod_hycom.F ../../GLBa0.08/src_2.2.03r_32_mpi
end
echo *****     *****     *****     *****     *****     *****     *****
*****     *****     *****     *****     *****     *****     *****
diff -ibw mod_incupd.F ../../GLBa0.08/src_2.2.03r_32_mpi
end
echo *****     *****     *****     *****     *****     *****     *****
*****     *****     *****     *****     *****     *****     *****
diff -ibw mod_mean.F ../../GLBa0.08/src_2.2.03r_32_mpi
end
echo *****     *****     *****     *****     *****     *****     *****
*****     *****     *****     *****     *****     *****     *****
diff -ibw mod_pipe.F ../../GLBa0.08/src_2.2.03r_32_mpi
end
echo *****     *****     *****     *****     *****     *****     *****
*****     *****     *****     *****     *****     *****     *****
diff -ibw mod_tides.F ../../GLBa0.08/src_2.2.03r_32_mpi
end
echo *****     *****     *****     *****     *****     *****     *****
*****     *****     *****     *****     *****     *****     *****
diff -ibw mod_xc.F ../../GLBa0.08/src_2.2.03r_32_mpi
end
echo *****     *****     *****     *****     *****     *****     *****
*****     *****     *****     *****     *****     *****     *****
diff -ibw mod_za.F ../../GLBa0.08/src_2.2.03r_32_mpi
end
echo *****     *****     *****     *****     *****     *****     *****
*****     *****     *****     *****     *****     *****     *****
diff -ibw wtime.F ../../GLBa0.08/src_2.2.03r_32_mpi
end
echo *****     *****     *****     *****     *****     *****     *****
*****     *****     *****     *****     *****     *****     *****
diff -ibw machi_c.c ../../GLBa0.08/src_2.2.03r_32_mpi
end
