term xterm
cd /gpfs/m/marine/save/wx20am/NAVO/t_global/src_2.2.03r_32_mpi
setenv ARCH sp5
setenv TYPE `echo $cwd | awk -F"_" '{print $NF}'`
echo /gpfs/m/marine/save/wx20am/NAVO/t_global/src_2.2.03r_32_mpi
if ( ! -e ../config/sp5_mpi ) then
if ( mpi == esmf ) then
make hycom ARCH=sp5 TYPE=mpi
	\rm -f mod_dimensions.F.f
	/usr/lib/cpp -P -DAIX -DREAL8 -DMPI -DSERIAL_IO -DTIMER mod_dimensions.F | sed -e '/^ *$/d' > mod_dimensions.F.f
	mpxlf95 -qfixed -O3 -qstrict -qarch=pwr5 -qtune=pwr5 -qcache=auto -qspillsize=32000 -qrealsize=8 -qintsize=4 -q64 -qwarn64 -c mod_dimensions.F.f
** mod_dimensions   === End of Compilation 1 ===
1501-510  Compilation successful for file mod_dimensions.F.f.
	\mv mod_dimensions.F.o mod_dimensions.o
	\rm -f mod_dimensions.F.f
	\rm -f mod_xc.F.f
	/usr/lib/cpp -P -DAIX -DREAL8 -DMPI -DSERIAL_IO -DTIMER mod_xc.F | sed -e '/^ *$/d' > mod_xc.F.f
	mpxlf95 -qfixed -O3 -qstrict -qarch=pwr5 -qtune=pwr5 -qcache=auto -qspillsize=32000 -qrealsize=8 -qintsize=4 -q64 -qwarn64 -c mod_xc.F.f
** mod_xc   === End of Compilation 1 ===
1501-510  Compilation successful for file mod_xc.F.f.
	\mv mod_xc.F.o mod_xc.o
	\rm -f mod_xc.F.f
	\rm -f mod_za.F.f
	/usr/lib/cpp -P -DAIX -DREAL8 -DMPI -DSERIAL_IO -DTIMER mod_za.F | sed -e '/^ *$/d' > mod_za.F.f
	mpxlf95 -qfixed -O3 -qstrict -qarch=pwr5 -qtune=pwr5 -qcache=auto -qspillsize=32000 -qrealsize=8 -qintsize=4 -q64 -qwarn64 -c mod_za.F.f
** mod_za   === End of Compilation 1 ===
1501-510  Compilation successful for file mod_za.F.f.
	\mv mod_za.F.o mod_za.o
	\rm -f mod_za.F.f
	\rm -f mod_pipe.F.f
	/usr/lib/cpp -P -DAIX -DREAL8 -DMPI -DSERIAL_IO -DTIMER mod_pipe.F | sed -e '/^ *$/d' > mod_pipe.F.f
	mpxlf95 -qfixed -O3 -qstrict -qarch=pwr5 -qtune=pwr5 -qcache=auto -qspillsize=32000 -qrealsize=8 -qintsize=4 -q64 -qwarn64 -c mod_pipe.F.f
** mod_pipe   === End of Compilation 1 ===
1501-510  Compilation successful for file mod_pipe.F.f.
	\mv mod_pipe.F.o mod_pipe.o
	\rm -f mod_pipe.F.f
	\rm -f mod_incupd.F.f
	/usr/lib/cpp -P -DAIX -DREAL8 -DMPI -DSERIAL_IO -DTIMER mod_incupd.F | sed -e '/^ *$/d' > mod_incupd.F.f
	mpxlf95 -qfixed -O3 -qstrict -qarch=pwr5 -qtune=pwr5 -qcache=auto -qspillsize=32000 -qrealsize=8 -qintsize=4 -q64 -qwarn64 -c mod_incupd.F.f
** mod_incupd   === End of Compilation 1 ===
1501-510  Compilation successful for file mod_incupd.F.f.
	\mv mod_incupd.F.o mod_incupd.o
	\rm -f mod_incupd.F.f
	\rm -f mod_floats.F.f
	/usr/lib/cpp -P -DAIX -DREAL8 -DMPI -DSERIAL_IO -DTIMER mod_floats.F | sed -e '/^ *$/d' > mod_floats.F.f
	mpxlf95 -qfixed -O3 -qstrict -qarch=pwr5 -qtune=pwr5 -qcache=auto -qspillsize=32000 -qrealsize=8 -qintsize=4 -q64 -qwarn64 -c mod_floats.F.f
** mod_floats   === End of Compilation 1 ===
** f_invmtx   === End of Compilation 2 ===
** ierinv_f   === End of Compilation 3 ===
** f_stat   === End of Compilation 4 ===
** rantab_ini   === End of Compilation 5 ===
** rantab   === End of Compilation 6 ===
** grand_rt   === End of Compilation 7 ===
** udev_rt   === End of Compilation 8 ===
1501-510  Compilation successful for file mod_floats.F.f.
	\mv mod_floats.F.o mod_floats.o
	\rm -f mod_floats.F.f
	\rm -f mod_tides.F.f
	/usr/lib/cpp -P -DAIX -DREAL8 -DMPI -DSERIAL_IO -DTIMER mod_tides.F | sed -e '/^ *$/d' > mod_tides.F.f
	mpxlf95 -qfixed -O3 -qstrict -qarch=pwr5 -qtune=pwr5 -qcache=auto -qspillsize=32000 -qrealsize=8 -qintsize=4 -q64 -qwarn64 -c mod_tides.F.f
** mod_tides   === End of Compilation 1 ===
1501-510  Compilation successful for file mod_tides.F.f.
	\mv mod_tides.F.o mod_tides.o
	\rm -f mod_tides.F.f
	\rm -f mod_mean.F.f
	/usr/lib/cpp -P -DAIX -DREAL8 -DMPI -DSERIAL_IO -DTIMER mod_mean.F | sed -e '/^ *$/d' > mod_mean.F.f
	mpxlf95 -qfixed -O3 -qstrict -qarch=pwr5 -qtune=pwr5 -qcache=auto -qspillsize=32000 -qrealsize=8 -qintsize=4 -q64 -qwarn64 -c mod_mean.F.f
** mod_mean   === End of Compilation 1 ===
1501-510  Compilation successful for file mod_mean.F.f.
	\mv mod_mean.F.o mod_mean.o
	\rm -f mod_mean.F.f
	\rm -f mod_hycom.F.f
	/usr/lib/cpp -P -DAIX -DREAL8 -DMPI -DSERIAL_IO -DTIMER mod_hycom.F | sed -e '/^ *$/d' > mod_hycom.F.f
	mpxlf95 -qfixed -O3 -qstrict -qarch=pwr5 -qtune=pwr5 -qcache=auto -qspillsize=32000 -qrealsize=8 -qintsize=4 -q64 -qwarn64 -c mod_hycom.F.f
** mod_hycom   === End of Compilation 1 ===
1501-510  Compilation successful for file mod_hycom.F.f.
	\mv mod_hycom.F.o mod_hycom.o
	\rm -f mod_hycom.F.f
	mpxlf95             -qfixed -O3 -qstrict -qarch=pwr5 -qtune=pwr5 -qcache=auto -qspillsize=32000 -qrealsize=8 -qintsize=4 -q64 -qwarn64 -c archiv.f
** archiv   === End of Compilation 1 ===
1501-510  Compilation successful for file archiv.f.
	mpxlf95             -qfixed -O3 -qstrict -qarch=pwr5 -qtune=pwr5 -qcache=auto -qspillsize=32000 -qrealsize=8 -qintsize=4 -q64 -qwarn64 -c barotp.f
** barotp   === End of Compilation 1 ===
1501-510  Compilation successful for file barotp.f.
	mpxlf95             -qfixed -O3 -qstrict -qarch=pwr5 -qtune=pwr5 -qcache=auto -qspillsize=32000 -qrealsize=8 -qintsize=4 -q64 -qwarn64 -c bigrid.f
** bigrid   === End of Compilation 1 ===
** indxi   === End of Compilation 2 ===
** indxj   === End of Compilation 3 ===
1501-510  Compilation successful for file bigrid.f.
	\rm -f blkdat.F.f
	/usr/lib/cpp -P -DAIX -DREAL8 -DMPI -DSERIAL_IO -DTIMER blkdat.F | sed -e '/^ *$/d' > blkdat.F.f
	mpxlf95 -qfixed -O3 -qstrict -qarch=pwr5 -qtune=pwr5 -qcache=auto -qspillsize=32000 -qrealsize=8 -qintsize=4 -q64 -qwarn64 -c blkdat.F.f
** blkdat   === End of Compilation 1 ===
** blkinr   === End of Compilation 2 ===
** blkin8   === End of Compilation 3 ===
** blkini   === End of Compilation 4 ===
** blkinl   === End of Compilation 5 ===
1501-510  Compilation successful for file blkdat.F.f.
	\mv blkdat.F.o blkdat.o
	\rm -f blkdat.F.f
	mpxlf95             -qfixed -O3 -qstrict -qarch=pwr5 -qtune=pwr5 -qcache=auto -qspillsize=32000 -qrealsize=8 -qintsize=4 -q64 -qwarn64 -c cnuity.f
** cnuity   === End of Compilation 1 ===
1501-510  Compilation successful for file cnuity.f.
	mpxlf95             -qfixed -O3 -qstrict -qarch=pwr5 -qtune=pwr5 -qcache=auto -qspillsize=32000 -qrealsize=8 -qintsize=4 -q64 -qwarn64 -c convec.f
** convch   === End of Compilation 1 ===
** convcm   === End of Compilation 2 ===
1501-510  Compilation successful for file convec.f.
	mpxlf95             -qfixed -O3 -qstrict -qarch=pwr5 -qtune=pwr5 -qcache=auto -qspillsize=32000 -qrealsize=8 -qintsize=4 -q64 -qwarn64 -c diapfl.f
** diapf1   === End of Compilation 1 ===
** diapf1aj   === End of Compilation 2 ===
** diapf1bj   === End of Compilation 3 ===
** diapf1aij   === End of Compilation 4 ===
** diapf1uij   === End of Compilation 5 ===
** diapf1vij   === End of Compilation 6 ===
** diapf2   === End of Compilation 7 ===
** diapf2j   === End of Compilation 8 ===
** diapf3   === End of Compilation 9 ===
** diapf3j   === End of Compilation 10 ===
1501-510  Compilation successful for file diapfl.f.
	mpxlf95             -qfixed -O3 -qstrict -qarch=pwr5 -qtune=pwr5 -qcache=auto -qspillsize=32000 -qrealsize=8 -qintsize=4 -q64 -qwarn64 -c dpthuv.f
** dpthuv   === End of Compilation 1 ===
1501-510  Compilation successful for file dpthuv.f.
	mpxlf95             -qfixed -O3 -qstrict -qarch=pwr5 -qtune=pwr5 -qcache=auto -qspillsize=32000 -qrealsize=8 -qintsize=4 -q64 -qwarn64 -c dpudpv.f
** dpudpv   === End of Compilation 1 ===
** dpudpvj   === End of Compilation 2 ===
1501-510  Compilation successful for file dpudpv.f.
	mpxlf95             -qfixed -O3 -qstrict -qarch=pwr5 -qtune=pwr5 -qcache=auto -qspillsize=32000 -qrealsize=8 -qintsize=4 -q64 -qwarn64 -c forfun.f
** forday   === End of Compilation 1 ===
** forfuna   === End of Compilation 2 ===
** forfund   === End of Compilation 3 ===
** forfunh   === End of Compilation 4 ===
** forfunk   === End of Compilation 5 ===
** forfunp   === End of Compilation 6 ===
** forfunr   === End of Compilation 7 ===
** forfunt   === End of Compilation 8 ===
** forfunv   === End of Compilation 9 ===
** forfundf   === End of Compilation 10 ===
** preambl_print   === End of Compilation 11 ===
** rdmonth   === End of Compilation 12 ===
** rdmonthck   === End of Compilation 13 ===
** skmonth   === End of Compilation 14 ===
** rdpall   === End of Compilation 15 ===
** rdpall1   === End of Compilation 16 ===
** rdforf   === End of Compilation 17 ===
** rdkpar   === End of Compilation 18 ===
** rdrivr   === End of Compilation 19 ===
** rdrlax   === End of Compilation 20 ===
** rdbaro   === End of Compilation 21 ===
** rdbaro_in   === End of Compilation 22 ===
** rdnest   === End of Compilation 23 ===
** rdnest_in   === End of Compilation 24 ===
** rd_archive   === End of Compilation 25 ===
** str2spd   === End of Compilation 26 ===
1501-510  Compilation successful for file forfun.f.
	\rm -f geopar.F.f
	/usr/lib/cpp -P -DAIX -DREAL8 -DMPI -DSERIAL_IO -DTIMER geopar.F | sed -e '/^ *$/d' > geopar.F.f
	mpxlf95 -qfixed -O3 -qstrict -qarch=pwr5 -qtune=pwr5 -qcache=auto -qspillsize=32000 -qrealsize=8 -qintsize=4 -q64 -qwarn64 -c geopar.F.f
** geopar   === End of Compilation 1 ===
1501-510  Compilation successful for file geopar.F.f.
	\mv geopar.F.o geopar.o
	\rm -f geopar.F.f
	mpxlf95             -qfixed -O3 -qstrict -qarch=pwr5 -qtune=pwr5 -qcache=auto -qspillsize=32000 -qrealsize=8 -qintsize=4 -q64 -qwarn64 -c hybgen.f
** hybgen   === End of Compilation 1 ===
** hybgenaj   === End of Compilation 2 ===
** hybgenbj   === End of Compilation 3 ===
1501-510  Compilation successful for file hybgen.f.
	mpxlf95             -qfixed -O3 -qstrict -qarch=pwr5 -qtune=pwr5 -qcache=auto -qspillsize=32000 -qrealsize=8 -qintsize=4 -q64 -qwarn64 -c icloan.f
** icloan   === End of Compilation 1 ===
1501-510  Compilation successful for file icloan.f.
	mpxlf95             -qfixed -O3 -qstrict -qarch=pwr5 -qtune=pwr5 -qcache=auto -qspillsize=32000 -qrealsize=8 -qintsize=4 -q64 -qwarn64 -c inicon.f
** inicon   === End of Compilation 1 ===
1501-510  Compilation successful for file inicon.f.
	mpxlf95             -qfixed -O3 -qstrict -qarch=pwr5 -qtune=pwr5 -qcache=auto -qspillsize=32000 -qrealsize=8 -qintsize=4 -q64 -qwarn64 -c inigiss.f
** inigiss   === End of Compilation 1 ===
** oursal2_1a   === End of Compilation 2 ===
** fct_sal   === End of Compilation 3 ===
** smshsc_a3   === End of Compilation 4 ===
** rtwi   === End of Compilation 5 ===
** interp2d_expabs   === End of Compilation 6 ===
1501-510  Compilation successful for file inigiss.f.
	mpxlf95             -qfixed -O3 -qstrict -qarch=pwr5 -qtune=pwr5 -qcache=auto -qspillsize=32000 -qrealsize=8 -qintsize=4 -q64 -qwarn64 -c inikpp.f
** inikpp   === End of Compilation 1 ===
1501-510  Compilation successful for file inikpp.f.
	mpxlf95             -qfixed -O3 -qstrict -qarch=pwr5 -qtune=pwr5 -qcache=auto -qspillsize=32000 -qrealsize=8 -qintsize=4 -q64 -qwarn64 -c inimy.f
** inimy   === End of Compilation 1 ===
1501-510  Compilation successful for file inimy.f.
	mpxlf95             -qfixed -O3 -qstrict -qarch=pwr5 -qtune=pwr5 -qcache=auto -qspillsize=32000 -qrealsize=8 -qintsize=4 -q64 -qwarn64 -c latbdy.f
** latbdf   === End of Compilation 1 ===
** latbdp   === End of Compilation 2 ===
** latbdt   === End of Compilation 3 ===
1501-510  Compilation successful for file latbdy.f.
	mpxlf95             -qfixed -O3 -qstrict -qarch=pwr5 -qtune=pwr5 -qcache=auto -qspillsize=32000 -qrealsize=8 -qintsize=4 -q64 -qwarn64 -c matinv.f
** tridcof   === End of Compilation 1 ===
** tridrhs   === End of Compilation 2 ===
** tridmat   === End of Compilation 3 ===
1501-510  Compilation successful for file matinv.f.
	mpxlf95             -qfixed -O3 -qstrict -qarch=pwr5 -qtune=pwr5 -qcache=auto -qspillsize=32000 -qrealsize=8 -qintsize=4 -q64 -qwarn64 -c momtum.f
** momtum_hs   === End of Compilation 1 ===
** momtum   === End of Compilation 2 ===
** momtum4   === End of Compilation 3 ===
1501-510  Compilation successful for file momtum.f.
	mpxlf95             -qfixed -O3 -qstrict -qarch=pwr5 -qtune=pwr5 -qcache=auto -qspillsize=32000 -qrealsize=8 -qintsize=4 -q64 -qwarn64 -c mxkprf.f
** mxkprf   === End of Compilation 1 ===
** mxkprfaj   === End of Compilation 2 ===
** mxkprfbj   === End of Compilation 3 ===
** mxkprfcj   === End of Compilation 4 ===
** mxkppaij   === End of Compilation 5 ===
** mxmyaij   === End of Compilation 6 ===
** mxgissaij   === End of Compilation 7 ===
** mxkprfbij   === End of Compilation 8 ===
** mxkprfciju   === End of Compilation 9 ===
** mxkprfcijv   === End of Compilation 10 ===
** wscale   === End of Compilation 11 ===
1501-510  Compilation successful for file mxkprf.f.
	mpxlf95             -qfixed -O3 -qstrict -qarch=pwr5 -qtune=pwr5 -qcache=auto -qspillsize=32000 -qrealsize=8 -qintsize=4 -q64 -qwarn64 -c mxkrt.f
** mxkrta   === End of Compilation 1 ===
** mxkrtaaj   === End of Compilation 2 ===
** mxkrtabj   === End of Compilation 3 ===
** mxkrtb   === End of Compilation 4 ===
** mxkrtbaj   === End of Compilation 5 ===
** mxkrtbbj   === End of Compilation 6 ===
1501-510  Compilation successful for file mxkrt.f.
	mpxlf95             -qfixed -O3 -qstrict -qarch=pwr5 -qtune=pwr5 -qcache=auto -qspillsize=32000 -qrealsize=8 -qintsize=4 -q64 -qwarn64 -c mxkrtm.f
** mxkrtm   === End of Compilation 1 ===
** mxkrtmaj   === End of Compilation 2 ===
** mxkrtmbj   === End of Compilation 3 ===
1501-510  Compilation successful for file mxkrtm.f.
	mpxlf95             -qfixed -O3 -qstrict -qarch=pwr5 -qtune=pwr5 -qcache=auto -qspillsize=32000 -qrealsize=8 -qintsize=4 -q64 -qwarn64 -c mxpwp.f
** mxpwp   === End of Compilation 1 ===
** mxpwpaj   === End of Compilation 2 ===
** mxpwpbj   === End of Compilation 3 ===
** mxpwpaij   === End of Compilation 4 ===
** mxpwpbiju   === End of Compilation 5 ===
** mxpwpbijv   === End of Compilation 6 ===
** mlbdep   === End of Compilation 7 ===
1501-510  Compilation successful for file mxpwp.f.
	mpxlf95             -qfixed -O3 -qstrict -qarch=pwr5 -qtune=pwr5 -qcache=auto -qspillsize=32000 -qrealsize=8 -qintsize=4 -q64 -qwarn64 -c overtn.f
** overtn   === End of Compilation 1 ===
1501-510  Compilation successful for file overtn.f.
	mpxlf95             -qfixed -O3 -qstrict -qarch=pwr5 -qtune=pwr5 -qcache=auto -qspillsize=32000 -qrealsize=8 -qintsize=4 -q64 -qwarn64 -c poflat.f
** profile_lat   === End of Compilation 1 ===
** poflat   === End of Compilation 2 ===
** roflat   === End of Compilation 3 ===
1501-510  Compilation successful for file poflat.f.
	mpxlf95             -qfixed -O3 -qstrict -qarch=pwr5 -qtune=pwr5 -qcache=auto -qspillsize=32000 -qrealsize=8 -qintsize=4 -q64 -qwarn64 -c prtmsk.f
** prtmsk   === End of Compilation 1 ===
1501-510  Compilation successful for file prtmsk.f.
	mpxlf95             -qfixed -O3 -qstrict -qarch=pwr5 -qtune=pwr5 -qcache=auto -qspillsize=32000 -qrealsize=8 -qintsize=4 -q64 -qwarn64 -c psmoo.f
** psmooth   === End of Compilation 1 ===
** psmooth_new   === End of Compilation 2 ===
** psmooth_ice   === End of Compilation 3 ===
** psmooth_dif   === End of Compilation 4 ===
1501-510  Compilation successful for file psmoo.f.
	mpxlf95             -qfixed -O3 -qstrict -qarch=pwr5 -qtune=pwr5 -qcache=auto -qspillsize=32000 -qrealsize=8 -qintsize=4 -q64 -qwarn64 -c restart.f
** restart_in   === End of Compilation 1 ===
** restart_in3d   === End of Compilation 2 ===
** restart_inrw   === End of Compilation 3 ===
** restart_out   === End of Compilation 4 ===
1501-510  Compilation successful for file restart.f.
	mpxlf95             -qfixed -O3 -qstrict -qarch=pwr5 -qtune=pwr5 -qcache=auto -qspillsize=32000 -qrealsize=8 -qintsize=4 -q64 -qwarn64 -c thermf.f
** thermf_oi   === End of Compilation 1 ===
** thermf   === End of Compilation 2 ===
** thermfj   === End of Compilation 3 ===
1501-510  Compilation successful for file thermf.f.
	mpxlf95             -qfixed -O3 -qstrict -qarch=pwr5 -qtune=pwr5 -qcache=auto -qspillsize=32000 -qrealsize=8 -qintsize=4 -q64 -qwarn64 -c trcupd.f
** initrc   === End of Compilation 1 ===
** trcupd   === End of Compilation 2 ===
** trcupd_903   === End of Compilation 3 ===
** trcupd_904   === End of Compilation 4 ===
** pcmtrc   === End of Compilation 5 ===
** plmtrc   === End of Compilation 6 ===
** plmtrcx   === End of Compilation 7 ===
** plmtrcs   === End of Compilation 8 ===
1501-510  Compilation successful for file trcupd.f.
	mpxlf95             -qfixed -O3 -qstrict -qarch=pwr5 -qtune=pwr5 -qcache=auto -qspillsize=32000 -qrealsize=8 -qintsize=4 -q64 -qwarn64 -c tsadvc.f
** mod_advem   === End of Compilation 1 ===
** tsadvc   === End of Compilation 2 ===
1501-510  Compilation successful for file tsadvc.f.
	\rm -f machine.F.f
	/usr/lib/cpp -P -DAIX -DREAL8 -DMPI -DSERIAL_IO -DTIMER machine.F | sed -e '/^ *$/d' > machine.F.f
	mpxlf95 -qfixed -O3 -qstrict -qarch=pwr5 -qtune=pwr5 -qcache=auto -qspillsize=32000 -qrealsize=8 -qintsize=4 -q64 -qwarn64 -c machine.F.f
** machine   === End of Compilation 1 ===
** flush   === End of Compilation 2 ===
1501-510  Compilation successful for file machine.F.f.
	\mv machine.F.o machine.o
	\rm -f machine.F.f
	\rm -f wtime.F.f
	/usr/lib/cpp -P -DAIX -DREAL8 -DMPI -DSERIAL_IO -DTIMER wtime.F | sed -e '/^ *$/d' > wtime.F.f
	mpxlf95 -qfixed -O3 -qstrict -qarch=pwr5 -qtune=pwr5 -qcache=auto -qspillsize=32000 -qrealsize=8 -qintsize=4 -q64 -qwarn64 -c wtime.F.f
** wtime_dummy   === End of Compilation 1 ===
1501-510  Compilation successful for file wtime.F.f.
	\mv wtime.F.o wtime.o
	\rm -f wtime.F.f
	mpcc -DAIX -DREAL8 -DMPI -DSERIAL_IO -DTIMER -q64  -c machi_c.c
	\rm -f isnan.F.f
	/usr/lib/cpp -P -DAIX -DREAL8 -DMPI -DSERIAL_IO -DTIMER isnan.F | sed -e '/^ *$/d' > isnan.F.f
	mpxlf95 -qfixed -O3 -qstrict -qarch=pwr5 -qtune=pwr5 -qcache=auto -qspillsize=32000 -qrealsize=8 -qintsize=4 -q64 -qwarn64 -c isnan.F.f
** hycom_isnaninf   === End of Compilation 1 ===
1501-510  Compilation successful for file isnan.F.f.
	\mv isnan.F.o isnan.o
	\rm -f isnan.F.f
	\rm -f hycom.F.f
	/usr/lib/cpp -P -DAIX -DREAL8 -DMPI -DSERIAL_IO -DTIMER hycom.F | sed -e '/^ *$/d' > hycom.F.f
	mpxlf95 -qfixed -O3 -qstrict -qarch=pwr5 -qtune=pwr5 -qcache=auto -qspillsize=32000 -qrealsize=8 -qintsize=4 -q64 -qwarn64 -c hycom.F.f
** hycom   === End of Compilation 1 ===
1501-510  Compilation successful for file hycom.F.f.
	\mv hycom.F.o hycom.o
	\rm -f hycom.F.f
	mpxlf95  -qfixed -O3 -qstrict -qarch=pwr5 -qtune=pwr5 -qcache=auto -qspillsize=32000 -qrealsize=8 -qintsize=4 -q64 -qwarn64 -b64 -o hycom  hycom.o mod_dimensions.o mod_xc.o mod_za.o mod_pipe.o mod_incupd.o mod_floats.o mod_tides.o mod_mean.o mod_hycom.o archiv.o barotp.o  bigrid.o blkdat.o  cnuity.o convec.o  diapfl.o dpthuv.o  dpudpv.o forfun.o  geopar.o hybgen.o  icloan.o inicon.o inigiss.o inikpp.o   inimy.o latbdy.o  matinv.o momtum.o  mxkprf.o  mxkrt.o  mxkrtm.o  mxpwp.o  overtn.o poflat.o  prtmsk.o  psmoo.o restart.o  thermf.o trcupd.o  tsadvc.o   machine.o  wtime.o machi_c.o  isnan.o -lmass
