This file contains any messages produced by compilers while
running configure, to aid debugging if configure makes a mistake.

It was created by PROJ.4 Projections configure 4.7.0, which was
generated by GNU Autoconf 2.61.  Invocation command line was

  $ ./configure --prefix=/gpfs/td1/emc/marine/save/Avichal.Mehra/net3.6_rtofs_cdo-1.4.0.1.fd/proj-4.7.0 --without-mutex --without-jni --disable-shared SCC=icc CXX=icc SFC=ifort FFLAGS=-convert LITTLE_ENDIAN

## --------- ##
## Platform. ##
## --------- ##

hostname = t14a1
uname -m = x86_64
uname -r = 2.6.32-279.25.2.el6.x86_64
uname -s = Linux
uname -v = #1 SMP Tue May 14 16:19:07 EDT 2013

/usr/bin/uname -p = unknown
/bin/uname -X     = unknown

/bin/arch              = x86_64
/usr/bin/arch -k       = unknown
/usr/convex/getsysinfo = unknown
/usr/bin/hostinfo      = unknown
/bin/machine           = unknown
/usr/bin/oslevel       = unknown
/bin/universe          = unknown

PATH: /usrx/local/GrADS/2.0.2/bin
PATH: /usrx/local/hpss
PATH: /usrx/local/NetCDF/3.6.3/bin
PATH: /usrx/local/HDF5/1.8.9/serial/bin
PATH: /usrx/local/lsf/9.1/linux2.6-glibc2.3-x86_64/etc
PATH: /usrx/local/lsf/9.1/linux2.6-glibc2.3-x86_64/bin
PATH: /usrx/local/intel/icsxe/2012.0.032/bin
PATH: /usrx/local/intel/vtune_amplifier_xe_2011/bin64
PATH: /usrx/local/intel/inspector_xe_2011/bin64
PATH: /usrx/local/intel/itac/8.0.3.007/bin
PATH: /usrx/local/intel/impi/4.0.3.008/intel64/bin
PATH: /usrx/local/intel/composer_xe_2011_sp1.11.339/bin/intel64
PATH: /usr/lib64/qt-3.3/bin
PATH: /usr/local/bin
PATH: /bin
PATH: /usr/bin
PATH: /usr/local/sbin
PATH: /usr/sbin
PATH: /sbin
PATH: /opt/ibutils/bin
PATH: /usrx/local/intel/composer_xe_2011_sp1.11.339/mpirt/bin/intel64
PATH: /u/Avichal.Mehra/bin


## ----------- ##
## Core tests. ##
## ----------- ##

configure:1995: checking for a BSD-compatible install
configure:2051: result: /usr/bin/install -c
configure:2062: checking whether build environment is sane
configure:2105: result: yes
configure:2133: checking for a thread-safe mkdir -p
configure:2172: result: /bin/mkdir -p
configure:2185: checking for gawk
configure:2201: found /bin/gawk
configure:2212: result: gawk
configure:2223: checking whether make sets $(MAKE)
configure:2244: result: yes
configure:2432: checking whether to enable maintainer-specific portions of Makefiles
configure:2441: result: no
configure:2505: checking for gcc
configure:2521: found /usr/bin/gcc
configure:2532: result: gcc
configure:2770: checking for C compiler version
configure:2777: gcc --version >&5
gcc (GCC) 4.4.6 20120305 (Red Hat 4.4.6-4)
Copyright (C) 2010 Free Software Foundation, Inc.
This is free software; see the source for copying conditions.  There is NO
warranty; not even for MERCHANTABILITY or FITNESS FOR A PARTICULAR PURPOSE.

configure:2780: $? = 0
configure:2787: gcc -v >&5
Using built-in specs.
Target: x86_64-redhat-linux
Configured with: ../configure --prefix=/usr --mandir=/usr/share/man --infodir=/usr/share/info --with-bugurl=http://bugzilla.redhat.com/bugzilla --enable-bootstrap --enable-shared --enable-threads=posix --enable-checking=release --with-system-zlib --enable-__cxa_atexit --disable-libunwind-exceptions --enable-gnu-unique-object --enable-languages=c,c++,objc,obj-c++,java,fortran,ada --enable-java-awt=gtk --disable-dssi --with-java-home=/usr/lib/jvm/java-1.5.0-gcj-1.5.0.0/jre --enable-libgcj-multifile --enable-java-maintainer-mode --with-ecj-jar=/usr/share/java/eclipse-ecj.jar --disable-libjava-multilib --with-ppl --with-cloog --with-tune=generic --with-arch_32=i686 --build=x86_64-redhat-linux
Thread model: posix
gcc version 4.4.6 20120305 (Red Hat 4.4.6-4) (GCC) 
configure:2790: $? = 0
configure:2797: gcc -V >&5
gcc: '-V' option must have argument
configure:2800: $? = 1
configure:2823: checking for C compiler default output file name
configure:2850: gcc    conftest.c  >&5
configure:2853: $? = 0
configure:2891: result: a.out
configure:2908: checking whether the C compiler works
configure:2918: ./a.out
configure:2921: $? = 0
configure:2938: result: yes
configure:2945: checking whether we are cross compiling
configure:2947: result: no
configure:2950: checking for suffix of executables
configure:2957: gcc -o conftest    conftest.c  >&5
configure:2960: $? = 0
configure:2984: result: 
configure:2990: checking for suffix of object files
configure:3016: gcc -c   conftest.c >&5
configure:3019: $? = 0
configure:3042: result: o
configure:3046: checking whether we are using the GNU C compiler
configure:3075: gcc -c   conftest.c >&5
configure:3081: $? = 0
configure:3098: result: yes
configure:3103: checking whether gcc accepts -g
configure:3133: gcc -c -g  conftest.c >&5
configure:3139: $? = 0
configure:3238: result: yes
configure:3255: checking for gcc option to accept ISO C89
configure:3329: gcc  -c -g -O2  conftest.c >&5
configure:3335: $? = 0
configure:3358: result: none needed
configure:3387: checking for style of include used by make
configure:3415: result: GNU
configure:3440: checking dependency style of gcc
configure:3531: result: gcc3
configure:3559: checking for a BSD-compatible install
configure:3615: result: /usr/bin/install -c
configure:3626: checking whether ln -s works
configure:3630: result: yes
configure:3637: checking whether make sets $(MAKE)
configure:3658: result: yes
configure:3745: checking build system type
configure:3763: result: x86_64-unknown-linux-gnu
configure:3785: checking host system type
configure:3800: result: x86_64-unknown-linux-gnu
configure:3822: checking for a sed that does not truncate output
configure:3878: result: /bin/sed
configure:3881: checking for grep that handles long lines and -e
configure:3955: result: /bin/grep
configure:3960: checking for egrep
configure:4038: result: /bin/grep -E
configure:4054: checking for ld used by gcc
configure:4121: result: /usr/bin/ld
configure:4130: checking if the linker (/usr/bin/ld) is GNU ld
configure:4145: result: yes
configure:4150: checking for /usr/bin/ld option to reload object files
configure:4157: result: -r
configure:4175: checking for BSD-compatible nm
configure:4224: result: /usr/bin/nm -B
configure:4228: checking how to recognize dependent libraries
configure:4414: result: pass_all
configure:4503: gcc -c -g -O2  conftest.c >&5
configure:4506: $? = 0
configure:4655: checking how to run the C preprocessor
configure:4695: gcc -E  conftest.c
configure:4701: $? = 0
configure:4732: gcc -E  conftest.c
conftest.c:10:28: error: ac_nonexistent.h: No such file or directory
configure:4738: $? = 1
configure: failed program was:
| /* confdefs.h.  */
| #define PACKAGE_NAME "PROJ.4 Projections"
| #define PACKAGE_TARNAME "proj"
| #define PACKAGE_VERSION "4.7.0"
| #define PACKAGE_STRING "PROJ.4 Projections 4.7.0"
| #define PACKAGE_BUGREPORT "warmerdam@pobox.com"
| #define PACKAGE "proj"
| #define VERSION "4.7.0"
| /* end confdefs.h.  */
| #include <ac_nonexistent.h>
configure:4771: result: gcc -E
configure:4800: gcc -E  conftest.c
configure:4806: $? = 0
configure:4837: gcc -E  conftest.c
conftest.c:10:28: error: ac_nonexistent.h: No such file or directory
configure:4843: $? = 1
configure: failed program was:
| /* confdefs.h.  */
| #define PACKAGE_NAME "PROJ.4 Projections"
| #define PACKAGE_TARNAME "proj"
| #define PACKAGE_VERSION "4.7.0"
| #define PACKAGE_STRING "PROJ.4 Projections 4.7.0"
| #define PACKAGE_BUGREPORT "warmerdam@pobox.com"
| #define PACKAGE "proj"
| #define VERSION "4.7.0"
| /* end confdefs.h.  */
| #include <ac_nonexistent.h>
configure:4881: checking for ANSI C header files
configure:4911: gcc -c -g -O2  conftest.c >&5
configure:4917: $? = 0
configure:5016: gcc -o conftest -g -O2   conftest.c  >&5
configure:5019: $? = 0
configure:5025: ./conftest
configure:5028: $? = 0
configure:5045: result: yes
configure:5069: checking for sys/types.h
configure:5090: gcc -c -g -O2  conftest.c >&5
configure:5096: $? = 0
configure:5112: result: yes
configure:5069: checking for sys/stat.h
configure:5090: gcc -c -g -O2  conftest.c >&5
configure:5096: $? = 0
configure:5112: result: yes
configure:5069: checking for stdlib.h
configure:5090: gcc -c -g -O2  conftest.c >&5
configure:5096: $? = 0
configure:5112: result: yes
configure:5069: checking for string.h
configure:5090: gcc -c -g -O2  conftest.c >&5
configure:5096: $? = 0
configure:5112: result: yes
configure:5069: checking for memory.h
configure:5090: gcc -c -g -O2  conftest.c >&5
configure:5096: $? = 0
configure:5112: result: yes
configure:5069: checking for strings.h
configure:5090: gcc -c -g -O2  conftest.c >&5
configure:5096: $? = 0
configure:5112: result: yes
configure:5069: checking for inttypes.h
configure:5090: gcc -c -g -O2  conftest.c >&5
configure:5096: $? = 0
configure:5112: result: yes
configure:5069: checking for stdint.h
configure:5090: gcc -c -g -O2  conftest.c >&5
configure:5096: $? = 0
configure:5112: result: yes
configure:5069: checking for unistd.h
configure:5090: gcc -c -g -O2  conftest.c >&5
configure:5096: $? = 0
configure:5112: result: yes
configure:5139: checking dlfcn.h usability
configure:5156: gcc -c -g -O2  conftest.c >&5
configure:5162: $? = 0
configure:5176: result: yes
configure:5180: checking dlfcn.h presence
configure:5195: gcc -E  conftest.c
configure:5201: $? = 0
configure:5215: result: yes
configure:5248: checking for dlfcn.h
configure:5256: result: yes
configure:5385: checking for C++ compiler version
configure:5392: icc --version >&5
icc (ICC) 12.1.5 20120612
Copyright (C) 1985-2012 Intel Corporation.  All rights reserved.

configure:5395: $? = 0
configure:5402: icc -v >&5
icc version 12.1.5 (gcc version 4.4.6 compatibility)
configure:5405: $? = 0
configure:5412: icc -V >&5
Intel(R) C Intel(R) 64 Compiler XE for applications running on Intel(R) 64, Version 12.1.5.339 Build 20120612
Copyright (C) 1985-2012 Intel Corporation.  All rights reserved.

configure:5415: $? = 0
configure:5418: checking whether we are using the GNU C++ compiler
configure:5447: icc -c   conftest.cpp >&5
configure:5453: $? = 0
configure:5470: result: yes
configure:5475: checking whether icc accepts -g
configure:5505: icc -c -g  conftest.cpp >&5
configure:5511: $? = 0
configure:5610: result: yes
configure:5635: checking dependency style of icc
configure:5726: result: gcc3
configure:5751: checking how to run the C++ preprocessor
configure:5787: icc -E  conftest.cpp
configure:5793: $? = 0
configure:5824: icc -E  conftest.cpp
conftest.cpp(21): error #2379: cannot open source file "ac_nonexistent.h"
  #include <ac_nonexistent.h>
                             ^

configure:5830: $? = 2
configure: failed program was:
| /* confdefs.h.  */
| #define PACKAGE_NAME "PROJ.4 Projections"
| #define PACKAGE_TARNAME "proj"
| #define PACKAGE_VERSION "4.7.0"
| #define PACKAGE_STRING "PROJ.4 Projections 4.7.0"
| #define PACKAGE_BUGREPORT "warmerdam@pobox.com"
| #define PACKAGE "proj"
| #define VERSION "4.7.0"
| #define STDC_HEADERS 1
| #define HAVE_SYS_TYPES_H 1
| #define HAVE_SYS_STAT_H 1
| #define HAVE_STDLIB_H 1
| #define HAVE_STRING_H 1
| #define HAVE_MEMORY_H 1
| #define HAVE_STRINGS_H 1
| #define HAVE_INTTYPES_H 1
| #define HAVE_STDINT_H 1
| #define HAVE_UNISTD_H 1
| #define HAVE_DLFCN_H 1
| /* end confdefs.h.  */
| #include <ac_nonexistent.h>
configure:5863: result: icc -E
configure:5892: icc -E  conftest.cpp
configure:5898: $? = 0
configure:5929: icc -E  conftest.cpp
conftest.cpp(21): error #2379: cannot open source file "ac_nonexistent.h"
  #include <ac_nonexistent.h>
                             ^

configure:5935: $? = 2
configure: failed program was:
| /* confdefs.h.  */
| #define PACKAGE_NAME "PROJ.4 Projections"
| #define PACKAGE_TARNAME "proj"
| #define PACKAGE_VERSION "4.7.0"
| #define PACKAGE_STRING "PROJ.4 Projections 4.7.0"
| #define PACKAGE_BUGREPORT "warmerdam@pobox.com"
| #define PACKAGE "proj"
| #define VERSION "4.7.0"
| #define STDC_HEADERS 1
| #define HAVE_SYS_TYPES_H 1
| #define HAVE_SYS_STAT_H 1
| #define HAVE_STDLIB_H 1
| #define HAVE_STRING_H 1
| #define HAVE_MEMORY_H 1
| #define HAVE_STRINGS_H 1
| #define HAVE_INTTYPES_H 1
| #define HAVE_STDINT_H 1
| #define HAVE_UNISTD_H 1
| #define HAVE_DLFCN_H 1
| /* end confdefs.h.  */
| #include <ac_nonexistent.h>
configure:6028: checking for g77
configure:6058: result: no
configure:6028: checking for xlf
configure:6058: result: no
configure:6028: checking for f77
configure:6058: result: no
configure:6028: checking for frt
configure:6058: result: no
configure:6028: checking for pgf77
configure:6058: result: no
configure:6028: checking for cf77
configure:6058: result: no
configure:6028: checking for fort77
configure:6058: result: no
configure:6028: checking for fl32
configure:6058: result: no
configure:6028: checking for af77
configure:6058: result: no
configure:6028: checking for xlf90
configure:6058: result: no
configure:6028: checking for f90
configure:6058: result: no
configure:6028: checking for pgf90
configure:6058: result: no
configure:6028: checking for pghpf
configure:6058: result: no
configure:6028: checking for epcf90
configure:6058: result: no
configure:6028: checking for gfortran
configure:6044: found /usr/bin/gfortran
configure:6055: result: gfortran
configure:6085: checking for Fortran 77 compiler version
configure:6092: gfortran --version >&5
GNU Fortran (GCC) 4.4.6 20120305 (Red Hat 4.4.6-4)
Copyright (C) 2010 Free Software Foundation, Inc.

GNU Fortran comes with NO WARRANTY, to the extent permitted by law.
You may redistribute copies of GNU Fortran
under the terms of the GNU General Public License.
For more information about these matters, see the file named COPYING

configure:6095: $? = 0
configure:6102: gfortran -v >&5
Using built-in specs.
Target: x86_64-redhat-linux
Configured with: ../configure --prefix=/usr --mandir=/usr/share/man --infodir=/usr/share/info --with-bugurl=http://bugzilla.redhat.com/bugzilla --enable-bootstrap --enable-shared --enable-threads=posix --enable-checking=release --with-system-zlib --enable-__cxa_atexit --disable-libunwind-exceptions --enable-gnu-unique-object --enable-languages=c,c++,objc,obj-c++,java,fortran,ada --enable-java-awt=gtk --disable-dssi --with-java-home=/usr/lib/jvm/java-1.5.0-gcj-1.5.0.0/jre --enable-libgcj-multifile --enable-java-maintainer-mode --with-ecj-jar=/usr/share/java/eclipse-ecj.jar --disable-libjava-multilib --with-ppl --with-cloog --with-tune=generic --with-arch_32=i686 --build=x86_64-redhat-linux
Thread model: posix
gcc version 4.4.6 20120305 (Red Hat 4.4.6-4) (GCC) 
configure:6105: $? = 0
configure:6112: gfortran -V >&5
gfortran: '-V' option must have argument
configure:6115: $? = 1
configure:6123: checking whether we are using the GNU Fortran 77 compiler
configure:6142: gfortran -c -convert LITTLE_ENDIAN conftest.F >&5
gfortran: LITTLE_ENDIAN: No such file or directory
gfortran: unrecognized option '-convert'
configure:6148: $? = 1
configure: failed program was:
|       program main
| #ifndef __GNUC__
|        choke me
| #endif
| 
|       end
configure:6165: result: no
configure:6171: checking whether gfortran accepts -g
configure:6188: gfortran -c -g conftest.f >&5
configure:6194: $? = 0
configure:6210: result: yes
configure:6240: checking the maximum length of command line arguments
configure:6352: result: 3458764513820540925
configure:6364: checking command to parse /usr/bin/nm -B output from gcc object
configure:6469: gcc -c -g -O2  conftest.c >&5
configure:6472: $? = 0
configure:6476: /usr/bin/nm -B conftest.o \| sed -n -e 's/^.*[ 	]\([ABCDGIRSTW][ABCDGIRSTW]*\)[ 	][ 	]*\([_A-Za-z][_A-Za-z0-9]*\)$/\1 \2 \2/p' \> conftest.nm
configure:6479: $? = 0
configure:6531: gcc -o conftest -g -O2   conftest.c conftstm.o >&5
configure:6534: $? = 0
configure:6572: result: ok
configure:6576: checking for objdir
configure:6591: result: .libs
configure:6683: checking for ar
configure:6699: found /usr/bin/ar
configure:6710: result: ar
configure:6779: checking for ranlib
configure:6795: found /usr/bin/ranlib
configure:6806: result: ranlib
configure:6875: checking for strip
configure:6891: found /usr/bin/strip
configure:6902: result: strip
configure:7188: checking if gcc supports -fno-rtti -fno-exceptions
configure:7206: gcc -c -g -O2  -fno-rtti -fno-exceptions conftest.c >&5
cc1: warning: command line option "-fno-rtti" is valid for C++/ObjC++ but not for C
configure:7210: $? = 0
configure:7223: result: no
configure:7238: checking for gcc option to produce PIC
configure:7470: result: -fPIC
configure:7478: checking if gcc PIC flag -fPIC works
configure:7496: gcc -c -g -O2  -fPIC -DPIC conftest.c >&5
configure:7500: $? = 0
configure:7513: result: yes
configure:7541: checking if gcc static flag -static works
configure:7569: result: no
configure:7579: checking if gcc supports -c -o file.o
configure:7600: gcc -c -g -O2  -o out/conftest2.o conftest.c >&5
configure:7604: $? = 0
configure:7626: result: yes
configure:7652: checking whether the gcc linker (/usr/bin/ld -m elf_x86_64) supports shared libraries
configure:8633: result: yes
configure:8700: checking dynamic linker characteristics
configure:9314: result: GNU/Linux ld.so
configure:9323: checking how to hardcode library paths into programs
configure:9348: result: immediate
configure:9362: checking whether stripping libraries is possible
configure:9367: result: yes
configure:10169: checking if libtool supports shared libraries
configure:10171: result: yes
configure:10174: checking whether to build shared libraries
configure:10195: result: no
configure:10198: checking whether to build static libraries
configure:10202: result: yes
configure:10295: creating libtool
configure:10883: checking for ld used by icc
configure:10950: result: /usr/bin/ld -m elf_x86_64
configure:10959: checking if the linker (/usr/bin/ld -m elf_x86_64) is GNU ld
configure:10974: result: yes
configure:11025: checking whether the icc linker (/usr/bin/ld -m elf_x86_64) supports shared libraries
configure:11999: result: yes
configure:12017: icc -c -g -O2  conftest.cpp >&5
configure:12020: $? = 0
configure:12172: checking for icc option to produce PIC
configure:12456: result: -fPIC
configure:12464: checking if icc PIC flag -fPIC works
configure:12482: icc -c -g -O2  -fPIC -DPIC conftest.cpp >&5
configure:12486: $? = 0
configure:12499: result: yes
configure:12527: checking if icc static flag -static works
configure:12555: result: no
configure:12565: checking if icc supports -c -o file.o
configure:12586: icc -c -g -O2  -o out/conftest2.o conftest.cpp >&5
configure:12590: $? = 0
configure:12612: result: yes
configure:12638: checking whether the icc linker (/usr/bin/ld -m elf_x86_64) supports shared libraries
configure:12666: result: yes
configure:12733: checking dynamic linker characteristics
configure:13295: result: GNU/Linux ld.so
configure:13304: checking how to hardcode library paths into programs
configure:13329: result: immediate
configure:13863: checking if libtool supports shared libraries
configure:13865: result: yes
configure:13868: checking whether to build shared libraries
configure:13888: result: no
configure:13891: checking whether to build static libraries
configure:13895: result: yes
configure:13905: checking for gfortran option to produce PIC
configure:14137: result: -fPIC
configure:14145: checking if gfortran PIC flag -fPIC works
configure:14163: gfortran -c -convert LITTLE_ENDIAN -fPIC conftest.f >&5
gfortran: LITTLE_ENDIAN: No such file or directory
gfortran: unrecognized option '-convert'
configure:14167: $? = 1
configure:14180: result: no
configure:14208: checking if gfortran static flag -static works
configure:14236: result: no
configure:14246: checking if gfortran supports -c -o file.o
configure:14267: gfortran -c -convert LITTLE_ENDIAN -o out/conftest2.o conftest.f >&5
gfortran: LITTLE_ENDIAN: No such file or directory
gfortran: unrecognized option '-convert'
configure:14271: $? = 1
configure:14293: result: no
configure:14319: checking whether the gfortran linker (/usr/bin/ld -m elf_x86_64) supports shared libraries
configure:15280: result: yes
configure:15347: checking dynamic linker characteristics
configure:15909: result: GNU/Linux ld.so
configure:15918: checking how to hardcode library paths into programs
configure:15943: result: immediate
configure:19528: checking for exp in -lm
configure:19563: gcc -o conftest -g -O2   conftest.c -lm   >&5
conftest.c:28: warning: conflicting types for built-in function 'exp'
configure:19569: $? = 0
configure:19587: result: yes
configure:19599: checking for ANSI C header files
configure:19763: result: yes
configure:19985: checking whether to enable Java/JNI support
configure:19988: result: disabled
configure:20003: checking for mutexes
configure:20011: result: disabled by user
configure:20148: creating ./config.status

## ---------------------- ##
## Running config.status. ##
## ---------------------- ##

This file was extended by PROJ.4 Projections config.status 4.7.0, which was
generated by GNU Autoconf 2.61.  Invocation command line was

  CONFIG_FILES    = 
  CONFIG_HEADERS  = 
  CONFIG_LINKS    = 
  CONFIG_COMMANDS = 
  $ ./config.status 

on t14a1

config.status:675: creating Makefile
config.status:675: creating src/Makefile
config.status:675: creating man/Makefile
config.status:675: creating man/man1/Makefile
config.status:675: creating man/man3/Makefile
config.status:675: creating nad/Makefile
config.status:675: creating jniwrap/Makefile
config.status:675: creating jniwrap/org/Makefile
config.status:675: creating jniwrap/org/proj4/Makefile
config.status:675: creating src/proj_config.h
config.status:950: executing depfiles commands

## ---------------- ##
## Cache variables. ##
## ---------------- ##

ac_cv_build=x86_64-unknown-linux-gnu
ac_cv_c_compiler_gnu=yes
ac_cv_cxx_compiler_gnu=yes
ac_cv_env_CCC_set=
ac_cv_env_CCC_value=
ac_cv_env_CC_set=
ac_cv_env_CC_value=
ac_cv_env_CFLAGS_set=
ac_cv_env_CFLAGS_value=
ac_cv_env_CPPFLAGS_set=
ac_cv_env_CPPFLAGS_value=
ac_cv_env_CPP_set=
ac_cv_env_CPP_value=
ac_cv_env_CXXCPP_set=
ac_cv_env_CXXCPP_value=
ac_cv_env_CXXFLAGS_set=
ac_cv_env_CXXFLAGS_value=
ac_cv_env_CXX_set=set
ac_cv_env_CXX_value=icc
ac_cv_env_F77_set=
ac_cv_env_F77_value=
ac_cv_env_FFLAGS_set=set
ac_cv_env_FFLAGS_value='-convert LITTLE_ENDIAN'
ac_cv_env_LDFLAGS_set=
ac_cv_env_LDFLAGS_value=
ac_cv_env_LIBS_set=
ac_cv_env_LIBS_value=
ac_cv_env_build_alias_set=
ac_cv_env_build_alias_value=
ac_cv_env_host_alias_set=
ac_cv_env_host_alias_value=
ac_cv_env_target_alias_set=
ac_cv_env_target_alias_value=
ac_cv_f77_compiler_gnu=no
ac_cv_header_dlfcn_h=yes
ac_cv_header_inttypes_h=yes
ac_cv_header_memory_h=yes
ac_cv_header_stdc=yes
ac_cv_header_stdint_h=yes
ac_cv_header_stdlib_h=yes
ac_cv_header_string_h=yes
ac_cv_header_strings_h=yes
ac_cv_header_sys_stat_h=yes
ac_cv_header_sys_types_h=yes
ac_cv_header_unistd_h=yes
ac_cv_host=x86_64-unknown-linux-gnu
ac_cv_lib_m_exp=yes
ac_cv_objext=o
ac_cv_path_EGREP='/bin/grep -E'
ac_cv_path_GREP=/bin/grep
ac_cv_path_install='/usr/bin/install -c'
ac_cv_path_mkdir=/bin/mkdir
ac_cv_prog_AWK=gawk
ac_cv_prog_CPP='gcc -E'
ac_cv_prog_CXXCPP='icc -E'
ac_cv_prog_ac_ct_AR=ar
ac_cv_prog_ac_ct_CC=gcc
ac_cv_prog_ac_ct_F77=gfortran
ac_cv_prog_ac_ct_RANLIB=ranlib
ac_cv_prog_ac_ct_STRIP=strip
ac_cv_prog_cc_c89=
ac_cv_prog_cc_g=yes
ac_cv_prog_cxx_g=yes
ac_cv_prog_f77_g=yes
ac_cv_prog_make_make_set=yes
am_cv_CC_dependencies_compiler_type=gcc3
am_cv_CXX_dependencies_compiler_type=gcc3
lt_cv_deplibs_check_method=pass_all
lt_cv_file_magic_cmd='$MAGIC_CMD'
lt_cv_file_magic_test_file=
lt_cv_ld_reload_flag=-r
lt_cv_objdir=.libs
lt_cv_path_LD=/usr/bin/ld
lt_cv_path_LDCXX='/usr/bin/ld -m elf_x86_64'
lt_cv_path_NM='/usr/bin/nm -B'
lt_cv_path_SED=/bin/sed
lt_cv_prog_compiler_c_o=yes
lt_cv_prog_compiler_c_o_CXX=yes
lt_cv_prog_compiler_c_o_F77=no
lt_cv_prog_compiler_rtti_exceptions=no
lt_cv_prog_gnu_ld=yes
lt_cv_prog_gnu_ldcxx=yes
lt_cv_sys_global_symbol_pipe='sed -n -e '\''s/^.*[ 	]\([ABCDGIRSTW][ABCDGIRSTW]*\)[ 	][ 	]*\([_A-Za-z][_A-Za-z0-9]*\)$/\1 \2 \2/p'\'''
lt_cv_sys_global_symbol_to_c_name_address='sed -n -e '\''s/^: \([^ ]*\) $/  {\"\1\", (lt_ptr) 0},/p'\'' -e '\''s/^[BCDEGRST] \([^ ]*\) \([^ ]*\)$/  {"\2", (lt_ptr) \&\2},/p'\'''
lt_cv_sys_global_symbol_to_cdecl='sed -n -e '\''s/^. .* \(.*\)$/extern int \1;/p'\'''
lt_cv_sys_max_cmd_len=3458764513820540925
lt_lt_cv_prog_compiler_c_o='"yes"'
lt_lt_cv_prog_compiler_c_o_CXX='"yes"'
lt_lt_cv_prog_compiler_c_o_F77='"no"'
lt_lt_cv_sys_global_symbol_pipe='"sed -n -e '\''s/^.*[ 	]\\([ABCDGIRSTW][ABCDGIRSTW]*\\)[ 	][ 	]*\\([_A-Za-z][_A-Za-z0-9]*\\)\$/\\1 \\2 \\2/p'\''"'
lt_lt_cv_sys_global_symbol_to_c_name_address='"sed -n -e '\''s/^: \\([^ ]*\\) \$/  {\\\"\\1\\\", (lt_ptr) 0},/p'\'' -e '\''s/^[BCDEGRST] \\([^ ]*\\) \\([^ ]*\\)\$/  {\"\\2\", (lt_ptr) \\&\\2},/p'\''"'
lt_lt_cv_sys_global_symbol_to_cdecl='"sed -n -e '\''s/^. .* \\(.*\\)\$/extern int \\1;/p'\''"'

## ----------------- ##
## Output variables. ##
## ----------------- ##

ACLOCAL='${SHELL} /gpfs/td1/emc/marine/save/Avichal.Mehra/net3.6_rtofs_cdo-1.4.0.1.fd/proj-4.7.0/missing --run aclocal-1.10'
AMDEPBACKSLASH='\'
AMDEP_FALSE='#'
AMDEP_TRUE=''
AMTAR='${SHELL} /gpfs/td1/emc/marine/save/Avichal.Mehra/net3.6_rtofs_cdo-1.4.0.1.fd/proj-4.7.0/missing --run tar'
AR='ar'
AUTOCONF='${SHELL} /gpfs/td1/emc/marine/save/Avichal.Mehra/net3.6_rtofs_cdo-1.4.0.1.fd/proj-4.7.0/missing --run autoconf'
AUTOHEADER='${SHELL} /gpfs/td1/emc/marine/save/Avichal.Mehra/net3.6_rtofs_cdo-1.4.0.1.fd/proj-4.7.0/missing --run autoheader'
AUTOMAKE='${SHELL} /gpfs/td1/emc/marine/save/Avichal.Mehra/net3.6_rtofs_cdo-1.4.0.1.fd/proj-4.7.0/missing --run automake-1.10'
AWK='gawk'
CC='gcc'
CCDEPMODE='depmode=gcc3'
CFLAGS='-g -O2'
CPP='gcc -E'
CPPFLAGS=''
CXX='icc'
CXXCPP='icc -E'
CXXDEPMODE='depmode=gcc3'
CXXFLAGS='-g -O2'
CYGPATH_W='echo'
DEFS='-DHAVE_CONFIG_H'
DEPDIR='.deps'
ECHO='echo'
ECHO_C=''
ECHO_N='-n'
ECHO_T=''
EGREP='/bin/grep -E'
EXEEXT=''
F77='gfortran'
FFLAGS='-convert LITTLE_ENDIAN'
GREP='/bin/grep'
INSTALL_DATA='${INSTALL} -m 644'
INSTALL_PROGRAM='${INSTALL}'
INSTALL_SCRIPT='${INSTALL}'
INSTALL_STRIP_PROGRAM='$(install_sh) -c -s'
JNI_INCLUDE=''
LDFLAGS=''
LIBOBJS=''
LIBS='-lm '
LIBTOOL='$(SHELL) $(top_builddir)/libtool'
LN_S='ln -s'
LTLIBOBJS=''
MAINT='#'
MAINTAINER_MODE_FALSE=''
MAINTAINER_MODE_TRUE='#'
MAKEINFO='${SHELL} /gpfs/td1/emc/marine/save/Avichal.Mehra/net3.6_rtofs_cdo-1.4.0.1.fd/proj-4.7.0/missing --run makeinfo'
MUTEX_SETTING='stub'
OBJEXT='o'
PACKAGE='proj'
PACKAGE_BUGREPORT='warmerdam@pobox.com'
PACKAGE_NAME='PROJ.4 Projections'
PACKAGE_STRING='PROJ.4 Projections 4.7.0'
PACKAGE_TARNAME='proj'
PACKAGE_VERSION='4.7.0'
PATH_SEPARATOR=':'
RANLIB='ranlib'
SED='/bin/sed'
SET_MAKE=''
SHELL='/bin/sh'
STRIP='strip'
VERSION='4.7.0'
ac_ct_CC='gcc'
ac_ct_CXX=''
ac_ct_F77='gfortran'
am__fastdepCC_FALSE='#'
am__fastdepCC_TRUE=''
am__fastdepCXX_FALSE='#'
am__fastdepCXX_TRUE=''
am__include='include'
am__isrc=''
am__leading_dot='.'
am__quote=''
am__tar='${AMTAR} chof - "$$tardir"'
am__untar='${AMTAR} xf -'
bindir='${exec_prefix}/bin'
build='x86_64-unknown-linux-gnu'
build_alias=''
build_cpu='x86_64'
build_os='linux-gnu'
build_vendor='unknown'
datadir='${datarootdir}'
datarootdir='${prefix}/share'
docdir='${datarootdir}/doc/${PACKAGE_TARNAME}'
dvidir='${docdir}'
exec_prefix='${prefix}'
host='x86_64-unknown-linux-gnu'
host_alias=''
host_cpu='x86_64'
host_os='linux-gnu'
host_vendor='unknown'
htmldir='${docdir}'
includedir='${prefix}/include'
infodir='${datarootdir}/info'
install_sh='$(SHELL) /gpfs/td1/emc/marine/save/Avichal.Mehra/net3.6_rtofs_cdo-1.4.0.1.fd/proj-4.7.0/install-sh'
libdir='${exec_prefix}/lib'
libexecdir='${exec_prefix}/libexec'
localedir='${datarootdir}/locale'
localstatedir='${prefix}/var'
mandir='${datarootdir}/man'
mkdir_p='/bin/mkdir -p'
oldincludedir='/usr/include'
pdfdir='${docdir}'
prefix='/gpfs/td1/emc/marine/save/Avichal.Mehra/net3.6_rtofs_cdo-1.4.0.1.fd/proj-4.7.0'
program_transform_name='s,x,x,'
psdir='${docdir}'
sbindir='${exec_prefix}/sbin'
sharedstatedir='${prefix}/com'
sysconfdir='${prefix}/etc'
target_alias=''

## ----------- ##
## confdefs.h. ##
## ----------- ##

#define PACKAGE_NAME "PROJ.4 Projections"
#define PACKAGE_TARNAME "proj"
#define PACKAGE_VERSION "4.7.0"
#define PACKAGE_STRING "PROJ.4 Projections 4.7.0"
#define PACKAGE_BUGREPORT "warmerdam@pobox.com"
#define PACKAGE "proj"
#define VERSION "4.7.0"
#define STDC_HEADERS 1
#define HAVE_SYS_TYPES_H 1
#define HAVE_SYS_STAT_H 1
#define HAVE_STDLIB_H 1
#define HAVE_STRING_H 1
#define HAVE_MEMORY_H 1
#define HAVE_STRINGS_H 1
#define HAVE_INTTYPES_H 1
#define HAVE_STDINT_H 1
#define HAVE_UNISTD_H 1
#define HAVE_DLFCN_H 1
#define HAVE_LIBM 1
#define STDC_HEADERS 1

configure: exit 0
