cd ~/hycom/GLBb0.08/forcing-1.1.0/hycom2raw8
setenv OS `uname`
uname
if ( Linux == Linux ) then
if ( `uname -m` == x86_64 ) then
uname -m
setenv OS Linux64
endif
setenv OS LinuxICE
endif
switch ( LinuxICE )
setenv FC ifort
setenv FFLAGS -g -O3 -fp-model source -convert big_endian  -assume byterecl -mcmodel=medium -fPIC
setenv FLIBS -shared-intel
setenv CC icc
setenv CFLAGS -O -mcmodel=medium -fPIC
breaksw
rm -f parse.o hycom_endian_io.o hycom2raw8_linuxICE hycom2raw8
ifort -g -O3 -fp-model source -convert big_endian -assume byterecl -mcmodel=medium -fPIC -c hycom_endian_io.F
icc -O -mcmodel=medium -fPIC -c parse.c
foreach f ( hycom2raw8 )
ifort -g -O3 -fp-model source -convert big_endian -assume byterecl -mcmodel=medium -fPIC hycom2raw8.F -shared-intel hycom_endian_io.o parse.o -o hycom2raw8_LinuxICE
ln -s hycom2raw8_LinuxICE hycom2raw8
